<?xml version="1.0" encoding="UTF-8"?>
<coverage generated="1720079512763" clover="3.2.0">
  <project timestamp="1720079512764" name="All files">
    <metrics statements="753" coveredstatements="511" conditionals="465" coveredconditionals="184" methods="152" coveredmethods="67" elements="1370" coveredelements="762" complexity="0" loc="753" ncloc="753" packages="45" files="52" classes="52"/>
    <package name="components">
      <metrics statements="36" coveredstatements="36" conditionals="2" coveredconditionals="2" methods="1" coveredmethods="1"/>
      <file name="index.tsx" path="E:\COURSE PRACTICES\DeepOrion\deep_resources\src\components\index.tsx">
        <metrics statements="28" coveredstatements="28" conditionals="0" coveredconditionals="0" methods="0" coveredmethods="0"/>
        <line num="2" count="5" type="stmt"/>
        <line num="3" count="5" type="stmt"/>
        <line num="4" count="5" type="stmt"/>
        <line num="5" count="5" type="stmt"/>
        <line num="6" count="5" type="stmt"/>
        <line num="7" count="5" type="stmt"/>
        <line num="8" count="5" type="stmt"/>
        <line num="9" count="5" type="stmt"/>
        <line num="10" count="5" type="stmt"/>
        <line num="11" count="5" type="stmt"/>
        <line num="12" count="5" type="stmt"/>
        <line num="13" count="5" type="stmt"/>
        <line num="14" count="5" type="stmt"/>
        <line num="15" count="5" type="stmt"/>
        <line num="16" count="5" type="stmt"/>
        <line num="17" count="5" type="stmt"/>
        <line num="18" count="5" type="stmt"/>
        <line num="21" count="5" type="stmt"/>
        <line num="22" count="5" type="stmt"/>
        <line num="23" count="5" type="stmt"/>
        <line num="24" count="5" type="stmt"/>
        <line num="25" count="5" type="stmt"/>
        <line num="26" count="5" type="stmt"/>
        <line num="27" count="5" type="stmt"/>
        <line num="28" count="5" type="stmt"/>
        <line num="29" count="5" type="stmt"/>
        <line num="30" count="5" type="stmt"/>
        <line num="31" count="5" type="stmt"/>
      </file>
      <file name="translations.tsx" path="E:\COURSE PRACTICES\DeepOrion\deep_resources\src\components\translations.tsx">
        <metrics statements="8" coveredstatements="8" conditionals="2" coveredconditionals="2" methods="1" coveredmethods="1"/>
        <line num="1" count="12" type="cond" truecount="2" falsecount="0"/>
        <line num="2" count="12" type="stmt"/>
        <line num="3" count="12" type="stmt"/>
        <line num="4" count="12" type="stmt"/>
        <line num="5" count="12" type="stmt"/>
        <line num="6" count="12" type="stmt"/>
        <line num="7" count="12" type="stmt"/>
        <line num="8" count="12" type="stmt"/>
      </file>
    </package>
    <package name="components.Accordion">
      <metrics statements="26" coveredstatements="26" conditionals="13" coveredconditionals="12" methods="6" coveredmethods="6"/>
      <file name="AccordionBody.tsx" path="E:\COURSE PRACTICES\DeepOrion\deep_resources\src\components\Accordion\AccordionBody.tsx">
        <metrics statements="5" coveredstatements="5" conditionals="0" coveredconditionals="0" methods="1" coveredmethods="1"/>
        <line num="1" count="1" type="stmt"/>
        <line num="2" count="1" type="stmt"/>
        <line num="3" count="1" type="stmt"/>
        <line num="5" count="1" type="stmt"/>
        <line num="6" count="1" type="stmt"/>
      </file>
      <file name="AccordionTypes.tsx" path="E:\COURSE PRACTICES\DeepOrion\deep_resources\src\components\Accordion\AccordionTypes.tsx">
        <metrics statements="11" coveredstatements="11" conditionals="6" coveredconditionals="6" methods="3" coveredmethods="3"/>
        <line num="2" count="3" type="cond" truecount="2" falsecount="0"/>
        <line num="3" count="3" type="stmt"/>
        <line num="4" count="3" type="stmt"/>
        <line num="5" count="3" type="stmt"/>
        <line num="9" count="3" type="cond" truecount="2" falsecount="0"/>
        <line num="10" count="3" type="stmt"/>
        <line num="11" count="3" type="stmt"/>
        <line num="12" count="3" type="stmt"/>
        <line num="16" count="3" type="cond" truecount="2" falsecount="0"/>
        <line num="17" count="3" type="stmt"/>
        <line num="20" count="3" type="stmt"/>
      </file>
      <file name="index.tsx" path="E:\COURSE PRACTICES\DeepOrion\deep_resources\src\components\Accordion\index.tsx">
        <metrics statements="10" coveredstatements="10" conditionals="7" coveredconditionals="6" methods="2" coveredmethods="2"/>
        <line num="1" count="2" type="stmt"/>
        <line num="2" count="2" type="stmt"/>
        <line num="3" count="2" type="stmt"/>
        <line num="4" count="2" type="stmt"/>
        <line num="6" count="2" type="stmt"/>
        <line num="37" count="2" type="stmt"/>
        <line num="52" count="4" type="stmt"/>
        <line num="54" count="4" type="stmt"/>
        <line num="56" count="4" type="stmt"/>
        <line num="98" count="2" type="stmt"/>
      </file>
    </package>
    <package name="components.Accordion.CoustmaizeAccordion">
      <metrics statements="11" coveredstatements="11" conditionals="4" coveredconditionals="4" methods="3" coveredmethods="3"/>
      <file name="index.tsx" path="E:\COURSE PRACTICES\DeepOrion\deep_resources\src\components\Accordion\CoustmaizeAccordion\index.tsx">
        <metrics statements="11" coveredstatements="11" conditionals="4" coveredconditionals="4" methods="3" coveredmethods="3"/>
        <line num="1" count="1" type="stmt"/>
        <line num="2" count="1" type="stmt"/>
        <line num="3" count="1" type="stmt"/>
        <line num="4" count="1" type="stmt"/>
        <line num="6" count="1" type="stmt"/>
        <line num="45" count="1" type="stmt"/>
        <line num="53" count="4" type="stmt"/>
        <line num="55" count="4" type="stmt"/>
        <line num="57" count="4" type="stmt"/>
        <line num="79" count="2" type="stmt"/>
        <line num="89" count="1" type="stmt"/>
      </file>
    </package>
    <package name="components.Accordion.Icon">
      <metrics statements="8" coveredstatements="8" conditionals="0" coveredconditionals="0" methods="4" coveredmethods="4"/>
      <file name="Icon.tsx" path="E:\COURSE PRACTICES\DeepOrion\deep_resources\src\components\Accordion\Icon\Icon.tsx">
        <metrics statements="8" coveredstatements="8" conditionals="0" coveredconditionals="0" methods="4" coveredmethods="4"/>
        <line num="3" count="2" type="stmt"/>
        <line num="4" count="2" type="stmt"/>
        <line num="21" count="2" type="stmt"/>
        <line num="22" count="2" type="stmt"/>
        <line num="40" count="2" type="stmt"/>
        <line num="41" count="1" type="stmt"/>
        <line num="58" count="2" type="stmt"/>
        <line num="59" count="1" type="stmt"/>
      </file>
    </package>
    <package name="components.Avatar.Basic">
      <metrics statements="18" coveredstatements="18" conditionals="10" coveredconditionals="9" methods="5" coveredmethods="5"/>
      <file name="index.tsx" path="E:\COURSE PRACTICES\DeepOrion\deep_resources\src\components\Avatar\Basic\index.tsx">
        <metrics statements="18" coveredstatements="18" conditionals="10" coveredconditionals="9" methods="5" coveredmethods="5"/>
        <line num="1" count="5" type="stmt"/>
        <line num="2" count="5" type="stmt"/>
        <line num="3" count="5" type="stmt"/>
        <line num="5" count="5" type="stmt"/>
        <line num="6" count="5" type="stmt"/>
        <line num="8" count="5" type="stmt"/>
        <line num="24" count="5" type="stmt"/>
        <line num="25" count="4" type="cond" truecount="1" falsecount="1"/>
        <line num="28" count="8" type="stmt"/>
        <line num="33" count="4" type="stmt"/>
        <line num="36" count="5" type="stmt"/>
        <line num="37" count="4" type="stmt"/>
        <line num="40" count="28" type="stmt"/>
        <line num="41" count="4" type="stmt"/>
        <line num="46" count="4" type="stmt"/>
        <line num="59" count="5" type="stmt"/>
        <line num="72" count="5" type="stmt"/>
        <line num="99" count="5" type="stmt"/>
      </file>
    </package>
    <package name="components.BreadCrumb">
      <metrics statements="17" coveredstatements="6" conditionals="13" coveredconditionals="0" methods="6" coveredmethods="0"/>
      <file name="index.tsx" path="E:\COURSE PRACTICES\DeepOrion\deep_resources\src\components\BreadCrumb\index.tsx">
        <metrics statements="17" coveredstatements="6" conditionals="13" coveredconditionals="0" methods="6" coveredmethods="0"/>
        <line num="1" count="5" type="stmt"/>
        <line num="2" count="5" type="stmt"/>
        <line num="3" count="5" type="stmt"/>
        <line num="4" count="5" type="stmt"/>
        <line num="6" count="5" type="stmt"/>
        <line num="23" count="5" type="stmt"/>
        <line num="25" count="0" type="stmt"/>
        <line num="26" count="0" type="stmt"/>
        <line num="28" count="0" type="stmt"/>
        <line num="29" count="0" type="stmt"/>
        <line num="32" count="0" type="stmt"/>
        <line num="33" count="0" type="stmt"/>
        <line num="36" count="0" type="stmt"/>
        <line num="37" count="0" type="stmt"/>
        <line num="40" count="0" type="stmt"/>
        <line num="58" count="0" type="stmt"/>
        <line num="74" count="0" type="stmt"/>
      </file>
    </package>
    <package name="components.Button">
      <metrics statements="26" coveredstatements="26" conditionals="16" coveredconditionals="16" methods="8" coveredmethods="8"/>
      <file name="type.tsx" path="E:\COURSE PRACTICES\DeepOrion\deep_resources\src\components\Button\type.tsx">
        <metrics statements="26" coveredstatements="26" conditionals="16" coveredconditionals="16" methods="8" coveredmethods="8"/>
        <line num="1" count="8" type="cond" truecount="2" falsecount="0"/>
        <line num="2" count="8" type="stmt"/>
        <line num="3" count="8" type="stmt"/>
        <line num="4" count="8" type="stmt"/>
        <line num="7" count="8" type="cond" truecount="2" falsecount="0"/>
        <line num="8" count="8" type="stmt"/>
        <line num="9" count="8" type="stmt"/>
        <line num="12" count="8" type="cond" truecount="2" falsecount="0"/>
        <line num="13" count="8" type="stmt"/>
        <line num="14" count="8" type="stmt"/>
        <line num="15" count="8" type="stmt"/>
        <line num="18" count="8" type="cond" truecount="2" falsecount="0"/>
        <line num="19" count="8" type="stmt"/>
        <line num="20" count="8" type="stmt"/>
        <line num="23" count="8" type="cond" truecount="2" falsecount="0"/>
        <line num="24" count="8" type="stmt"/>
        <line num="25" count="8" type="stmt"/>
        <line num="26" count="8" type="stmt"/>
        <line num="29" count="8" type="cond" truecount="2" falsecount="0"/>
        <line num="30" count="8" type="stmt"/>
        <line num="31" count="8" type="stmt"/>
        <line num="34" count="8" type="cond" truecount="2" falsecount="0"/>
        <line num="35" count="8" type="stmt"/>
        <line num="36" count="8" type="stmt"/>
        <line num="39" count="8" type="cond" truecount="2" falsecount="0"/>
        <line num="40" count="8" type="stmt"/>
      </file>
    </package>
    <package name="components.Button.ButtonImage">
      <metrics statements="4" coveredstatements="2" conditionals="0" coveredconditionals="0" methods="2" coveredmethods="0"/>
      <file name="icon.tsx" path="E:\COURSE PRACTICES\DeepOrion\deep_resources\src\components\Button\ButtonImage\icon.tsx">
        <metrics statements="4" coveredstatements="2" conditionals="0" coveredconditionals="0" methods="2" coveredmethods="0"/>
        <line num="2" count="5" type="stmt"/>
        <line num="3" count="0" type="stmt"/>
        <line num="12" count="5" type="stmt"/>
        <line num="13" count="0" type="stmt"/>
      </file>
    </package>
    <package name="components.Button.DefaultButton">
      <metrics statements="15" coveredstatements="15" conditionals="32" coveredconditionals="21" methods="2" coveredmethods="2"/>
      <file name="index.tsx" path="E:\COURSE PRACTICES\DeepOrion\deep_resources\src\components\Button\DefaultButton\index.tsx">
        <metrics statements="15" coveredstatements="15" conditionals="32" coveredconditionals="21" methods="2" coveredmethods="2"/>
        <line num="1" count="6" type="stmt"/>
        <line num="2" count="6" type="stmt"/>
        <line num="3" count="6" type="stmt"/>
        <line num="4" count="6" type="stmt"/>
        <line num="6" count="6" type="stmt"/>
        <line num="65" count="6" type="stmt"/>
        <line num="79" count="5" type="cond" truecount="3" falsecount="1"/>
        <line num="85" count="5" type="stmt"/>
        <line num="87" count="5" type="cond" truecount="2" falsecount="0"/>
        <line num="95" count="5" type="cond" truecount="1" falsecount="1"/>
        <line num="97" count="5" type="stmt"/>
        <line num="100" count="6" type="stmt"/>
        <line num="115" count="5" type="stmt"/>
        <line num="116" count="5" type="cond" truecount="3" falsecount="0"/>
        <line num="118" count="5" type="stmt"/>
      </file>
    </package>
    <package name="components.Button.GroupIconButton">
      <metrics statements="7" coveredstatements="7" conditionals="1" coveredconditionals="1" methods="1" coveredmethods="1"/>
      <file name="index.tsx" path="E:\COURSE PRACTICES\DeepOrion\deep_resources\src\components\Button\GroupIconButton\index.tsx">
        <metrics statements="7" coveredstatements="7" conditionals="1" coveredconditionals="1" methods="1" coveredmethods="1"/>
        <line num="1" count="6" type="stmt"/>
        <line num="2" count="6" type="stmt"/>
        <line num="3" count="6" type="stmt"/>
        <line num="4" count="6" type="stmt"/>
        <line num="6" count="6" type="stmt"/>
        <line num="29" count="6" type="stmt"/>
        <line num="34" count="22" type="stmt"/>
      </file>
    </package>
    <package name="components.Button.SingleIconButton">
      <metrics statements="7" coveredstatements="7" conditionals="3" coveredconditionals="3" methods="1" coveredmethods="1"/>
      <file name="index.tsx" path="E:\COURSE PRACTICES\DeepOrion\deep_resources\src\components\Button\SingleIconButton\index.tsx">
        <metrics statements="7" coveredstatements="7" conditionals="3" coveredconditionals="3" methods="1" coveredmethods="1"/>
        <line num="1" count="6" type="stmt"/>
        <line num="2" count="6" type="stmt"/>
        <line num="3" count="6" type="stmt"/>
        <line num="4" count="6" type="stmt"/>
        <line num="6" count="6" type="stmt"/>
        <line num="31" count="6" type="stmt"/>
        <line num="44" count="43" type="stmt"/>
      </file>
    </package>
    <package name="components.Calendar">
      <metrics statements="13" coveredstatements="13" conditionals="2" coveredconditionals="2" methods="1" coveredmethods="1"/>
      <file name="type.tsx" path="E:\COURSE PRACTICES\DeepOrion\deep_resources\src\components\Calendar\type.tsx">
        <metrics statements="13" coveredstatements="13" conditionals="2" coveredconditionals="2" methods="1" coveredmethods="1"/>
        <line num="1" count="5" type="cond" truecount="2" falsecount="0"/>
        <line num="2" count="5" type="stmt"/>
        <line num="3" count="5" type="stmt"/>
        <line num="4" count="5" type="stmt"/>
        <line num="5" count="5" type="stmt"/>
        <line num="6" count="5" type="stmt"/>
        <line num="7" count="5" type="stmt"/>
        <line num="8" count="5" type="stmt"/>
        <line num="9" count="5" type="stmt"/>
        <line num="10" count="5" type="stmt"/>
        <line num="11" count="5" type="stmt"/>
        <line num="12" count="5" type="stmt"/>
        <line num="13" count="5" type="stmt"/>
      </file>
    </package>
    <package name="components.Calendar.RangeCalendar">
      <metrics statements="55" coveredstatements="10" conditionals="23" coveredconditionals="0" methods="10" coveredmethods="0"/>
      <file name="index.tsx" path="E:\COURSE PRACTICES\DeepOrion\deep_resources\src\components\Calendar\RangeCalendar\index.tsx">
        <metrics statements="55" coveredstatements="10" conditionals="23" coveredconditionals="0" methods="10" coveredmethods="0"/>
        <line num="1" count="5" type="stmt"/>
        <line num="2" count="5" type="stmt"/>
        <line num="3" count="5" type="stmt"/>
        <line num="4" count="5" type="stmt"/>
        <line num="5" count="5" type="stmt"/>
        <line num="6" count="5" type="stmt"/>
        <line num="8" count="5" type="stmt"/>
        <line num="38" count="5" type="stmt"/>
        <line num="40" count="0" type="stmt"/>
        <line num="50" count="5" type="stmt"/>
        <line num="51" count="0" type="stmt"/>
        <line num="52" count="0" type="stmt"/>
        <line num="53" count="0" type="stmt"/>
        <line num="54" count="0" type="stmt"/>
        <line num="56" count="0" type="stmt"/>
        <line num="57" count="0" type="cond" truecount="0" falsecount="2"/>
        <line num="58" count="0" type="stmt"/>
        <line num="59" count="0" type="stmt"/>
        <line num="61" count="0" type="stmt"/>
        <line num="65" count="0" type="stmt"/>
        <line num="66" count="0" type="cond" truecount="0" falsecount="2"/>
        <line num="67" count="0" type="stmt"/>
        <line num="68" count="0" type="stmt"/>
        <line num="70" count="0" type="stmt"/>
        <line num="74" count="0" type="stmt"/>
        <line num="75" count="0" type="stmt"/>
        <line num="77" count="0" type="cond" truecount="0" falsecount="5"/>
        <line num="78" count="0" type="stmt"/>
        <line num="79" count="0" type="stmt"/>
        <line num="80" count="0" type="cond" truecount="0" falsecount="2"/>
        <line num="81" count="0" type="stmt"/>
        <line num="82" count="0" type="cond" truecount="0" falsecount="1"/>
        <line num="83" count="0" type="stmt"/>
        <line num="86" count="0" type="stmt"/>
        <line num="87" count="0" type="stmt"/>
        <line num="91" count="0" type="stmt"/>
        <line num="94" count="0" type="stmt"/>
        <line num="95" count="0" type="stmt"/>
        <line num="96" count="0" type="stmt"/>
        <line num="97" count="0" type="stmt"/>
        <line num="99" count="0" type="stmt"/>
        <line num="100" count="0" type="stmt"/>
        <line num="105" count="0" type="stmt"/>
        <line num="106" count="0" type="stmt"/>
        <line num="107" count="0" type="cond" truecount="0" falsecount="6"/>
        <line num="109" count="0" type="stmt"/>
        <line num="117" count="0" type="stmt"/>
        <line num="124" count="0" type="stmt"/>
        <line num="127" count="0" type="stmt"/>
        <line num="128" count="0" type="cond" truecount="0" falsecount="3"/>
        <line num="129" count="0" type="stmt"/>
        <line num="130" count="0" type="cond" truecount="0" falsecount="2"/>
        <line num="133" count="0" type="stmt"/>
        <line num="144" count="0" type="stmt"/>
        <line num="154" count="5" type="stmt"/>
      </file>
    </package>
    <package name="components.Calendar.SelectedDateCalendar">
      <metrics statements="71" coveredstatements="10" conditionals="21" coveredconditionals="0" methods="11" coveredmethods="0"/>
      <file name="index.tsx" path="E:\COURSE PRACTICES\DeepOrion\deep_resources\src\components\Calendar\SelectedDateCalendar\index.tsx">
        <metrics statements="71" coveredstatements="10" conditionals="21" coveredconditionals="0" methods="11" coveredmethods="0"/>
        <line num="1" count="5" type="stmt"/>
        <line num="2" count="5" type="stmt"/>
        <line num="3" count="5" type="stmt"/>
        <line num="4" count="5" type="stmt"/>
        <line num="5" count="5" type="stmt"/>
        <line num="6" count="5" type="stmt"/>
        <line num="8" count="5" type="stmt"/>
        <line num="38" count="5" type="stmt"/>
        <line num="40" count="0" type="stmt"/>
        <line num="50" count="5" type="stmt"/>
        <line num="51" count="0" type="stmt"/>
        <line num="52" count="0" type="stmt"/>
        <line num="53" count="0" type="cond" truecount="0" falsecount="2"/>
        <line num="55" count="0" type="stmt"/>
        <line num="56" count="0" type="stmt"/>
        <line num="57" count="0" type="stmt"/>
        <line num="58" count="0" type="cond" truecount="0" falsecount="1"/>
        <line num="59" count="0" type="stmt"/>
        <line num="63" count="0" type="stmt"/>
        <line num="64" count="0" type="cond" truecount="0" falsecount="2"/>
        <line num="65" count="0" type="stmt"/>
        <line num="66" count="0" type="stmt"/>
        <line num="68" count="0" type="stmt"/>
        <line num="72" count="0" type="stmt"/>
        <line num="73" count="0" type="cond" truecount="0" falsecount="2"/>
        <line num="74" count="0" type="stmt"/>
        <line num="75" count="0" type="stmt"/>
        <line num="77" count="0" type="stmt"/>
        <line num="81" count="0" type="stmt"/>
        <line num="82" count="0" type="stmt"/>
        <line num="83" count="0" type="stmt"/>
        <line num="84" count="0" type="cond" truecount="0" falsecount="1"/>
        <line num="85" count="0" type="stmt"/>
        <line num="89" count="0" type="stmt"/>
        <line num="90" count="0" type="stmt"/>
        <line num="92" count="0" type="stmt"/>
        <line num="93" count="0" type="stmt"/>
        <line num="94" count="0" type="stmt"/>
        <line num="95" count="0" type="stmt"/>
        <line num="96" count="0" type="stmt"/>
        <line num="97" count="0" type="stmt"/>
        <line num="99" count="0" type="stmt"/>
        <line num="100" count="0" type="stmt"/>
        <line num="103" count="0" type="stmt"/>
        <line num="105" count="0" type="cond" truecount="0" falsecount="2"/>
        <line num="106" count="0" type="stmt"/>
        <line num="107" count="0" type="stmt"/>
        <line num="108" count="0" type="stmt"/>
        <line num="109" count="0" type="cond" truecount="0" falsecount="2"/>
        <line num="110" count="0" type="stmt"/>
        <line num="111" count="0" type="stmt"/>
        <line num="112" count="0" type="stmt"/>
        <line num="114" count="0" type="stmt"/>
        <line num="115" count="0" type="stmt"/>
        <line num="118" count="0" type="stmt"/>
        <line num="119" count="0" type="cond" truecount="0" falsecount="2"/>
        <line num="121" count="0" type="stmt"/>
        <line num="130" count="0" type="stmt"/>
        <line num="137" count="0" type="cond" truecount="0" falsecount="1"/>
        <line num="138" count="0" type="stmt"/>
        <line num="139" count="0" type="stmt"/>
        <line num="140" count="0" type="stmt"/>
        <line num="141" count="0" type="stmt"/>
        <line num="146" count="0" type="stmt"/>
        <line num="154" count="0" type="stmt"/>
        <line num="158" count="0" type="cond" truecount="0" falsecount="3"/>
        <line num="159" count="0" type="stmt"/>
        <line num="161" count="0" type="stmt"/>
        <line num="168" count="0" type="stmt"/>
        <line num="179" count="0" type="stmt"/>
        <line num="189" count="5" type="stmt"/>
      </file>
    </package>
    <package name="components.Cards.Banners">
      <metrics statements="9" coveredstatements="8" conditionals="2" coveredconditionals="0" methods="1" coveredmethods="0"/>
      <file name="index.tsx" path="E:\COURSE PRACTICES\DeepOrion\deep_resources\src\components\Cards\Banners\index.tsx">
        <metrics statements="9" coveredstatements="8" conditionals="2" coveredconditionals="0" methods="1" coveredmethods="0"/>
        <line num="1" count="5" type="stmt"/>
        <line num="2" count="5" type="stmt"/>
        <line num="3" count="5" type="stmt"/>
        <line num="4" count="5" type="stmt"/>
        <line num="5" count="5" type="stmt"/>
        <line num="6" count="5" type="stmt"/>
        <line num="32" count="5" type="stmt"/>
        <line num="50" count="0" type="stmt"/>
        <line num="84" count="5" type="stmt"/>
      </file>
    </package>
    <package name="components.Cards.ProductCards">
      <metrics statements="14" coveredstatements="7" conditionals="11" coveredconditionals="0" methods="5" coveredmethods="0"/>
      <file name="index.tsx" path="E:\COURSE PRACTICES\DeepOrion\deep_resources\src\components\Cards\ProductCards\index.tsx">
        <metrics statements="14" coveredstatements="7" conditionals="11" coveredconditionals="0" methods="5" coveredmethods="0"/>
        <line num="1" count="5" type="stmt"/>
        <line num="2" count="5" type="stmt"/>
        <line num="3" count="5" type="stmt"/>
        <line num="4" count="5" type="stmt"/>
        <line num="6" count="5" type="stmt"/>
        <line num="48" count="5" type="stmt"/>
        <line num="68" count="0" type="stmt"/>
        <line num="69" count="0" type="stmt"/>
        <line num="71" count="0" type="stmt"/>
        <line num="93" count="0" type="stmt"/>
        <line num="115" count="0" type="stmt"/>
        <line num="130" count="0" type="stmt"/>
        <line num="135" count="0" type="stmt"/>
        <line num="146" count="5" type="stmt"/>
      </file>
    </package>
    <package name="components.Cards.ReviewCard">
      <metrics statements="12" coveredstatements="10" conditionals="12" coveredconditionals="0" methods="2" coveredmethods="0"/>
      <file name="index.tsx" path="E:\COURSE PRACTICES\DeepOrion\deep_resources\src\components\Cards\ReviewCard\index.tsx">
        <metrics statements="12" coveredstatements="10" conditionals="12" coveredconditionals="0" methods="2" coveredmethods="0"/>
        <line num="1" count="5" type="stmt"/>
        <line num="2" count="5" type="stmt"/>
        <line num="3" count="5" type="stmt"/>
        <line num="4" count="5" type="stmt"/>
        <line num="5" count="5" type="stmt"/>
        <line num="6" count="5" type="stmt"/>
        <line num="22" count="5" type="stmt"/>
        <line num="23" count="5" type="stmt"/>
        <line num="42" count="5" type="stmt"/>
        <line num="62" count="0" type="stmt"/>
        <line num="86" count="0" type="stmt"/>
        <line num="118" count="5" type="stmt"/>
      </file>
    </package>
    <package name="components.Checkbox">
      <metrics statements="18" coveredstatements="6" conditionals="51" coveredconditionals="0" methods="3" coveredmethods="0"/>
      <file name="index.tsx" path="E:\COURSE PRACTICES\DeepOrion\deep_resources\src\components\Checkbox\index.tsx">
        <metrics statements="18" coveredstatements="6" conditionals="51" coveredconditionals="0" methods="3" coveredmethods="0"/>
        <line num="1" count="5" type="stmt"/>
        <line num="2" count="5" type="stmt"/>
        <line num="3" count="5" type="stmt"/>
        <line num="4" count="5" type="stmt"/>
        <line num="6" count="5" type="stmt"/>
        <line num="42" count="5" type="stmt"/>
        <line num="62" count="0" type="cond" truecount="0" falsecount="2"/>
        <line num="64" count="0" type="stmt"/>
        <line num="65" count="0" type="cond" truecount="0" falsecount="1"/>
        <line num="66" count="0" type="stmt"/>
        <line num="70" count="0" type="stmt"/>
        <line num="71" count="0" type="cond" truecount="0" falsecount="1"/>
        <line num="72" count="0" type="stmt"/>
        <line num="73" count="0" type="cond" truecount="0" falsecount="1"/>
        <line num="74" count="0" type="stmt"/>
        <line num="80" count="0" type="stmt"/>
        <line num="123" count="0" type="cond" truecount="0" falsecount="2"/>
        <line num="129" count="0" type="stmt"/>
      </file>
    </package>
    <package name="components.Elevation">
      <metrics statements="14" coveredstatements="12" conditionals="5" coveredconditionals="2" methods="2" coveredmethods="1"/>
      <file name="index.tsx" path="E:\COURSE PRACTICES\DeepOrion\deep_resources\src\components\Elevation\index.tsx">
        <metrics statements="9" coveredstatements="7" conditionals="3" coveredconditionals="0" methods="1" coveredmethods="0"/>
        <line num="1" count="5" type="stmt"/>
        <line num="2" count="5" type="stmt"/>
        <line num="3" count="5" type="stmt"/>
        <line num="4" count="5" type="stmt"/>
        <line num="5" count="5" type="stmt"/>
        <line num="6" count="5" type="stmt"/>
        <line num="36" count="5" type="stmt"/>
        <line num="39" count="0" type="cond" truecount="0" falsecount="2"/>
        <line num="41" count="0" type="stmt"/>
      </file>
      <file name="type.tsx" path="E:\COURSE PRACTICES\DeepOrion\deep_resources\src\components\Elevation\type.tsx">
        <metrics statements="5" coveredstatements="5" conditionals="2" coveredconditionals="2" methods="1" coveredmethods="1"/>
        <line num="1" count="5" type="cond" truecount="2" falsecount="0"/>
        <line num="2" count="5" type="stmt"/>
        <line num="3" count="5" type="stmt"/>
        <line num="4" count="5" type="stmt"/>
        <line num="5" count="5" type="stmt"/>
      </file>
    </package>
    <package name="components.Footer">
      <metrics statements="10" coveredstatements="7" conditionals="34" coveredconditionals="19" methods="4" coveredmethods="1"/>
      <file name="index.tsx" path="E:\COURSE PRACTICES\DeepOrion\deep_resources\src\components\Footer\index.tsx">
        <metrics statements="10" coveredstatements="7" conditionals="34" coveredconditionals="19" methods="4" coveredmethods="1"/>
        <line num="1" count="1" type="stmt"/>
        <line num="2" count="1" type="stmt"/>
        <line num="3" count="1" type="stmt"/>
        <line num="4" count="1" type="stmt"/>
        <line num="8" count="1" type="stmt"/>
        <line num="17" count="1" type="stmt"/>
        <line num="41" count="2" type="stmt"/>
        <line num="57" count="0" type="stmt"/>
        <line num="70" count="0" type="stmt"/>
        <line num="113" count="0" type="stmt"/>
      </file>
    </package>
    <package name="components.Header">
      <metrics statements="3" coveredstatements="3" conditionals="2" coveredconditionals="2" methods="1" coveredmethods="1"/>
      <file name="type.tsx" path="E:\COURSE PRACTICES\DeepOrion\deep_resources\src\components\Header\type.tsx">
        <metrics statements="3" coveredstatements="3" conditionals="2" coveredconditionals="2" methods="1" coveredmethods="1"/>
        <line num="1" count="2" type="cond" truecount="2" falsecount="0"/>
        <line num="2" count="2" type="stmt"/>
        <line num="3" count="2" type="stmt"/>
      </file>
    </package>
    <package name="components.Header.Anchor">
      <metrics statements="6" coveredstatements="6" conditionals="0" coveredconditionals="0" methods="1" coveredmethods="1"/>
      <file name="index.tsx" path="E:\COURSE PRACTICES\DeepOrion\deep_resources\src\components\Header\Anchor\index.tsx">
        <metrics statements="6" coveredstatements="6" conditionals="0" coveredconditionals="0" methods="1" coveredmethods="1"/>
        <line num="1" count="6" type="stmt"/>
        <line num="2" count="6" type="stmt"/>
        <line num="3" count="6" type="stmt"/>
        <line num="5" count="6" type="stmt"/>
        <line num="9" count="6" type="stmt"/>
        <line num="11" count="23" type="stmt"/>
      </file>
    </package>
    <package name="components.Header.AnchorItemList">
      <metrics statements="6" coveredstatements="6" conditionals="0" coveredconditionals="0" methods="1" coveredmethods="1"/>
      <file name="index.tsx" path="E:\COURSE PRACTICES\DeepOrion\deep_resources\src\components\Header\AnchorItemList\index.tsx">
        <metrics statements="6" coveredstatements="6" conditionals="0" coveredconditionals="0" methods="1" coveredmethods="1"/>
        <line num="1" count="6" type="stmt"/>
        <line num="2" count="6" type="stmt"/>
        <line num="3" count="6" type="stmt"/>
        <line num="5" count="6" type="stmt"/>
        <line num="31" count="6" type="stmt"/>
        <line num="33" count="14" type="stmt"/>
      </file>
    </package>
    <package name="components.Header.ExpandedNavbar">
      <metrics statements="9" coveredstatements="9" conditionals="5" coveredconditionals="4" methods="2" coveredmethods="2"/>
      <file name="index.tsx" path="E:\COURSE PRACTICES\DeepOrion\deep_resources\src\components\Header\ExpandedNavbar\index.tsx">
        <metrics statements="9" coveredstatements="9" conditionals="5" coveredconditionals="4" methods="2" coveredmethods="2"/>
        <line num="1" count="1" type="stmt"/>
        <line num="2" count="1" type="stmt"/>
        <line num="3" count="1" type="stmt"/>
        <line num="4" count="1" type="stmt"/>
        <line num="5" count="1" type="stmt"/>
        <line num="8" count="1" type="stmt"/>
        <line num="19" count="1" type="stmt"/>
        <line num="34" count="1" type="stmt"/>
        <line num="51" count="2" type="stmt"/>
      </file>
    </package>
    <package name="components.Header.Logo">
      <metrics statements="7" coveredstatements="7" conditionals="0" coveredconditionals="0" methods="1" coveredmethods="1"/>
      <file name="index.tsx" path="E:\COURSE PRACTICES\DeepOrion\deep_resources\src\components\Header\Logo\index.tsx">
        <metrics statements="7" coveredstatements="7" conditionals="0" coveredconditionals="0" methods="1" coveredmethods="1"/>
        <line num="1" count="5" type="stmt"/>
        <line num="2" count="5" type="stmt"/>
        <line num="3" count="5" type="stmt"/>
        <line num="4" count="5" type="stmt"/>
        <line num="6" count="5" type="stmt"/>
        <line num="10" count="5" type="stmt"/>
        <line num="12" count="27" type="stmt"/>
      </file>
    </package>
    <package name="components.Header.SideNavbar">
      <metrics statements="38" coveredstatements="28" conditionals="46" coveredconditionals="27" methods="12" coveredmethods="7"/>
      <file name="index.tsx" path="E:\COURSE PRACTICES\DeepOrion\deep_resources\src\components\Header\SideNavbar\index.tsx">
        <metrics statements="38" coveredstatements="28" conditionals="46" coveredconditionals="27" methods="12" coveredmethods="7"/>
        <line num="1" count="1" type="stmt"/>
        <line num="2" count="1" type="stmt"/>
        <line num="3" count="1" type="stmt"/>
        <line num="5" count="1" type="stmt"/>
        <line num="13" count="1" type="stmt"/>
        <line num="14" count="1" type="stmt"/>
        <line num="15" count="1" type="stmt"/>
        <line num="16" count="1" type="stmt"/>
        <line num="18" count="1" type="stmt"/>
        <line num="41" count="1" type="stmt"/>
        <line num="75" count="1" type="stmt"/>
        <line num="93" count="8" type="stmt"/>
        <line num="97" count="8" type="stmt"/>
        <line num="98" count="4" type="stmt"/>
        <line num="99" count="4" type="cond" truecount="0" falsecount="1"/>
        <line num="100" count="0" type="stmt"/>
        <line num="101" count="0" type="stmt"/>
        <line num="103" count="0" type="stmt"/>
        <line num="104" count="0" type="stmt"/>
        <line num="106" count="4" type="cond" truecount="1" falsecount="1"/>
        <line num="107" count="4" type="stmt"/>
        <line num="108" count="0" type="cond" truecount="0" falsecount="4"/>
        <line num="109" count="0" type="stmt"/>
        <line num="111" count="0" type="stmt"/>
        <line num="115" count="8" type="stmt"/>
        <line num="116" count="22" type="stmt"/>
        <line num="119" count="8" type="stmt"/>
        <line num="120" count="8" type="cond" truecount="2" falsecount="0"/>
        <line num="121" count="7" type="stmt"/>
        <line num="130" count="1" type="stmt"/>
        <line num="161" count="8" type="stmt"/>
        <line num="162" count="0" type="stmt"/>
        <line num="166" count="0" type="stmt"/>
        <line num="174" count="0" type="stmt"/>
        <line num="185" count="8" type="stmt"/>
        <line num="215" count="18" type="stmt"/>
        <line num="231" count="18" type="stmt"/>
        <line num="239" count="4" type="stmt"/>
      </file>
    </package>
    <package name="components.Header.TopNavbar">
      <metrics statements="24" coveredstatements="23" conditionals="22" coveredconditionals="18" methods="6" coveredmethods="5"/>
      <file name="index.tsx" path="E:\COURSE PRACTICES\DeepOrion\deep_resources\src\components\Header\TopNavbar\index.tsx">
        <metrics statements="24" coveredstatements="23" conditionals="22" coveredconditionals="18" methods="6" coveredmethods="5"/>
        <line num="1" count="1" type="stmt"/>
        <line num="2" count="1" type="stmt"/>
        <line num="3" count="1" type="stmt"/>
        <line num="4" count="1" type="stmt"/>
        <line num="13" count="1" type="stmt"/>
        <line num="14" count="1" type="stmt"/>
        <line num="15" count="1" type="stmt"/>
        <line num="16" count="1" type="stmt"/>
        <line num="21" count="1" type="stmt"/>
        <line num="41" count="1" type="stmt"/>
        <line num="59" count="15" type="stmt"/>
        <line num="60" count="15" type="stmt"/>
        <line num="61" count="15" type="stmt"/>
        <line num="63" count="15" type="stmt"/>
        <line num="68" count="3" type="stmt"/>
        <line num="69" count="3" type="stmt"/>
        <line num="70" count="3" type="stmt"/>
        <line num="71" count="3" type="stmt"/>
        <line num="74" count="15" type="stmt"/>
        <line num="75" count="2" type="stmt"/>
        <line num="77" count="15" type="stmt"/>
        <line num="106" count="21" type="stmt"/>
        <line num="109" count="3" type="stmt"/>
        <line num="143" count="0" type="stmt"/>
      </file>
    </package>
    <package name="components.Headings">
      <metrics statements="6" coveredstatements="4" conditionals="1" coveredconditionals="0" methods="1" coveredmethods="0"/>
      <file name="index.tsx" path="E:\COURSE PRACTICES\DeepOrion\deep_resources\src\components\Headings\index.tsx">
        <metrics statements="6" coveredstatements="4" conditionals="1" coveredconditionals="0" methods="1" coveredmethods="0"/>
        <line num="3" count="5" type="stmt"/>
        <line num="4" count="5" type="stmt"/>
        <line num="6" count="5" type="stmt"/>
        <line num="54" count="5" type="stmt"/>
        <line num="56" count="0" type="cond" truecount="0" falsecount="1"/>
        <line num="58" count="0" type="stmt"/>
      </file>
    </package>
    <package name="components.Input">
      <metrics statements="81" coveredstatements="68" conditionals="34" coveredconditionals="17" methods="8" coveredmethods="6"/>
      <file name="getStyles.ts" path="E:\COURSE PRACTICES\DeepOrion\deep_resources\src\components\Input\getStyles.ts">
        <metrics statements="27" coveredstatements="18" conditionals="14" coveredconditionals="7" methods="1" coveredmethods="1"/>
        <line num="1" count="5" type="stmt"/>
        <line num="2" count="5" type="stmt"/>
        <line num="4" count="5" type="stmt"/>
        <line num="19" count="5" type="stmt"/>
        <line num="32" count="5" type="stmt"/>
        <line num="46" count="5" type="stmt"/>
        <line num="52" count="1" type="cond" truecount="1" falsecount="1"/>
        <line num="54" count="1" type="cond" truecount="1" falsecount="1"/>
        <line num="55" count="0" type="stmt"/>
        <line num="56" count="1" type="cond" truecount="1" falsecount="1"/>
        <line num="57" count="0" type="stmt"/>
        <line num="59" count="1" type="stmt"/>
        <line num="61" count="1" type="cond" truecount="3" falsecount="0"/>
        <line num="62" count="1" type="stmt"/>
        <line num="64" count="1" type="cond" truecount="0" falsecount="1"/>
        <line num="65" count="0" type="stmt"/>
        <line num="68" count="1" type="cond" truecount="1" falsecount="3"/>
        <line num="70" count="1" type="stmt"/>
        <line num="71" count="1" type="stmt"/>
        <line num="72" count="1" type="stmt"/>
        <line num="74" count="0" type="stmt"/>
        <line num="75" count="0" type="stmt"/>
        <line num="76" count="0" type="stmt"/>
        <line num="78" count="0" type="stmt"/>
        <line num="79" count="0" type="stmt"/>
        <line num="81" count="0" type="stmt"/>
        <line num="83" count="1" type="stmt"/>
      </file>
      <file name="index.tsx" path="E:\COURSE PRACTICES\DeepOrion\deep_resources\src\components\Input\index.tsx">
        <metrics statements="17" coveredstatements="13" conditionals="14" coveredconditionals="4" methods="4" coveredmethods="2"/>
        <line num="1" count="5" type="stmt"/>
        <line num="2" count="5" type="stmt"/>
        <line num="3" count="5" type="stmt"/>
        <line num="15" count="5" type="stmt"/>
        <line num="20" count="1" type="stmt"/>
        <line num="21" count="1" type="cond" truecount="1" falsecount="1"/>
        <line num="23" count="1" type="stmt"/>
        <line num="24" count="0" type="stmt"/>
        <line num="27" count="1" type="stmt"/>
        <line num="29" count="1" type="stmt"/>
        <line num="30" count="1" type="cond" truecount="1" falsecount="3"/>
        <line num="32" count="1" type="stmt"/>
        <line num="38" count="0" type="stmt"/>
        <line num="47" count="0" type="stmt"/>
        <line num="53" count="0" type="stmt"/>
        <line num="57" count="1" type="stmt"/>
        <line num="73" count="5" type="stmt"/>
      </file>
      <file name="type.tsx" path="E:\COURSE PRACTICES\DeepOrion\deep_resources\src\components\Input\type.tsx">
        <metrics statements="37" coveredstatements="37" conditionals="6" coveredconditionals="6" methods="3" coveredmethods="3"/>
        <line num="1" count="5" type="cond" truecount="2" falsecount="0"/>
        <line num="2" count="5" type="stmt"/>
        <line num="3" count="5" type="stmt"/>
        <line num="4" count="5" type="stmt"/>
        <line num="5" count="5" type="stmt"/>
        <line num="6" count="5" type="stmt"/>
        <line num="7" count="5" type="stmt"/>
        <line num="8" count="5" type="stmt"/>
        <line num="9" count="5" type="stmt"/>
        <line num="10" count="5" type="stmt"/>
        <line num="11" count="5" type="stmt"/>
        <line num="12" count="5" type="stmt"/>
        <line num="13" count="5" type="stmt"/>
        <line num="14" count="5" type="stmt"/>
        <line num="15" count="5" type="stmt"/>
        <line num="18" count="5" type="cond" truecount="2" falsecount="0"/>
        <line num="19" count="5" type="stmt"/>
        <line num="20" count="5" type="stmt"/>
        <line num="21" count="5" type="stmt"/>
        <line num="22" count="5" type="stmt"/>
        <line num="23" count="5" type="stmt"/>
        <line num="24" count="5" type="stmt"/>
        <line num="25" count="5" type="stmt"/>
        <line num="26" count="5" type="stmt"/>
        <line num="27" count="5" type="stmt"/>
        <line num="28" count="5" type="stmt"/>
        <line num="29" count="5" type="stmt"/>
        <line num="30" count="5" type="stmt"/>
        <line num="31" count="5" type="stmt"/>
        <line num="32" count="5" type="stmt"/>
        <line num="33" count="5" type="stmt"/>
        <line num="34" count="5" type="stmt"/>
        <line num="35" count="5" type="stmt"/>
        <line num="38" count="5" type="cond" truecount="2" falsecount="0"/>
        <line num="39" count="5" type="stmt"/>
        <line num="40" count="5" type="stmt"/>
        <line num="41" count="5" type="stmt"/>
      </file>
    </package>
    <package name="components.Input.Icons">
      <metrics statements="2" coveredstatements="2" conditionals="0" coveredconditionals="0" methods="1" coveredmethods="1"/>
      <file name="SearchImage.tsx" path="E:\COURSE PRACTICES\DeepOrion\deep_resources\src\components\Input\Icons\SearchImage.tsx">
        <metrics statements="2" coveredstatements="2" conditionals="0" coveredconditionals="0" methods="1" coveredmethods="1"/>
        <line num="1" count="1" type="stmt"/>
        <line num="2" count="2" type="stmt"/>
      </file>
    </package>
    <package name="components.Layout">
      <metrics statements="2" coveredstatements="2" conditionals="0" coveredconditionals="0" methods="0" coveredmethods="0"/>
      <file name="index.tsx" path="E:\COURSE PRACTICES\DeepOrion\deep_resources\src\components\Layout\index.tsx">
        <metrics statements="2" coveredstatements="2" conditionals="0" coveredconditionals="0" methods="0" coveredmethods="0"/>
        <line num="1" count="5" type="stmt"/>
        <line num="2" count="5" type="stmt"/>
      </file>
    </package>
    <package name="components.Layout.Box">
      <metrics statements="3" coveredstatements="3" conditionals="0" coveredconditionals="0" methods="1" coveredmethods="1"/>
      <file name="index.tsx" path="E:\COURSE PRACTICES\DeepOrion\deep_resources\src\components\Layout\Box\index.tsx">
        <metrics statements="3" coveredstatements="3" conditionals="0" coveredconditionals="0" methods="1" coveredmethods="1"/>
        <line num="1" count="5" type="stmt"/>
        <line num="5" count="5" type="stmt"/>
        <line num="6" count="207" type="stmt"/>
      </file>
    </package>
    <package name="components.Layout.Stack">
      <metrics statements="4" coveredstatements="3" conditionals="0" coveredconditionals="0" methods="1" coveredmethods="0"/>
      <file name="index.tsx" path="E:\COURSE PRACTICES\DeepOrion\deep_resources\src\components\Layout\Stack\index.tsx">
        <metrics statements="4" coveredstatements="3" conditionals="0" coveredconditionals="0" methods="1" coveredmethods="0"/>
        <line num="1" count="5" type="stmt"/>
        <line num="3" count="5" type="stmt"/>
        <line num="7" count="5" type="stmt"/>
        <line num="8" count="0" type="stmt"/>
      </file>
    </package>
    <package name="components.Loader.CircularLoader">
      <metrics statements="10" coveredstatements="9" conditionals="6" coveredconditionals="0" methods="1" coveredmethods="0"/>
      <file name="index.tsx" path="E:\COURSE PRACTICES\DeepOrion\deep_resources\src\components\Loader\CircularLoader\index.tsx">
        <metrics statements="10" coveredstatements="9" conditionals="6" coveredconditionals="0" methods="1" coveredmethods="0"/>
        <line num="1" count="5" type="stmt"/>
        <line num="2" count="5" type="stmt"/>
        <line num="3" count="5" type="stmt"/>
        <line num="4" count="5" type="stmt"/>
        <line num="5" count="5" type="stmt"/>
        <line num="7" count="5" type="stmt"/>
        <line num="19" count="5" type="stmt"/>
        <line num="34" count="0" type="stmt"/>
        <line num="56" count="5" type="stmt"/>
        <line num="58" count="5" type="stmt"/>
      </file>
    </package>
    <package name="components.Loader.LinearLoader">
      <metrics statements="10" coveredstatements="9" conditionals="4" coveredconditionals="0" methods="1" coveredmethods="0"/>
      <file name="index.tsx" path="E:\COURSE PRACTICES\DeepOrion\deep_resources\src\components\Loader\LinearLoader\index.tsx">
        <metrics statements="10" coveredstatements="9" conditionals="4" coveredconditionals="0" methods="1" coveredmethods="0"/>
        <line num="1" count="5" type="stmt"/>
        <line num="2" count="5" type="stmt"/>
        <line num="3" count="5" type="stmt"/>
        <line num="4" count="5" type="stmt"/>
        <line num="5" count="5" type="stmt"/>
        <line num="7" count="5" type="stmt"/>
        <line num="19" count="5" type="stmt"/>
        <line num="32" count="0" type="stmt"/>
        <line num="64" count="5" type="stmt"/>
        <line num="66" count="5" type="stmt"/>
      </file>
    </package>
    <package name="components.LogImg">
      <metrics statements="6" coveredstatements="5" conditionals="0" coveredconditionals="0" methods="1" coveredmethods="0"/>
      <file name="index.tsx" path="E:\COURSE PRACTICES\DeepOrion\deep_resources\src\components\LogImg\index.tsx">
        <metrics statements="6" coveredstatements="5" conditionals="0" coveredconditionals="0" methods="1" coveredmethods="0"/>
        <line num="1" count="5" type="stmt"/>
        <line num="2" count="5" type="stmt"/>
        <line num="3" count="5" type="stmt"/>
        <line num="5" count="5" type="stmt"/>
        <line num="13" count="5" type="stmt"/>
        <line num="15" count="0" type="stmt"/>
      </file>
    </package>
    <package name="components.Menu">
      <metrics statements="12" coveredstatements="6" conditionals="4" coveredconditionals="0" methods="2" coveredmethods="0"/>
      <file name="index.tsx" path="E:\COURSE PRACTICES\DeepOrion\deep_resources\src\components\Menu\index.tsx">
        <metrics statements="12" coveredstatements="6" conditionals="4" coveredconditionals="0" methods="2" coveredmethods="0"/>
        <line num="1" count="5" type="stmt"/>
        <line num="2" count="5" type="stmt"/>
        <line num="3" count="5" type="stmt"/>
        <line num="4" count="5" type="stmt"/>
        <line num="6" count="5" type="stmt"/>
        <line num="32" count="5" type="stmt"/>
        <line num="34" count="0" type="stmt"/>
        <line num="35" count="0" type="stmt"/>
        <line num="37" count="0" type="stmt"/>
        <line num="38" count="0" type="stmt"/>
        <line num="39" count="0" type="stmt"/>
        <line num="42" count="0" type="stmt"/>
      </file>
    </package>
    <package name="components.MenuItem">
      <metrics statements="33" coveredstatements="29" conditionals="43" coveredconditionals="23" methods="5" coveredmethods="5"/>
      <file name="MenuitemTypes.tsx" path="E:\COURSE PRACTICES\DeepOrion\deep_resources\src\components\MenuItem\MenuitemTypes.tsx">
        <metrics statements="11" coveredstatements="11" conditionals="6" coveredconditionals="6" methods="3" coveredmethods="3"/>
        <line num="2" count="5" type="cond" truecount="2" falsecount="0"/>
        <line num="3" count="5" type="stmt"/>
        <line num="4" count="5" type="stmt"/>
        <line num="5" count="5" type="stmt"/>
        <line num="6" count="5" type="stmt"/>
        <line num="7" count="5" type="stmt"/>
        <line num="12" count="5" type="cond" truecount="2" falsecount="0"/>
        <line num="13" count="5" type="stmt"/>
        <line num="14" count="5" type="stmt"/>
        <line num="17" count="5" type="cond" truecount="2" falsecount="0"/>
        <line num="18" count="5" type="stmt"/>
      </file>
      <file name="index.tsx" path="E:\COURSE PRACTICES\DeepOrion\deep_resources\src\components\MenuItem\index.tsx">
        <metrics statements="22" coveredstatements="18" conditionals="37" coveredconditionals="17" methods="2" coveredmethods="2"/>
        <line num="1" count="5" type="stmt"/>
        <line num="2" count="5" type="stmt"/>
        <line num="3" count="5" type="stmt"/>
        <line num="5" count="5" type="stmt"/>
        <line num="6" count="5" type="stmt"/>
        <line num="7" count="5" type="stmt"/>
        <line num="8" count="5" type="stmt"/>
        <line num="10" count="5" type="stmt"/>
        <line num="78" count="5" type="stmt"/>
        <line num="100" count="18" type="stmt"/>
        <line num="101" count="18" type="stmt"/>
        <line num="103" count="18" type="stmt"/>
        <line num="104" count="4" type="stmt"/>
        <line num="105" count="4" type="cond" truecount="1" falsecount="1"/>
        <line num="106" count="4" type="stmt"/>
        <line num="107" count="0" type="cond" truecount="0" falsecount="4"/>
        <line num="108" count="0" type="stmt"/>
        <line num="110" count="0" type="stmt"/>
        <line num="112" count="4" type="cond" truecount="0" falsecount="1"/>
        <line num="113" count="0" type="stmt"/>
        <line num="117" count="18" type="stmt"/>
        <line num="125" count="18" type="stmt"/>
      </file>
    </package>
    <package name="components.MenuItem.Icon">
      <metrics statements="16" coveredstatements="8" conditionals="0" coveredconditionals="0" methods="8" coveredmethods="0"/>
      <file name="icon.tsx" path="E:\COURSE PRACTICES\DeepOrion\deep_resources\src\components\MenuItem\Icon\icon.tsx">
        <metrics statements="16" coveredstatements="8" conditionals="0" coveredconditionals="0" methods="8" coveredmethods="0"/>
        <line num="8" count="5" type="stmt"/>
        <line num="9" count="0" type="stmt"/>
        <line num="27" count="5" type="stmt"/>
        <line num="28" count="0" type="stmt"/>
        <line num="45" count="5" type="stmt"/>
        <line num="46" count="0" type="stmt"/>
        <line num="63" count="5" type="stmt"/>
        <line num="64" count="0" type="stmt"/>
        <line num="83" count="5" type="stmt"/>
        <line num="84" count="0" type="stmt"/>
        <line num="101" count="5" type="stmt"/>
        <line num="102" count="0" type="stmt"/>
        <line num="120" count="5" type="stmt"/>
        <line num="121" count="0" type="stmt"/>
        <line num="139" count="5" type="stmt"/>
        <line num="140" count="0" type="stmt"/>
      </file>
    </package>
    <package name="components.PopupModal">
      <metrics statements="16" coveredstatements="7" conditionals="12" coveredconditionals="0" methods="5" coveredmethods="0"/>
      <file name="index.tsx" path="E:\COURSE PRACTICES\DeepOrion\deep_resources\src\components\PopupModal\index.tsx">
        <metrics statements="16" coveredstatements="7" conditionals="12" coveredconditionals="0" methods="5" coveredmethods="0"/>
        <line num="1" count="5" type="stmt"/>
        <line num="2" count="5" type="stmt"/>
        <line num="10" count="5" type="stmt"/>
        <line num="11" count="5" type="stmt"/>
        <line num="12" count="5" type="stmt"/>
        <line num="14" count="5" type="stmt"/>
        <line num="53" count="5" type="stmt"/>
        <line num="64" count="0" type="stmt"/>
        <line num="65" count="0" type="stmt"/>
        <line num="66" count="0" type="stmt"/>
        <line num="68" count="0" type="stmt"/>
        <line num="69" count="0" type="stmt"/>
        <line num="71" count="0" type="stmt"/>
        <line num="92" count="0" type="stmt"/>
        <line num="99" count="0" type="stmt"/>
        <line num="100" count="0" type="cond" truecount="0" falsecount="2"/>
      </file>
    </package>
    <package name="components.PopupModal.Icons">
      <metrics statements="2" coveredstatements="1" conditionals="0" coveredconditionals="0" methods="1" coveredmethods="0"/>
      <file name="CloseIcon.tsx" path="E:\COURSE PRACTICES\DeepOrion\deep_resources\src\components\PopupModal\Icons\CloseIcon.tsx">
        <metrics statements="2" coveredstatements="1" conditionals="0" coveredconditionals="0" methods="1" coveredmethods="0"/>
        <line num="1" count="5" type="stmt"/>
        <line num="2" count="0" type="stmt"/>
      </file>
    </package>
    <package name="components.Skeleton">
      <metrics statements="15" coveredstatements="10" conditionals="0" coveredconditionals="0" methods="5" coveredmethods="0"/>
      <file name="index.tsx" path="E:\COURSE PRACTICES\DeepOrion\deep_resources\src\components\Skeleton\index.tsx">
        <metrics statements="15" coveredstatements="10" conditionals="0" coveredconditionals="0" methods="5" coveredmethods="0"/>
        <line num="2" count="5" type="stmt"/>
        <line num="3" count="5" type="stmt"/>
        <line num="4" count="5" type="stmt"/>
        <line num="5" count="5" type="stmt"/>
        <line num="9" count="5" type="stmt"/>
        <line num="48" count="5" type="stmt"/>
        <line num="49" count="0" type="stmt"/>
        <line num="57" count="5" type="stmt"/>
        <line num="58" count="0" type="stmt"/>
        <line num="70" count="5" type="stmt"/>
        <line num="71" count="0" type="stmt"/>
        <line num="83" count="5" type="stmt"/>
        <line num="84" count="0" type="stmt"/>
        <line num="100" count="5" type="stmt"/>
        <line num="101" count="0" type="stmt"/>
      </file>
    </package>
    <package name="components.Text">
      <metrics statements="7" coveredstatements="7" conditionals="2" coveredconditionals="2" methods="1" coveredmethods="1"/>
      <file name="index.tsx" path="E:\COURSE PRACTICES\DeepOrion\deep_resources\src\components\Text\index.tsx">
        <metrics statements="7" coveredstatements="7" conditionals="2" coveredconditionals="2" methods="1" coveredmethods="1"/>
        <line num="1" count="5" type="stmt"/>
        <line num="6" count="5" type="stmt"/>
        <line num="7" count="5" type="stmt"/>
        <line num="9" count="5" type="stmt"/>
        <line num="58" count="5" type="stmt"/>
        <line num="73" count="21" type="cond" truecount="2" falsecount="0"/>
        <line num="75" count="21" type="stmt"/>
      </file>
    </package>
    <package name="components.Tooltip">
      <metrics statements="41" coveredstatements="8" conditionals="29" coveredconditionals="0" methods="7" coveredmethods="0"/>
      <file name="index.tsx" path="E:\COURSE PRACTICES\DeepOrion\deep_resources\src\components\Tooltip\index.tsx">
        <metrics statements="41" coveredstatements="8" conditionals="29" coveredconditionals="0" methods="7" coveredmethods="0"/>
        <line num="1" count="5" type="stmt"/>
        <line num="2" count="5" type="stmt"/>
        <line num="3" count="5" type="stmt"/>
        <line num="5" count="5" type="stmt"/>
        <line num="30" count="5" type="stmt"/>
        <line num="32" count="0" type="stmt"/>
        <line num="33" count="0" type="stmt"/>
        <line num="35" count="0" type="stmt"/>
        <line num="36" count="0" type="cond" truecount="0" falsecount="2"/>
        <line num="37" count="0" type="stmt"/>
        <line num="38" count="0" type="stmt"/>
        <line num="40" count="0" type="cond" truecount="0" falsecount="1"/>
        <line num="41" count="0" type="stmt"/>
        <line num="45" count="0" type="stmt"/>
        <line num="46" count="0" type="cond" truecount="0" falsecount="2"/>
        <line num="47" count="0" type="cond" truecount="0" falsecount="1"/>
        <line num="48" count="0" type="stmt"/>
        <line num="49" count="0" type="stmt"/>
        <line num="51" count="0" type="stmt"/>
        <line num="52" count="0" type="cond" truecount="0" falsecount="1"/>
        <line num="53" count="0" type="stmt"/>
        <line num="57" count="0" type="stmt"/>
        <line num="58" count="0" type="stmt"/>
        <line num="61" count="0" type="stmt"/>
        <line num="89" count="5" type="stmt"/>
        <line num="90" count="0" type="stmt"/>
        <line num="91" count="0" type="cond" truecount="0" falsecount="5"/>
        <line num="93" count="0" type="stmt"/>
        <line num="95" count="0" type="stmt"/>
        <line num="97" count="0" type="stmt"/>
        <line num="99" count="0" type="stmt"/>
        <line num="101" count="0" type="stmt"/>
        <line num="105" count="5" type="stmt"/>
        <line num="106" count="0" type="stmt"/>
        <line num="107" count="0" type="cond" truecount="0" falsecount="5"/>
        <line num="109" count="0" type="stmt"/>
        <line num="111" count="0" type="stmt"/>
        <line num="113" count="0" type="stmt"/>
        <line num="115" count="0" type="stmt"/>
        <line num="117" count="0" type="stmt"/>
        <line num="121" count="5" type="stmt"/>
      </file>
    </package>
    <package name="utils">
      <metrics statements="3" coveredstatements="3" conditionals="0" coveredconditionals="0" methods="1" coveredmethods="1"/>
      <file name="index.tsx" path="E:\COURSE PRACTICES\DeepOrion\deep_resources\src\utils\index.tsx">
        <metrics statements="3" coveredstatements="3" conditionals="0" coveredconditionals="0" methods="1" coveredmethods="1"/>
        <line num="1" count="13" type="stmt"/>
        <line num="2" count="13" type="stmt"/>
        <line num="4" count="219" type="stmt"/>
      </file>
    </package>
  </project>
</coverage>
