<?xml version="1.0" encoding="UTF-8"?>
<coverage generated="1719923401372" clover="3.2.0">
  <project timestamp="1719923401372" name="All files">
    <metrics statements="58" coveredstatements="58" conditionals="52" coveredconditionals="41" methods="13" coveredmethods="13" elements="123" coveredelements="112" complexity="0" loc="58" ncloc="58" packages="5" files="5" classes="5"/>
    <package name="components.Button">
      <metrics statements="26" coveredstatements="26" conditionals="16" coveredconditionals="16" methods="8" coveredmethods="8"/>
      <file name="type.tsx" path="E:\COURSE PRACTICES\DeepOrion\deep_resources\src\components\Button\type.tsx">
        <metrics statements="26" coveredstatements="26" conditionals="16" coveredconditionals="16" methods="8" coveredmethods="8"/>
        <line num="1" count="3" type="cond" truecount="2" falsecount="0"/>
        <line num="2" count="3" type="stmt"/>
        <line num="3" count="3" type="stmt"/>
        <line num="4" count="3" type="stmt"/>
        <line num="7" count="3" type="cond" truecount="2" falsecount="0"/>
        <line num="8" count="3" type="stmt"/>
        <line num="9" count="3" type="stmt"/>
        <line num="12" count="3" type="cond" truecount="2" falsecount="0"/>
        <line num="13" count="3" type="stmt"/>
        <line num="14" count="3" type="stmt"/>
        <line num="15" count="3" type="stmt"/>
        <line num="18" count="3" type="cond" truecount="2" falsecount="0"/>
        <line num="19" count="3" type="stmt"/>
        <line num="20" count="3" type="stmt"/>
        <line num="23" count="3" type="cond" truecount="2" falsecount="0"/>
        <line num="24" count="3" type="stmt"/>
        <line num="25" count="3" type="stmt"/>
        <line num="26" count="3" type="stmt"/>
        <line num="29" count="3" type="cond" truecount="2" falsecount="0"/>
        <line num="30" count="3" type="stmt"/>
        <line num="31" count="3" type="stmt"/>
        <line num="34" count="3" type="cond" truecount="2" falsecount="0"/>
        <line num="35" count="3" type="stmt"/>
        <line num="36" count="3" type="stmt"/>
        <line num="39" count="3" type="cond" truecount="2" falsecount="0"/>
        <line num="40" count="3" type="stmt"/>
      </file>
    </package>
    <package name="components.Button.DefaultButton">
      <metrics statements="15" coveredstatements="15" conditionals="32" coveredconditionals="21" methods="2" coveredmethods="2"/>
      <file name="index.tsx" path="E:\COURSE PRACTICES\DeepOrion\deep_resources\src\components\Button\DefaultButton\index.tsx">
        <metrics statements="15" coveredstatements="15" conditionals="32" coveredconditionals="21" methods="2" coveredmethods="2"/>
        <line num="1" count="1" type="stmt"/>
        <line num="2" count="1" type="stmt"/>
        <line num="3" count="1" type="stmt"/>
        <line num="4" count="1" type="stmt"/>
        <line num="6" count="1" type="stmt"/>
        <line num="65" count="1" type="stmt"/>
        <line num="79" count="5" type="cond" truecount="3" falsecount="1"/>
        <line num="85" count="5" type="stmt"/>
        <line num="87" count="5" type="cond" truecount="2" falsecount="0"/>
        <line num="95" count="5" type="cond" truecount="1" falsecount="1"/>
        <line num="97" count="5" type="stmt"/>
        <line num="100" count="1" type="stmt"/>
        <line num="115" count="5" type="stmt"/>
        <line num="116" count="5" type="cond" truecount="3" falsecount="0"/>
        <line num="118" count="5" type="stmt"/>
      </file>
    </package>
    <package name="components.Button.GroupIconButton">
      <metrics statements="7" coveredstatements="7" conditionals="1" coveredconditionals="1" methods="1" coveredmethods="1"/>
      <file name="index.tsx" path="E:\COURSE PRACTICES\DeepOrion\deep_resources\src\components\Button\GroupIconButton\index.tsx">
        <metrics statements="7" coveredstatements="7" conditionals="1" coveredconditionals="1" methods="1" coveredmethods="1"/>
        <line num="1" count="1" type="stmt"/>
        <line num="2" count="1" type="stmt"/>
        <line num="3" count="1" type="stmt"/>
        <line num="4" count="1" type="stmt"/>
        <line num="6" count="1" type="stmt"/>
        <line num="29" count="1" type="stmt"/>
        <line num="34" count="6" type="stmt"/>
      </file>
    </package>
    <package name="components.Button.SingleIconButton">
      <metrics statements="7" coveredstatements="7" conditionals="3" coveredconditionals="3" methods="1" coveredmethods="1"/>
      <file name="index.tsx" path="E:\COURSE PRACTICES\DeepOrion\deep_resources\src\components\Button\SingleIconButton\index.tsx">
        <metrics statements="7" coveredstatements="7" conditionals="3" coveredconditionals="3" methods="1" coveredmethods="1"/>
        <line num="1" count="1" type="stmt"/>
        <line num="2" count="1" type="stmt"/>
        <line num="3" count="1" type="stmt"/>
        <line num="4" count="1" type="stmt"/>
        <line num="6" count="1" type="stmt"/>
        <line num="31" count="1" type="stmt"/>
        <line num="44" count="3" type="stmt"/>
      </file>
    </package>
    <package name="utils">
      <metrics statements="3" coveredstatements="3" conditionals="0" coveredconditionals="0" methods="1" coveredmethods="1"/>
      <file name="index.tsx" path="E:\COURSE PRACTICES\DeepOrion\deep_resources\src\utils\index.tsx">
        <metrics statements="3" coveredstatements="3" conditionals="0" coveredconditionals="0" methods="1" coveredmethods="1"/>
        <line num="1" count="3" type="stmt"/>
        <line num="2" count="3" type="stmt"/>
        <line num="4" count="19" type="stmt"/>
      </file>
    </package>
  </project>
</coverage>
