{"E:\\COURSE PRACTICES\\DeepOrion\\deep_resources\\src\\components\\index.tsx": {"path":"E:\\COURSE PRACTICES\\DeepOrion\\deep_resources\\src\\components\\index.tsx","statementMap":{"0":{"start":{"line":2,"column":0},"end":{"line":2,"column":39}},"1":{"start":{"line":3,"column":0},"end":{"line":3,"column":42}},"2":{"start":{"line":4,"column":0},"end":{"line":4,"column":41}},"3":{"start":{"line":5,"column":0},"end":{"line":5,"column":24}},"4":{"start":{"line":6,"column":0},"end":{"line":6,"column":23}},"5":{"start":{"line":7,"column":0},"end":{"line":7,"column":25}},"6":{"start":{"line":8,"column":0},"end":{"line":8,"column":27}},"7":{"start":{"line":9,"column":0},"end":{"line":9,"column":23}},"8":{"start":{"line":10,"column":0},"end":{"line":10,"column":27}},"9":{"start":{"line":11,"column":0},"end":{"line":11,"column":32}},"10":{"start":{"line":12,"column":0},"end":{"line":12,"column":40}},"11":{"start":{"line":13,"column":0},"end":{"line":13,"column":30}},"12":{"start":{"line":14,"column":0},"end":{"line":14,"column":48}},"13":{"start":{"line":15,"column":0},"end":{"line":15,"column":41}},"14":{"start":{"line":16,"column":0},"end":{"line":16,"column":28}},"15":{"start":{"line":17,"column":0},"end":{"line":17,"column":29}},"16":{"start":{"line":18,"column":0},"end":{"line":18,"column":27}},"17":{"start":{"line":21,"column":0},"end":{"line":21,"column":29}},"18":{"start":{"line":22,"column":0},"end":{"line":22,"column":40}},"19":{"start":{"line":23,"column":0},"end":{"line":23,"column":38}},"20":{"start":{"line":24,"column":0},"end":{"line":24,"column":25}},"21":{"start":{"line":25,"column":0},"end":{"line":25,"column":27}},"22":{"start":{"line":26,"column":0},"end":{"line":26,"column":26}},"23":{"start":{"line":27,"column":0},"end":{"line":27,"column":27}},"24":{"start":{"line":28,"column":0},"end":{"line":28,"column":37}},"25":{"start":{"line":29,"column":0},"end":{"line":29,"column":35}},"26":{"start":{"line":30,"column":0},"end":{"line":30,"column":35}},"27":{"start":{"line":31,"column":0},"end":{"line":31,"column":32}}},"fnMap":{},"branchMap":{},"s":{"0":5,"1":5,"2":5,"3":5,"4":5,"5":5,"6":5,"7":5,"8":5,"9":5,"10":5,"11":5,"12":5,"13":5,"14":5,"15":5,"16":5,"17":5,"18":5,"19":5,"20":5,"21":5,"22":5,"23":5,"24":5,"25":5,"26":5,"27":5},"f":{},"b":{}}
,"E:\\COURSE PRACTICES\\DeepOrion\\deep_resources\\src\\components\\translations.tsx": {"path":"E:\\COURSE PRACTICES\\DeepOrion\\deep_resources\\src\\components\\translations.tsx","statementMap":{"0":{"start":{"line":1,"column":0},"end":{"line":1,"column":null}},"1":{"start":{"line":2,"column":2},"end":{"line":2,"column":null}},"2":{"start":{"line":3,"column":2},"end":{"line":3,"column":null}},"3":{"start":{"line":4,"column":2},"end":{"line":4,"column":null}},"4":{"start":{"line":5,"column":2},"end":{"line":5,"column":null}},"5":{"start":{"line":6,"column":2},"end":{"line":6,"column":null}},"6":{"start":{"line":7,"column":2},"end":{"line":7,"column":null}},"7":{"start":{"line":8,"column":2},"end":{"line":8,"column":null}}},"fnMap":{"0":{"name":"(anonymous_0)","decl":{"start":{"line":1,"column":0},"end":{"line":1,"column":12}},"loc":{"start":{"line":1,"column":24},"end":{"line":9,"column":1}}}},"branchMap":{"0":{"loc":{"start":{"line":1,"column":12},"end":{"line":1,"column":null}},"type":"binary-expr","locations":[{"start":{"line":1,"column":12},"end":{"line":1,"column":24}},{"start":{"line":1,"column":24},"end":{"line":1,"column":null}}]}},"s":{"0":12,"1":12,"2":12,"3":12,"4":12,"5":12,"6":12,"7":12},"f":{"0":12},"b":{"0":[12,12]}}
,"E:\\COURSE PRACTICES\\DeepOrion\\deep_resources\\src\\components\\Accordion\\AccordionBody.tsx": {"path":"E:\\COURSE PRACTICES\\DeepOrion\\deep_resources\\src\\components\\Accordion\\AccordionBody.tsx","statementMap":{"0":{"start":{"line":1,"column":0},"end":{"line":1,"column":26}},"1":{"start":{"line":2,"column":0},"end":{"line":2,"column":47}},"2":{"start":{"line":3,"column":0},"end":{"line":3,"column":38}},"3":{"start":{"line":5,"column":29},"end":{"line":15,"column":1}},"4":{"start":{"line":6,"column":2},"end":{"line":14,"column":4}},"5":{"start":{"line":5,"column":13},"end":{"line":5,"column":29}}},"fnMap":{"0":{"name":"(anonymous_1)","decl":{"start":{"line":5,"column":29},"end":{"line":5,"column":32}},"loc":{"start":{"line":5,"column":34},"end":{"line":15,"column":1}}}},"branchMap":{},"s":{"0":1,"1":1,"2":1,"3":1,"4":1,"5":1},"f":{"0":1},"b":{}}
,"E:\\COURSE PRACTICES\\DeepOrion\\deep_resources\\src\\components\\Accordion\\AccordionTypes.tsx": {"path":"E:\\COURSE PRACTICES\\DeepOrion\\deep_resources\\src\\components\\Accordion\\AccordionTypes.tsx","statementMap":{"0":{"start":{"line":2,"column":0},"end":{"line":2,"column":null}},"1":{"start":{"line":3,"column":4},"end":{"line":3,"column":null}},"2":{"start":{"line":4,"column":4},"end":{"line":4,"column":null}},"3":{"start":{"line":5,"column":4},"end":{"line":5,"column":null}},"4":{"start":{"line":9,"column":0},"end":{"line":9,"column":null}},"5":{"start":{"line":10,"column":4},"end":{"line":10,"column":null}},"6":{"start":{"line":11,"column":4},"end":{"line":11,"column":null}},"7":{"start":{"line":12,"column":4},"end":{"line":12,"column":null}},"8":{"start":{"line":16,"column":0},"end":{"line":16,"column":null}},"9":{"start":{"line":17,"column":4},"end":{"line":17,"column":null}},"10":{"start":{"line":20,"column":13},"end":{"line":20,"column":null}}},"fnMap":{"0":{"name":"(anonymous_0)","decl":{"start":{"line":2,"column":0},"end":{"line":2,"column":12}},"loc":{"start":{"line":2,"column":26},"end":{"line":6,"column":1}}},"1":{"name":"(anonymous_1)","decl":{"start":{"line":9,"column":0},"end":{"line":9,"column":12}},"loc":{"start":{"line":9,"column":23},"end":{"line":13,"column":1}}},"2":{"name":"(anonymous_2)","decl":{"start":{"line":16,"column":0},"end":{"line":16,"column":12}},"loc":{"start":{"line":16,"column":23},"end":{"line":18,"column":1}}}},"branchMap":{"0":{"loc":{"start":{"line":2,"column":12},"end":{"line":2,"column":null}},"type":"binary-expr","locations":[{"start":{"line":2,"column":12},"end":{"line":2,"column":26}},{"start":{"line":2,"column":26},"end":{"line":2,"column":null}}]},"1":{"loc":{"start":{"line":9,"column":12},"end":{"line":9,"column":null}},"type":"binary-expr","locations":[{"start":{"line":9,"column":12},"end":{"line":9,"column":23}},{"start":{"line":9,"column":23},"end":{"line":9,"column":null}}]},"2":{"loc":{"start":{"line":16,"column":12},"end":{"line":16,"column":null}},"type":"binary-expr","locations":[{"start":{"line":16,"column":12},"end":{"line":16,"column":23}},{"start":{"line":16,"column":23},"end":{"line":16,"column":null}}]}},"s":{"0":3,"1":3,"2":3,"3":3,"4":3,"5":3,"6":3,"7":3,"8":3,"9":3,"10":3},"f":{"0":3,"1":3,"2":3},"b":{"0":[3,3],"1":[3,3],"2":[3,3]}}
,"E:\\COURSE PRACTICES\\DeepOrion\\deep_resources\\src\\components\\Accordion\\index.tsx": {"path":"E:\\COURSE PRACTICES\\DeepOrion\\deep_resources\\src\\components\\Accordion\\index.tsx","statementMap":{"0":{"start":{"line":1,"column":0},"end":{"line":1,"column":29}},"1":{"start":{"line":2,"column":0},"end":{"line":2,"column":61}},"2":{"start":{"line":3,"column":0},"end":{"line":3,"column":68}},"3":{"start":{"line":4,"column":0},"end":{"line":4,"column":50}},"4":{"start":{"line":6,"column":23},"end":{"line":24,"column":2}},"5":{"start":{"line":37,"column":18},"end":{"line":95,"column":null}},"6":{"start":{"line":52,"column":44},"end":{"line":52,"column":59}},"7":{"start":{"line":54,"column":24},"end":{"line":54,"column":60}},"8":{"start":{"line":54,"column":30},"end":{"line":54,"column":60}},"9":{"start":{"line":56,"column":4},"end":{"line":94,"column":6}},"10":{"start":{"line":98,"column":0},"end":{"line":98,"column":25}}},"fnMap":{"0":{"name":"(anonymous_0)","decl":{"start":{"line":38,"column":2},"end":{"line":38,"column":null}},"loc":{"start":{"line":51,"column":6},"end":{"line":95,"column":3}}},"1":{"name":"(anonymous_1)","decl":{"start":{"line":54,"column":24},"end":{"line":54,"column":27}},"loc":{"start":{"line":54,"column":30},"end":{"line":54,"column":60}}}},"branchMap":{"0":{"loc":{"start":{"line":40,"column":6},"end":{"line":40,"column":36}},"type":"default-arg","locations":[{"start":{"line":40,"column":16},"end":{"line":40,"column":36}}]},"1":{"loc":{"start":{"line":77,"column":104},"end":{"line":77,"column":150}},"type":"binary-expr","locations":[{"start":{"line":77,"column":104},"end":{"line":77,"column":116}},{"start":{"line":77,"column":120},"end":{"line":77,"column":150}}]},"2":{"loc":{"start":{"line":84,"column":9},"end":{"line":91,"column":null}},"type":"binary-expr","locations":[{"start":{"line":84,"column":9},"end":{"line":84,"column":21}},{"start":{"line":85,"column":10},"end":{"line":90,"column":null}}]},"3":{"loc":{"start":{"line":87,"column":25},"end":{"line":87,"column":57}},"type":"cond-expr","locations":[{"start":{"line":87,"column":40},"end":{"line":87,"column":49}},{"start":{"line":87,"column":52},"end":{"line":87,"column":57}}]}},"s":{"0":2,"1":2,"2":2,"3":2,"4":2,"5":2,"6":4,"7":4,"8":1,"9":4,"10":2},"f":{"0":4,"1":1},"b":{"0":[4],"1":[4,1],"2":[4,1],"3":[1,0]}}
,"E:\\COURSE PRACTICES\\DeepOrion\\deep_resources\\src\\components\\Accordion\\CoustmaizeAccordion\\index.tsx": {"path":"E:\\COURSE PRACTICES\\DeepOrion\\deep_resources\\src\\components\\Accordion\\CoustmaizeAccordion\\index.tsx","statementMap":{"0":{"start":{"line":1,"column":0},"end":{"line":1,"column":29}},"1":{"start":{"line":2,"column":0},"end":{"line":2,"column":61}},"2":{"start":{"line":3,"column":0},"end":{"line":3,"column":68}},"3":{"start":{"line":4,"column":0},"end":{"line":4,"column":51}},"4":{"start":{"line":6,"column":32},"end":{"line":33,"column":null}},"5":{"start":{"line":45,"column":13},"end":{"line":87,"column":2}},"6":{"start":{"line":53,"column":44},"end":{"line":53,"column":59}},"7":{"start":{"line":55,"column":24},"end":{"line":55,"column":60}},"8":{"start":{"line":55,"column":30},"end":{"line":55,"column":60}},"9":{"start":{"line":57,"column":4},"end":{"line":85,"column":6}},"10":{"start":{"line":79,"column":16},"end":{"line":79,"column":33}},"11":{"start":{"line":89,"column":0},"end":{"line":89,"column":35}}},"fnMap":{"0":{"name":"(anonymous_0)","decl":{"start":{"line":49,"column":2},"end":{"line":49,"column":null}},"loc":{"start":{"line":52,"column":6},"end":{"line":86,"column":3}}},"1":{"name":"(anonymous_1)","decl":{"start":{"line":55,"column":24},"end":{"line":55,"column":27}},"loc":{"start":{"line":55,"column":30},"end":{"line":55,"column":60}}},"2":{"name":"(anonymous_2)","decl":{"start":{"line":78,"column":27},"end":{"line":78,"column":28}},"loc":{"start":{"line":79,"column":16},"end":{"line":79,"column":33}}}},"branchMap":{"0":{"loc":{"start":{"line":67,"column":90},"end":{"line":67,"column":135}},"type":"binary-expr","locations":[{"start":{"line":67,"column":90},"end":{"line":67,"column":102}},{"start":{"line":67,"column":106},"end":{"line":67,"column":135}}]},"1":{"loc":{"start":{"line":75,"column":9},"end":{"line":82,"column":null}},"type":"binary-expr","locations":[{"start":{"line":75,"column":9},"end":{"line":75,"column":21}},{"start":{"line":76,"column":10},"end":{"line":81,"column":null}}]}},"s":{"0":1,"1":1,"2":1,"3":1,"4":1,"5":1,"6":4,"7":4,"8":1,"9":4,"10":2,"11":1},"f":{"0":4,"1":1,"2":2},"b":{"0":[4,1],"1":[4,1]}}
,"E:\\COURSE PRACTICES\\DeepOrion\\deep_resources\\src\\components\\Accordion\\Icon\\Icon.tsx": {"path":"E:\\COURSE PRACTICES\\DeepOrion\\deep_resources\\src\\components\\Accordion\\Icon\\Icon.tsx","statementMap":{"0":{"start":{"line":3,"column":33},"end":{"line":19,"column":1}},"1":{"start":{"line":4,"column":2},"end":{"line":18,"column":4}},"2":{"start":{"line":3,"column":13},"end":{"line":3,"column":33}},"3":{"start":{"line":21,"column":34},"end":{"line":38,"column":1}},"4":{"start":{"line":22,"column":2},"end":{"line":37,"column":4}},"5":{"start":{"line":21,"column":13},"end":{"line":21,"column":34}},"6":{"start":{"line":40,"column":34},"end":{"line":56,"column":1}},"7":{"start":{"line":41,"column":2},"end":{"line":55,"column":4}},"8":{"start":{"line":40,"column":13},"end":{"line":40,"column":34}},"9":{"start":{"line":58,"column":21},"end":{"line":74,"column":1}},"10":{"start":{"line":59,"column":2},"end":{"line":73,"column":4}},"11":{"start":{"line":58,"column":13},"end":{"line":58,"column":21}}},"fnMap":{"0":{"name":"(anonymous_0)","decl":{"start":{"line":3,"column":33},"end":{"line":3,"column":36}},"loc":{"start":{"line":3,"column":38},"end":{"line":19,"column":1}}},"1":{"name":"(anonymous_1)","decl":{"start":{"line":21,"column":34},"end":{"line":21,"column":37}},"loc":{"start":{"line":21,"column":39},"end":{"line":38,"column":1}}},"2":{"name":"(anonymous_2)","decl":{"start":{"line":40,"column":34},"end":{"line":40,"column":37}},"loc":{"start":{"line":40,"column":39},"end":{"line":56,"column":1}}},"3":{"name":"(anonymous_3)","decl":{"start":{"line":58,"column":21},"end":{"line":58,"column":24}},"loc":{"start":{"line":58,"column":26},"end":{"line":74,"column":1}}}},"branchMap":{},"s":{"0":2,"1":2,"2":2,"3":2,"4":2,"5":2,"6":2,"7":1,"8":2,"9":2,"10":1,"11":2},"f":{"0":2,"1":2,"2":1,"3":1},"b":{}}
,"E:\\COURSE PRACTICES\\DeepOrion\\deep_resources\\src\\components\\Avatar\\Basic\\index.tsx": {"path":"E:\\COURSE PRACTICES\\DeepOrion\\deep_resources\\src\\components\\Avatar\\Basic\\index.tsx","statementMap":{"0":{"start":{"line":1,"column":0},"end":{"line":1,"column":35}},"1":{"start":{"line":2,"column":0},"end":{"line":2,"column":29}},"2":{"start":{"line":3,"column":0},"end":{"line":3,"column":61}},"3":{"start":{"line":5,"column":0},"end":{"line":5,"column":35}},"4":{"start":{"line":6,"column":0},"end":{"line":6,"column":54}},"5":{"start":{"line":8,"column":22},"end":{"line":21,"column":null}},"6":{"start":{"line":24,"column":20},"end":{"line":34,"column":1}},"7":{"start":{"line":25,"column":19},"end":{"line":31,"column":10}},"8":{"start":{"line":28,"column":23},"end":{"line":28,"column":30}},"9":{"start":{"line":33,"column":2},"end":{"line":33,"column":18}},"10":{"start":{"line":36,"column":29},"end":{"line":47,"column":1}},"11":{"start":{"line":37,"column":19},"end":{"line":40,"column":71}},"12":{"start":{"line":40,"column":28},"end":{"line":40,"column":67}},"13":{"start":{"line":41,"column":16},"end":{"line":44,"column":23}},"14":{"start":{"line":46,"column":2},"end":{"line":46,"column":15}},"15":{"start":{"line":59,"column":22},"end":{"line":96,"column":null}},"16":{"start":{"line":72,"column":4},"end":{"line":95,"column":6}},"17":{"start":{"line":99,"column":0},"end":{"line":99,"column":29}}},"fnMap":{"0":{"name":"(anonymous_0)","decl":{"start":{"line":24,"column":20},"end":{"line":24,"column":21}},"loc":{"start":{"line":24,"column":52},"end":{"line":34,"column":1}}},"1":{"name":"(anonymous_1)","decl":{"start":{"line":28,"column":13},"end":{"line":28,"column":14}},"loc":{"start":{"line":28,"column":23},"end":{"line":28,"column":30}}},"2":{"name":"(anonymous_2)","decl":{"start":{"line":36,"column":29},"end":{"line":36,"column":30}},"loc":{"start":{"line":36,"column":54},"end":{"line":47,"column":1}}},"3":{"name":"(anonymous_3)","decl":{"start":{"line":40,"column":13},"end":{"line":40,"column":14}},"loc":{"start":{"line":40,"column":28},"end":{"line":40,"column":67}}},"4":{"name":"(anonymous_4)","decl":{"start":{"line":60,"column":2},"end":{"line":60,"column":null}},"loc":{"start":{"line":71,"column":6},"end":{"line":96,"column":3}}}},"branchMap":{"0":{"loc":{"start":{"line":25,"column":19},"end":{"line":31,"column":10}},"type":"cond-expr","locations":[{"start":{"line":26,"column":6},"end":{"line":30,"column":22}},{"start":{"line":31,"column":6},"end":{"line":31,"column":10}}]},"1":{"loc":{"start":{"line":64,"column":6},"end":{"line":64,"column":21}},"type":"default-arg","locations":[{"start":{"line":64,"column":19},"end":{"line":64,"column":21}}]},"2":{"loc":{"start":{"line":65,"column":6},"end":{"line":65,"column":20}},"type":"default-arg","locations":[{"start":{"line":65,"column":18},"end":{"line":65,"column":20}}]},"3":{"loc":{"start":{"line":66,"column":6},"end":{"line":66,"column":25}},"type":"default-arg","locations":[{"start":{"line":66,"column":18},"end":{"line":66,"column":25}}]},"4":{"loc":{"start":{"line":67,"column":6},"end":{"line":67,"column":30}},"type":"default-arg","locations":[{"start":{"line":67,"column":13},"end":{"line":67,"column":30}}]},"5":{"loc":{"start":{"line":74,"column":9},"end":{"line":92,"column":null}},"type":"cond-expr","locations":[{"start":{"line":75,"column":10},"end":{"line":78,"column":null}},{"start":{"line":81,"column":10},"end":{"line":91,"column":null}}]},"6":{"loc":{"start":{"line":86,"column":31},"end":{"line":86,"column":71}},"type":"binary-expr","locations":[{"start":{"line":86,"column":31},"end":{"line":86,"column":41}},{"start":{"line":86,"column":45},"end":{"line":86,"column":71}}]}},"s":{"0":5,"1":5,"2":5,"3":5,"4":5,"5":5,"6":5,"7":4,"8":8,"9":4,"10":5,"11":4,"12":28,"13":4,"14":4,"15":5,"16":5,"17":5},"f":{"0":4,"1":8,"2":4,"3":28,"4":5},"b":{"0":[4,0],"1":[5],"2":[5],"3":[5],"4":[2],"5":[1,4],"6":[4,4]}}
,"E:\\COURSE PRACTICES\\DeepOrion\\deep_resources\\src\\components\\BreadCrumb\\index.tsx": {"path":"E:\\COURSE PRACTICES\\DeepOrion\\deep_resources\\src\\components\\BreadCrumb\\index.tsx","statementMap":{"0":{"start":{"line":1,"column":0},"end":{"line":1,"column":29}},"1":{"start":{"line":2,"column":0},"end":{"line":2,"column":61}},"2":{"start":{"line":3,"column":0},"end":{"line":3,"column":61}},"3":{"start":{"line":4,"column":0},"end":{"line":4,"column":35}},"4":{"start":{"line":6,"column":25},"end":{"line":9,"column":2}},"5":{"start":{"line":23,"column":13},"end":{"line":80,"column":2}},"6":{"start":{"line":25,"column":42},"end":{"line":25,"column":71}},"7":{"start":{"line":26,"column":34},"end":{"line":26,"column":58}},"8":{"start":{"line":28,"column":28},"end":{"line":30,"column":5}},"9":{"start":{"line":29,"column":6},"end":{"line":29,"column":28}},"10":{"start":{"line":32,"column":31},"end":{"line":34,"column":5}},"11":{"start":{"line":33,"column":6},"end":{"line":33,"column":23}},"12":{"start":{"line":36,"column":33},"end":{"line":55,"column":null}},"13":{"start":{"line":37,"column":6},"end":{"line":38,"column":null}},"14":{"start":{"line":40,"column":23},"end":{"line":40,"column":45}},"15":{"start":{"line":58,"column":4},"end":{"line":78,"column":6}},"16":{"start":{"line":74,"column":47},"end":{"line":74,"column":80}}},"fnMap":{"0":{"name":"(anonymous_0)","decl":{"start":{"line":24,"column":2},"end":{"line":24,"column":3}},"loc":{"start":{"line":24,"column":92},"end":{"line":79,"column":3}}},"1":{"name":"(anonymous_1)","decl":{"start":{"line":28,"column":28},"end":{"line":28,"column":29}},"loc":{"start":{"line":28,"column":46},"end":{"line":30,"column":5}}},"2":{"name":"(anonymous_2)","decl":{"start":{"line":32,"column":31},"end":{"line":32,"column":34}},"loc":{"start":{"line":32,"column":36},"end":{"line":34,"column":5}}},"3":{"name":"(anonymous_3)","decl":{"start":{"line":36,"column":33},"end":{"line":36,"column":34}},"loc":{"start":{"line":37,"column":6},"end":{"line":38,"column":null}}},"4":{"name":"(anonymous_4)","decl":{"start":{"line":40,"column":17},"end":{"line":40,"column":20}},"loc":{"start":{"line":40,"column":23},"end":{"line":40,"column":45}}},"5":{"name":"(anonymous_5)","decl":{"start":{"line":74,"column":30},"end":{"line":74,"column":31}},"loc":{"start":{"line":74,"column":47},"end":{"line":74,"column":80}}}},"branchMap":{"0":{"loc":{"start":{"line":24,"column":16},"end":{"line":24,"column":36}},"type":"default-arg","locations":[{"start":{"line":24,"column":34},"end":{"line":24,"column":36}}]},"1":{"loc":{"start":{"line":42,"column":9},"end":{"line":43,"column":null}},"type":"binary-expr","locations":[{"start":{"line":42,"column":9},"end":{"line":42,"column":21}},{"start":{"line":43,"column":10},"end":{"line":43,"column":78}}]},"2":{"loc":{"start":{"line":48,"column":26},"end":{"line":48,"column":71}},"type":"cond-expr","locations":[{"start":{"line":48,"column":50},"end":{"line":48,"column":59}},{"start":{"line":48,"column":62},"end":{"line":48,"column":71}}]},"3":{"loc":{"start":{"line":52,"column":9},"end":{"line":53,"column":null}},"type":"binary-expr","locations":[{"start":{"line":52,"column":9},"end":{"line":52,"column":43}},{"start":{"line":53,"column":10},"end":{"line":53,"column":109}}]},"4":{"loc":{"start":{"line":53,"column":20},"end":{"line":53,"column":68}},"type":"binary-expr","locations":[{"start":{"line":53,"column":20},"end":{"line":53,"column":41}},{"start":{"line":53,"column":45},"end":{"line":53,"column":68}}]},"5":{"loc":{"start":{"line":64,"column":9},"end":{"line":74,"column":null}},"type":"cond-expr","locations":[{"start":{"line":65,"column":10},"end":{"line":71,"column":null}},{"start":{"line":74,"column":10},"end":{"line":74,"column":81}}]},"6":{"loc":{"start":{"line":64,"column":9},"end":{"line":64,"column":47}},"type":"binary-expr","locations":[{"start":{"line":64,"column":9},"end":{"line":64,"column":35}},{"start":{"line":64,"column":39},"end":{"line":64,"column":47}}]}},"s":{"0":5,"1":5,"2":5,"3":5,"4":5,"5":5,"6":0,"7":0,"8":0,"9":0,"10":0,"11":0,"12":0,"13":0,"14":0,"15":0,"16":0},"f":{"0":0,"1":0,"2":0,"3":0,"4":0,"5":0},"b":{"0":[0],"1":[0,0],"2":[0,0],"3":[0,0],"4":[0,0],"5":[0,0],"6":[0,0]}}
,"E:\\COURSE PRACTICES\\DeepOrion\\deep_resources\\src\\components\\Button\\type.tsx": {"path":"E:\\COURSE PRACTICES\\DeepOrion\\deep_resources\\src\\components\\Button\\type.tsx","statementMap":{"0":{"start":{"line":1,"column":0},"end":{"line":1,"column":null}},"1":{"start":{"line":2,"column":2},"end":{"line":2,"column":null}},"2":{"start":{"line":3,"column":2},"end":{"line":3,"column":null}},"3":{"start":{"line":4,"column":2},"end":{"line":4,"column":null}},"4":{"start":{"line":7,"column":0},"end":{"line":7,"column":null}},"5":{"start":{"line":8,"column":2},"end":{"line":8,"column":null}},"6":{"start":{"line":9,"column":2},"end":{"line":9,"column":null}},"7":{"start":{"line":12,"column":0},"end":{"line":12,"column":null}},"8":{"start":{"line":13,"column":2},"end":{"line":13,"column":null}},"9":{"start":{"line":14,"column":2},"end":{"line":14,"column":null}},"10":{"start":{"line":15,"column":2},"end":{"line":15,"column":null}},"11":{"start":{"line":18,"column":0},"end":{"line":18,"column":null}},"12":{"start":{"line":19,"column":2},"end":{"line":19,"column":null}},"13":{"start":{"line":20,"column":2},"end":{"line":20,"column":null}},"14":{"start":{"line":23,"column":0},"end":{"line":23,"column":null}},"15":{"start":{"line":24,"column":2},"end":{"line":24,"column":null}},"16":{"start":{"line":25,"column":2},"end":{"line":25,"column":null}},"17":{"start":{"line":26,"column":2},"end":{"line":26,"column":null}},"18":{"start":{"line":29,"column":0},"end":{"line":29,"column":null}},"19":{"start":{"line":30,"column":2},"end":{"line":30,"column":null}},"20":{"start":{"line":31,"column":2},"end":{"line":31,"column":null}},"21":{"start":{"line":34,"column":0},"end":{"line":34,"column":null}},"22":{"start":{"line":35,"column":2},"end":{"line":35,"column":null}},"23":{"start":{"line":36,"column":2},"end":{"line":36,"column":null}},"24":{"start":{"line":39,"column":0},"end":{"line":39,"column":null}},"25":{"start":{"line":40,"column":2},"end":{"line":40,"column":null}}},"fnMap":{"0":{"name":"(anonymous_0)","decl":{"start":{"line":1,"column":0},"end":{"line":1,"column":12}},"loc":{"start":{"line":1,"column":25},"end":{"line":5,"column":1}}},"1":{"name":"(anonymous_1)","decl":{"start":{"line":7,"column":0},"end":{"line":7,"column":12}},"loc":{"start":{"line":7,"column":27},"end":{"line":10,"column":1}}},"2":{"name":"(anonymous_2)","decl":{"start":{"line":12,"column":0},"end":{"line":12,"column":12}},"loc":{"start":{"line":12,"column":22},"end":{"line":16,"column":1}}},"3":{"name":"(anonymous_3)","decl":{"start":{"line":18,"column":0},"end":{"line":18,"column":12}},"loc":{"start":{"line":18,"column":30},"end":{"line":21,"column":1}}},"4":{"name":"(anonymous_4)","decl":{"start":{"line":23,"column":0},"end":{"line":23,"column":12}},"loc":{"start":{"line":23,"column":27},"end":{"line":27,"column":1}}},"5":{"name":"(anonymous_5)","decl":{"start":{"line":29,"column":0},"end":{"line":29,"column":12}},"loc":{"start":{"line":29,"column":25},"end":{"line":32,"column":1}}},"6":{"name":"(anonymous_6)","decl":{"start":{"line":34,"column":0},"end":{"line":34,"column":12}},"loc":{"start":{"line":34,"column":25},"end":{"line":37,"column":1}}},"7":{"name":"(anonymous_7)","decl":{"start":{"line":39,"column":0},"end":{"line":39,"column":12}},"loc":{"start":{"line":39,"column":24},"end":{"line":41,"column":1}}}},"branchMap":{"0":{"loc":{"start":{"line":1,"column":12},"end":{"line":1,"column":null}},"type":"binary-expr","locations":[{"start":{"line":1,"column":12},"end":{"line":1,"column":25}},{"start":{"line":1,"column":25},"end":{"line":1,"column":null}}]},"1":{"loc":{"start":{"line":7,"column":12},"end":{"line":7,"column":null}},"type":"binary-expr","locations":[{"start":{"line":7,"column":12},"end":{"line":7,"column":27}},{"start":{"line":7,"column":27},"end":{"line":7,"column":null}}]},"2":{"loc":{"start":{"line":12,"column":12},"end":{"line":12,"column":null}},"type":"binary-expr","locations":[{"start":{"line":12,"column":12},"end":{"line":12,"column":22}},{"start":{"line":12,"column":22},"end":{"line":12,"column":null}}]},"3":{"loc":{"start":{"line":18,"column":12},"end":{"line":18,"column":null}},"type":"binary-expr","locations":[{"start":{"line":18,"column":12},"end":{"line":18,"column":30}},{"start":{"line":18,"column":30},"end":{"line":18,"column":null}}]},"4":{"loc":{"start":{"line":23,"column":12},"end":{"line":23,"column":null}},"type":"binary-expr","locations":[{"start":{"line":23,"column":12},"end":{"line":23,"column":27}},{"start":{"line":23,"column":27},"end":{"line":23,"column":null}}]},"5":{"loc":{"start":{"line":29,"column":12},"end":{"line":29,"column":null}},"type":"binary-expr","locations":[{"start":{"line":29,"column":12},"end":{"line":29,"column":25}},{"start":{"line":29,"column":25},"end":{"line":29,"column":null}}]},"6":{"loc":{"start":{"line":34,"column":12},"end":{"line":34,"column":null}},"type":"binary-expr","locations":[{"start":{"line":34,"column":12},"end":{"line":34,"column":25}},{"start":{"line":34,"column":25},"end":{"line":34,"column":null}}]},"7":{"loc":{"start":{"line":39,"column":12},"end":{"line":39,"column":null}},"type":"binary-expr","locations":[{"start":{"line":39,"column":12},"end":{"line":39,"column":24}},{"start":{"line":39,"column":24},"end":{"line":39,"column":null}}]}},"s":{"0":8,"1":8,"2":8,"3":8,"4":8,"5":8,"6":8,"7":8,"8":8,"9":8,"10":8,"11":8,"12":8,"13":8,"14":8,"15":8,"16":8,"17":8,"18":8,"19":8,"20":8,"21":8,"22":8,"23":8,"24":8,"25":8},"f":{"0":8,"1":8,"2":8,"3":8,"4":8,"5":8,"6":8,"7":8},"b":{"0":[8,8],"1":[8,8],"2":[8,8],"3":[8,8],"4":[8,8],"5":[8,8],"6":[8,8],"7":[8,8]}}
,"E:\\COURSE PRACTICES\\DeepOrion\\deep_resources\\src\\components\\Button\\ButtonImage\\icon.tsx": {"path":"E:\\COURSE PRACTICES\\DeepOrion\\deep_resources\\src\\components\\Button\\ButtonImage\\icon.tsx","statementMap":{"0":{"start":{"line":2,"column":20},"end":{"line":10,"column":1}},"1":{"start":{"line":3,"column":2},"end":{"line":9,"column":null}},"2":{"start":{"line":2,"column":13},"end":{"line":2,"column":20}},"3":{"start":{"line":12,"column":21},"end":{"line":20,"column":1}},"4":{"start":{"line":13,"column":2},"end":{"line":19,"column":null}},"5":{"start":{"line":12,"column":13},"end":{"line":12,"column":21}}},"fnMap":{"0":{"name":"(anonymous_0)","decl":{"start":{"line":2,"column":20},"end":{"line":2,"column":23}},"loc":{"start":{"line":2,"column":25},"end":{"line":10,"column":1}}},"1":{"name":"(anonymous_1)","decl":{"start":{"line":12,"column":21},"end":{"line":12,"column":24}},"loc":{"start":{"line":12,"column":26},"end":{"line":20,"column":1}}}},"branchMap":{},"s":{"0":5,"1":0,"2":5,"3":5,"4":0,"5":5},"f":{"0":0,"1":0},"b":{}}
,"E:\\COURSE PRACTICES\\DeepOrion\\deep_resources\\src\\components\\Button\\DefaultButton\\index.tsx": {"path":"E:\\COURSE PRACTICES\\DeepOrion\\deep_resources\\src\\components\\Button\\DefaultButton\\index.tsx","statementMap":{"0":{"start":{"line":1,"column":0},"end":{"line":1,"column":29}},"1":{"start":{"line":2,"column":0},"end":{"line":2,"column":61}},"2":{"start":{"line":3,"column":0},"end":{"line":3,"column":51}},"3":{"start":{"line":4,"column":0},"end":{"line":4,"column":72}},"4":{"start":{"line":6,"column":21},"end":{"line":54,"column":null}},"5":{"start":{"line":65,"column":25},"end":{"line":98,"column":1}},"6":{"start":{"line":79,"column":23},"end":{"line":83,"column":17}},"7":{"start":{"line":85,"column":35},"end":{"line":85,"column":61}},"8":{"start":{"line":87,"column":33},"end":{"line":93,"column":56}},"9":{"start":{"line":95,"column":26},"end":{"line":95,"column":80}},"10":{"start":{"line":97,"column":2},"end":{"line":97,"column":87}},"11":{"start":{"line":100,"column":13},"end":{"line":135,"column":2}},"12":{"start":{"line":115,"column":26},"end":{"line":115,"column":103}},"13":{"start":{"line":116,"column":20},"end":{"line":116,"column":82}},"14":{"start":{"line":118,"column":4},"end":{"line":133,"column":6}}},"fnMap":{"0":{"name":"(anonymous_0)","decl":{"start":{"line":65,"column":25},"end":{"line":65,"column":26}},"loc":{"start":{"line":78,"column":5},"end":{"line":98,"column":1}}},"1":{"name":"(anonymous_1)","decl":{"start":{"line":101,"column":2},"end":{"line":101,"column":null}},"loc":{"start":{"line":114,"column":6},"end":{"line":134,"column":3}}}},"branchMap":{"0":{"loc":{"start":{"line":79,"column":23},"end":{"line":83,"column":17}},"type":"cond-expr","locations":[{"start":{"line":79,"column":44},"end":{"line":83,"column":12}},{"start":{"line":83,"column":15},"end":{"line":83,"column":17}}]},"1":{"loc":{"start":{"line":79,"column":23},"end":{"line":79,"column":41}},"type":"binary-expr","locations":[{"start":{"line":79,"column":23},"end":{"line":79,"column":32}},{"start":{"line":79,"column":36},"end":{"line":79,"column":41}}]},"2":{"loc":{"start":{"line":87,"column":33},"end":{"line":93,"column":56}},"type":"cond-expr","locations":[{"start":{"line":88,"column":6},"end":{"line":88,"column":35}},{"start":{"line":89,"column":6},"end":{"line":93,"column":56}}]},"3":{"loc":{"start":{"line":89,"column":6},"end":{"line":93,"column":56}},"type":"cond-expr","locations":[{"start":{"line":90,"column":8},"end":{"line":90,"column":37}},{"start":{"line":91,"column":8},"end":{"line":93,"column":56}}]},"4":{"loc":{"start":{"line":91,"column":8},"end":{"line":93,"column":56}},"type":"cond-expr","locations":[{"start":{"line":92,"column":10},"end":{"line":92,"column":39}},{"start":{"line":93,"column":10},"end":{"line":93,"column":56}}]},"5":{"loc":{"start":{"line":95,"column":26},"end":{"line":95,"column":80}},"type":"cond-expr","locations":[{"start":{"line":95,"column":53},"end":{"line":95,"column":55}},{"start":{"line":95,"column":58},"end":{"line":95,"column":80}}]},"6":{"loc":{"start":{"line":103,"column":6},"end":{"line":103,"column":44}},"type":"default-arg","locations":[{"start":{"line":103,"column":16},"end":{"line":103,"column":44}}]},"7":{"loc":{"start":{"line":104,"column":6},"end":{"line":104,"column":30}},"type":"default-arg","locations":[{"start":{"line":104,"column":13},"end":{"line":104,"column":30}}]},"8":{"loc":{"start":{"line":105,"column":6},"end":{"line":105,"column":19}},"type":"default-arg","locations":[{"start":{"line":105,"column":14},"end":{"line":105,"column":19}}]},"9":{"loc":{"start":{"line":107,"column":6},"end":{"line":107,"column":44}},"type":"default-arg","locations":[{"start":{"line":107,"column":21},"end":{"line":107,"column":44}}]},"10":{"loc":{"start":{"line":108,"column":6},"end":{"line":108,"column":22}},"type":"default-arg","locations":[{"start":{"line":108,"column":17},"end":{"line":108,"column":22}}]},"11":{"loc":{"start":{"line":116,"column":20},"end":{"line":116,"column":82}},"type":"binary-expr","locations":[{"start":{"line":116,"column":20},"end":{"line":116,"column":42}},{"start":{"line":116,"column":46},"end":{"line":116,"column":63}},{"start":{"line":116,"column":67},"end":{"line":116,"column":82}}]},"12":{"loc":{"start":{"line":125,"column":9},"end":{"line":126,"column":null}},"type":"binary-expr","locations":[{"start":{"line":125,"column":9},"end":{"line":125,"column":16}},{"start":{"line":125,"column":20},"end":{"line":125,"column":60}},{"start":{"line":126,"column":10},"end":{"line":126,"column":80}}]},"13":{"loc":{"start":{"line":126,"column":54},"end":{"line":126,"column":75}},"type":"cond-expr","locations":[{"start":{"line":126,"column":64},"end":{"line":126,"column":70}},{"start":{"line":126,"column":73},"end":{"line":126,"column":75}}]},"14":{"loc":{"start":{"line":128,"column":28},"end":{"line":128,"column":52}},"type":"cond-expr","locations":[{"start":{"line":128,"column":38},"end":{"line":128,"column":40}},{"start":{"line":128,"column":43},"end":{"line":128,"column":52}}]},"15":{"loc":{"start":{"line":129,"column":9},"end":{"line":130,"column":null}},"type":"binary-expr","locations":[{"start":{"line":129,"column":9},"end":{"line":129,"column":16}},{"start":{"line":129,"column":20},"end":{"line":129,"column":61}},{"start":{"line":130,"column":10},"end":{"line":130,"column":80}}]},"16":{"loc":{"start":{"line":130,"column":54},"end":{"line":130,"column":75}},"type":"cond-expr","locations":[{"start":{"line":130,"column":64},"end":{"line":130,"column":70}},{"start":{"line":130,"column":73},"end":{"line":130,"column":75}}]}},"s":{"0":6,"1":6,"2":6,"3":6,"4":6,"5":6,"6":5,"7":5,"8":5,"9":5,"10":5,"11":6,"12":5,"13":5,"14":5},"f":{"0":5,"1":5},"b":{"0":[0,5],"1":[5,4],"2":[1,4],"3":[1,3],"4":[0,3],"5":[0,5],"6":[4],"7":[5],"8":[5],"9":[5],"10":[4],"11":[5,2,2],"12":[5,0,0],"13":[0,0],"14":[2,3],"15":[5,0,0],"16":[0,0]}}
,"E:\\COURSE PRACTICES\\DeepOrion\\deep_resources\\src\\components\\Button\\GroupIconButton\\index.tsx": {"path":"E:\\COURSE PRACTICES\\DeepOrion\\deep_resources\\src\\components\\Button\\GroupIconButton\\index.tsx","statementMap":{"0":{"start":{"line":1,"column":0},"end":{"line":1,"column":51}},"1":{"start":{"line":2,"column":0},"end":{"line":2,"column":61}},"2":{"start":{"line":3,"column":0},"end":{"line":3,"column":42}},"3":{"start":{"line":4,"column":0},"end":{"line":4,"column":29}},"4":{"start":{"line":6,"column":26},"end":{"line":18,"column":null}},"5":{"start":{"line":29,"column":13},"end":{"line":44,"column":2}},"6":{"start":{"line":34,"column":4},"end":{"line":42,"column":6}}},"fnMap":{"0":{"name":"(anonymous_0)","decl":{"start":{"line":30,"column":2},"end":{"line":30,"column":null}},"loc":{"start":{"line":33,"column":6},"end":{"line":43,"column":3}}}},"branchMap":{"0":{"loc":{"start":{"line":31,"column":36},"end":{"line":31,"column":67}},"type":"default-arg","locations":[{"start":{"line":31,"column":48},"end":{"line":31,"column":67}}]}},"s":{"0":6,"1":6,"2":6,"3":6,"4":6,"5":6,"6":22},"f":{"0":22},"b":{"0":[4]}}
,"E:\\COURSE PRACTICES\\DeepOrion\\deep_resources\\src\\components\\Button\\SingleIconButton\\index.tsx": {"path":"E:\\COURSE PRACTICES\\DeepOrion\\deep_resources\\src\\components\\Button\\SingleIconButton\\index.tsx","statementMap":{"0":{"start":{"line":1,"column":0},"end":{"line":1,"column":51}},"1":{"start":{"line":2,"column":0},"end":{"line":2,"column":61}},"2":{"start":{"line":3,"column":0},"end":{"line":3,"column":42}},"3":{"start":{"line":4,"column":0},"end":{"line":4,"column":29}},"4":{"start":{"line":6,"column":25},"end":{"line":18,"column":null}},"5":{"start":{"line":31,"column":13},"end":{"line":65,"column":2}},"6":{"start":{"line":44,"column":4},"end":{"line":63,"column":6}}},"fnMap":{"0":{"name":"(anonymous_0)","decl":{"start":{"line":32,"column":2},"end":{"line":32,"column":null}},"loc":{"start":{"line":43,"column":6},"end":{"line":64,"column":3}}}},"branchMap":{"0":{"loc":{"start":{"line":39,"column":6},"end":{"line":39,"column":37}},"type":"default-arg","locations":[{"start":{"line":39,"column":18},"end":{"line":39,"column":37}}]},"1":{"loc":{"start":{"line":54,"column":9},"end":{"line":58,"column":null}},"type":"binary-expr","locations":[{"start":{"line":54,"column":9},"end":{"line":54,"column":16}},{"start":{"line":55,"column":10},"end":{"line":57,"column":null}}]}},"s":{"0":6,"1":6,"2":6,"3":6,"4":6,"5":6,"6":43},"f":{"0":43},"b":{"0":[18],"1":[43,1]}}
,"E:\\COURSE PRACTICES\\DeepOrion\\deep_resources\\src\\components\\Calendar\\type.tsx": {"path":"E:\\COURSE PRACTICES\\DeepOrion\\deep_resources\\src\\components\\Calendar\\type.tsx","statementMap":{"0":{"start":{"line":1,"column":0},"end":{"line":1,"column":null}},"1":{"start":{"line":2,"column":2},"end":{"line":2,"column":null}},"2":{"start":{"line":3,"column":2},"end":{"line":3,"column":null}},"3":{"start":{"line":4,"column":2},"end":{"line":4,"column":null}},"4":{"start":{"line":5,"column":2},"end":{"line":5,"column":null}},"5":{"start":{"line":6,"column":2},"end":{"line":6,"column":null}},"6":{"start":{"line":7,"column":2},"end":{"line":7,"column":null}},"7":{"start":{"line":8,"column":2},"end":{"line":8,"column":null}},"8":{"start":{"line":9,"column":2},"end":{"line":9,"column":null}},"9":{"start":{"line":10,"column":2},"end":{"line":10,"column":null}},"10":{"start":{"line":11,"column":2},"end":{"line":11,"column":null}},"11":{"start":{"line":12,"column":2},"end":{"line":12,"column":null}},"12":{"start":{"line":13,"column":2},"end":{"line":13,"column":null}}},"fnMap":{"0":{"name":"(anonymous_0)","decl":{"start":{"line":1,"column":0},"end":{"line":1,"column":12}},"loc":{"start":{"line":1,"column":24},"end":{"line":14,"column":1}}}},"branchMap":{"0":{"loc":{"start":{"line":1,"column":12},"end":{"line":1,"column":null}},"type":"binary-expr","locations":[{"start":{"line":1,"column":12},"end":{"line":1,"column":24}},{"start":{"line":1,"column":24},"end":{"line":1,"column":null}}]}},"s":{"0":5,"1":5,"2":5,"3":5,"4":5,"5":5,"6":5,"7":5,"8":5,"9":5,"10":5,"11":5,"12":5},"f":{"0":5},"b":{"0":[5,5]}}
,"E:\\COURSE PRACTICES\\DeepOrion\\deep_resources\\src\\components\\Calendar\\RangeCalendar\\index.tsx": {"path":"E:\\COURSE PRACTICES\\DeepOrion\\deep_resources\\src\\components\\Calendar\\RangeCalendar\\index.tsx","statementMap":{"0":{"start":{"line":1,"column":0},"end":{"line":1,"column":51}},"1":{"start":{"line":2,"column":0},"end":{"line":2,"column":29}},"2":{"start":{"line":3,"column":0},"end":{"line":3,"column":61}},"3":{"start":{"line":4,"column":0},"end":{"line":4,"column":51}},"4":{"start":{"line":5,"column":0},"end":{"line":5,"column":54}},"5":{"start":{"line":6,"column":0},"end":{"line":6,"column":67}},"6":{"start":{"line":8,"column":18},"end":{"line":33,"column":null}},"7":{"start":{"line":38,"column":20},"end":{"line":47,"column":null}},"8":{"start":{"line":40,"column":4},"end":{"line":45,"column":null}},"9":{"start":{"line":50,"column":51},"end":{"line":152,"column":1}},"10":{"start":{"line":51,"column":42},"end":{"line":51,"column":57}},"11":{"start":{"line":52,"column":40},"end":{"line":52,"column":54}},"12":{"start":{"line":53,"column":36},"end":{"line":53,"column":63}},"13":{"start":{"line":54,"column":32},"end":{"line":54,"column":59}},"14":{"start":{"line":56,"column":26},"end":{"line":63,"column":3}},"15":{"start":{"line":57,"column":4},"end":{"line":62,"column":5}},"16":{"start":{"line":58,"column":6},"end":{"line":58,"column":38}},"17":{"start":{"line":59,"column":6},"end":{"line":59,"column":26}},"18":{"start":{"line":61,"column":6},"end":{"line":61,"column":40}},"19":{"start":{"line":65,"column":26},"end":{"line":72,"column":3}},"20":{"start":{"line":66,"column":4},"end":{"line":71,"column":5}},"21":{"start":{"line":67,"column":6},"end":{"line":67,"column":38}},"22":{"start":{"line":68,"column":6},"end":{"line":68,"column":25}},"23":{"start":{"line":70,"column":6},"end":{"line":70,"column":40}},"24":{"start":{"line":74,"column":26},"end":{"line":89,"column":3}},"25":{"start":{"line":75,"column":24},"end":{"line":75,"column":64}},"26":{"start":{"line":77,"column":4},"end":{"line":88,"column":5}},"27":{"start":{"line":78,"column":6},"end":{"line":78,"column":32}},"28":{"start":{"line":79,"column":6},"end":{"line":79,"column":23}},"29":{"start":{"line":80,"column":11},"end":{"line":88,"column":5}},"30":{"start":{"line":81,"column":6},"end":{"line":81,"column":30}},"31":{"start":{"line":82,"column":6},"end":{"line":84,"column":7}},"32":{"start":{"line":83,"column":8},"end":{"line":83,"column":50}},"33":{"start":{"line":86,"column":6},"end":{"line":86,"column":32}},"34":{"start":{"line":87,"column":6},"end":{"line":87,"column":23}},"35":{"start":{"line":91,"column":2},"end":{"line":92,"column":18}},"36":{"start":{"line":94,"column":21},"end":{"line":125,"column":3}},"37":{"start":{"line":95,"column":17},"end":{"line":95,"column":19}},"38":{"start":{"line":96,"column":28},"end":{"line":96,"column":75}},"39":{"start":{"line":97,"column":24},"end":{"line":97,"column":76}},"40":{"start":{"line":99,"column":4},"end":{"line":103,"column":5}},"41":{"start":{"line":99,"column":17},"end":{"line":99,"column":18}},"42":{"start":{"line":100,"column":6},"end":{"line":102,"column":8}},"43":{"start":{"line":105,"column":4},"end":{"line":122,"column":5}},"44":{"start":{"line":105,"column":17},"end":{"line":105,"column":18}},"45":{"start":{"line":106,"column":29},"end":{"line":106,"column":34}},"46":{"start":{"line":107,"column":25},"end":{"line":107,"column":181}},"47":{"start":{"line":109,"column":6},"end":{"line":121,"column":8}},"48":{"start":{"line":117,"column":25},"end":{"line":117,"column":43}},"49":{"start":{"line":124,"column":4},"end":{"line":124,"column":16}},"50":{"start":{"line":127,"column":24},"end":{"line":131,"column":3}},"51":{"start":{"line":128,"column":4},"end":{"line":128,"column":45}},"52":{"start":{"line":128,"column":32},"end":{"line":128,"column":45}},"53":{"start":{"line":129,"column":24},"end":{"line":129,"column":64}},"54":{"start":{"line":130,"column":4},"end":{"line":130,"column":62}},"55":{"start":{"line":133,"column":2},"end":{"line":151,"column":4}},"56":{"start":{"line":144,"column":10},"end":{"line":144,"column":27}},"57":{"start":{"line":154,"column":0},"end":{"line":154,"column":33}}},"fnMap":{"0":{"name":"(anonymous_0)","decl":{"start":{"line":39,"column":2},"end":{"line":39,"column":3}},"loc":{"start":{"line":40,"column":4},"end":{"line":45,"column":null}}},"1":{"name":"(anonymous_1)","decl":{"start":{"line":50,"column":51},"end":{"line":50,"column":52}},"loc":{"start":{"line":50,"column":90},"end":{"line":152,"column":1}}},"2":{"name":"(anonymous_2)","decl":{"start":{"line":56,"column":26},"end":{"line":56,"column":29}},"loc":{"start":{"line":56,"column":31},"end":{"line":63,"column":3}}},"3":{"name":"(anonymous_3)","decl":{"start":{"line":65,"column":26},"end":{"line":65,"column":29}},"loc":{"start":{"line":65,"column":31},"end":{"line":72,"column":3}}},"4":{"name":"(anonymous_4)","decl":{"start":{"line":74,"column":26},"end":{"line":74,"column":27}},"loc":{"start":{"line":74,"column":42},"end":{"line":89,"column":3}}},"5":{"name":"(anonymous_5)","decl":{"start":{"line":91,"column":12},"end":{"line":91,"column":15}},"loc":{"start":{"line":91,"column":17},"end":{"line":92,"column":3}}},"6":{"name":"(anonymous_6)","decl":{"start":{"line":94,"column":21},"end":{"line":94,"column":24}},"loc":{"start":{"line":94,"column":26},"end":{"line":125,"column":3}}},"7":{"name":"(anonymous_7)","decl":{"start":{"line":117,"column":19},"end":{"line":117,"column":22}},"loc":{"start":{"line":117,"column":25},"end":{"line":117,"column":43}}},"8":{"name":"(anonymous_8)","decl":{"start":{"line":127,"column":24},"end":{"line":127,"column":25}},"loc":{"start":{"line":127,"column":40},"end":{"line":131,"column":3}}},"9":{"name":"(anonymous_9)","decl":{"start":{"line":143,"column":63},"end":{"line":143,"column":64}},"loc":{"start":{"line":144,"column":10},"end":{"line":144,"column":27}}}},"branchMap":{"0":{"loc":{"start":{"line":57,"column":4},"end":{"line":62,"column":5}},"type":"if","locations":[{"start":{"line":57,"column":4},"end":{"line":62,"column":5}},{"start":{"line":60,"column":11},"end":{"line":62,"column":5}}]},"1":{"loc":{"start":{"line":66,"column":4},"end":{"line":71,"column":5}},"type":"if","locations":[{"start":{"line":66,"column":4},"end":{"line":71,"column":5}},{"start":{"line":69,"column":11},"end":{"line":71,"column":5}}]},"2":{"loc":{"start":{"line":77,"column":4},"end":{"line":88,"column":5}},"type":"if","locations":[{"start":{"line":77,"column":4},"end":{"line":88,"column":5}},{"start":{"line":80,"column":11},"end":{"line":88,"column":5}}]},"3":{"loc":{"start":{"line":77,"column":8},"end":{"line":77,"column":44}},"type":"binary-expr","locations":[{"start":{"line":77,"column":8},"end":{"line":77,"column":18}},{"start":{"line":77,"column":23},"end":{"line":77,"column":32}},{"start":{"line":77,"column":36},"end":{"line":77,"column":43}}]},"4":{"loc":{"start":{"line":80,"column":11},"end":{"line":88,"column":5}},"type":"if","locations":[{"start":{"line":80,"column":11},"end":{"line":88,"column":5}},{"start":{"line":85,"column":11},"end":{"line":88,"column":5}}]},"5":{"loc":{"start":{"line":82,"column":6},"end":{"line":84,"column":7}},"type":"if","locations":[{"start":{"line":82,"column":6},"end":{"line":84,"column":7}}]},"6":{"loc":{"start":{"line":107,"column":25},"end":{"line":107,"column":181}},"type":"binary-expr","locations":[{"start":{"line":107,"column":25},"end":{"line":107,"column":41}},{"start":{"line":107,"column":46},"end":{"line":107,"column":55}},{"start":{"line":107,"column":59},"end":{"line":107,"column":84}},{"start":{"line":107,"column":88},"end":{"line":107,"column":125}},{"start":{"line":107,"column":129},"end":{"line":107,"column":168}},{"start":{"line":107,"column":172},"end":{"line":107,"column":180}}]},"7":{"loc":{"start":{"line":128,"column":4},"end":{"line":128,"column":45}},"type":"if","locations":[{"start":{"line":128,"column":4},"end":{"line":128,"column":45}}]},"8":{"loc":{"start":{"line":128,"column":8},"end":{"line":128,"column":30}},"type":"binary-expr","locations":[{"start":{"line":128,"column":8},"end":{"line":128,"column":18}},{"start":{"line":128,"column":22},"end":{"line":128,"column":30}}]},"9":{"loc":{"start":{"line":130,"column":11},"end":{"line":130,"column":61}},"type":"binary-expr","locations":[{"start":{"line":130,"column":11},"end":{"line":130,"column":35}},{"start":{"line":130,"column":39},"end":{"line":130,"column":61}}]}},"s":{"0":5,"1":5,"2":5,"3":5,"4":5,"5":5,"6":5,"7":5,"8":0,"9":5,"10":0,"11":0,"12":0,"13":0,"14":0,"15":0,"16":0,"17":0,"18":0,"19":0,"20":0,"21":0,"22":0,"23":0,"24":0,"25":0,"26":0,"27":0,"28":0,"29":0,"30":0,"31":0,"32":0,"33":0,"34":0,"35":0,"36":0,"37":0,"38":0,"39":0,"40":0,"41":0,"42":0,"43":0,"44":0,"45":0,"46":0,"47":0,"48":0,"49":0,"50":0,"51":0,"52":0,"53":0,"54":0,"55":0,"56":0,"57":5},"f":{"0":0,"1":0,"2":0,"3":0,"4":0,"5":0,"6":0,"7":0,"8":0,"9":0},"b":{"0":[0,0],"1":[0,0],"2":[0,0],"3":[0,0,0],"4":[0,0],"5":[0],"6":[0,0,0,0,0,0],"7":[0],"8":[0,0],"9":[0,0]}}
,"E:\\COURSE PRACTICES\\DeepOrion\\deep_resources\\src\\components\\Calendar\\SelectedDateCalendar\\index.tsx": {"path":"E:\\COURSE PRACTICES\\DeepOrion\\deep_resources\\src\\components\\Calendar\\SelectedDateCalendar\\index.tsx","statementMap":{"0":{"start":{"line":1,"column":0},"end":{"line":1,"column":44}},"1":{"start":{"line":2,"column":0},"end":{"line":2,"column":29}},"2":{"start":{"line":3,"column":0},"end":{"line":3,"column":61}},"3":{"start":{"line":4,"column":0},"end":{"line":4,"column":51}},"4":{"start":{"line":5,"column":0},"end":{"line":5,"column":60}},"5":{"start":{"line":6,"column":0},"end":{"line":6,"column":54}},"6":{"start":{"line":8,"column":18},"end":{"line":33,"column":null}},"7":{"start":{"line":38,"column":20},"end":{"line":47,"column":null}},"8":{"start":{"line":40,"column":4},"end":{"line":45,"column":null}},"9":{"start":{"line":50,"column":42},"end":{"line":187,"column":1}},"10":{"start":{"line":51,"column":42},"end":{"line":51,"column":57}},"11":{"start":{"line":52,"column":40},"end":{"line":52,"column":54}},"12":{"start":{"line":53,"column":40},"end":{"line":53,"column":83}},"13":{"start":{"line":55,"column":2},"end":{"line":61,"column":34}},"14":{"start":{"line":56,"column":4},"end":{"line":56,"column":25}},"15":{"start":{"line":57,"column":4},"end":{"line":57,"column":31}},"16":{"start":{"line":58,"column":4},"end":{"line":60,"column":5}},"17":{"start":{"line":59,"column":6},"end":{"line":59,"column":35}},"18":{"start":{"line":63,"column":26},"end":{"line":70,"column":3}},"19":{"start":{"line":64,"column":4},"end":{"line":69,"column":5}},"20":{"start":{"line":65,"column":6},"end":{"line":65,"column":38}},"21":{"start":{"line":66,"column":6},"end":{"line":66,"column":26}},"22":{"start":{"line":68,"column":6},"end":{"line":68,"column":40}},"23":{"start":{"line":72,"column":26},"end":{"line":79,"column":3}},"24":{"start":{"line":73,"column":4},"end":{"line":78,"column":5}},"25":{"start":{"line":74,"column":6},"end":{"line":74,"column":38}},"26":{"start":{"line":75,"column":6},"end":{"line":75,"column":25}},"27":{"start":{"line":77,"column":6},"end":{"line":77,"column":40}},"28":{"start":{"line":81,"column":26},"end":{"line":87,"column":3}},"29":{"start":{"line":82,"column":17},"end":{"line":82,"column":57}},"30":{"start":{"line":83,"column":4},"end":{"line":83,"column":25}},"31":{"start":{"line":84,"column":4},"end":{"line":86,"column":5}},"32":{"start":{"line":85,"column":6},"end":{"line":85,"column":25}},"33":{"start":{"line":89,"column":22},"end":{"line":89,"column":74}},"34":{"start":{"line":90,"column":26},"end":{"line":90,"column":73}},"35":{"start":{"line":92,"column":21},"end":{"line":155,"column":3}},"36":{"start":{"line":93,"column":17},"end":{"line":93,"column":19}},"37":{"start":{"line":94,"column":24},"end":{"line":94,"column":34}},"38":{"start":{"line":95,"column":31},"end":{"line":95,"column":79}},"39":{"start":{"line":96,"column":22},"end":{"line":96,"column":51}},"40":{"start":{"line":97,"column":30},"end":{"line":97,"column":70}},"41":{"start":{"line":99,"column":4},"end":{"line":135,"column":5}},"42":{"start":{"line":99,"column":17},"end":{"line":99,"column":18}},"43":{"start":{"line":100,"column":18},"end":{"line":100,"column":41}},"44":{"start":{"line":103,"column":27},"end":{"line":103,"column":32}},"45":{"start":{"line":105,"column":6},"end":{"line":116,"column":7}},"46":{"start":{"line":106,"column":8},"end":{"line":106,"column":84}},"47":{"start":{"line":107,"column":8},"end":{"line":107,"column":43}},"48":{"start":{"line":108,"column":8},"end":{"line":108,"column":30}},"49":{"start":{"line":109,"column":13},"end":{"line":116,"column":7}},"50":{"start":{"line":110,"column":8},"end":{"line":110,"column":80}},"51":{"start":{"line":111,"column":8},"end":{"line":111,"column":39}},"52":{"start":{"line":112,"column":8},"end":{"line":112,"column":30}},"53":{"start":{"line":114,"column":8},"end":{"line":114,"column":62}},"54":{"start":{"line":115,"column":8},"end":{"line":115,"column":25}},"55":{"start":{"line":118,"column":22},"end":{"line":118,"column":56}},"56":{"start":{"line":119,"column":25},"end":{"line":119,"column":74}},"57":{"start":{"line":121,"column":6},"end":{"line":134,"column":8}},"58":{"start":{"line":130,"column":25},"end":{"line":130,"column":52}},"59":{"start":{"line":137,"column":4},"end":{"line":152,"column":5}},"60":{"start":{"line":138,"column":28},"end":{"line":138,"column":44}},"61":{"start":{"line":139,"column":6},"end":{"line":151,"column":7}},"62":{"start":{"line":139,"column":19},"end":{"line":139,"column":20}},"63":{"start":{"line":140,"column":27},"end":{"line":140,"column":28}},"64":{"start":{"line":141,"column":8},"end":{"line":150,"column":10}},"65":{"start":{"line":146,"column":27},"end":{"line":146,"column":54}},"66":{"start":{"line":154,"column":4},"end":{"line":154,"column":16}},"67":{"start":{"line":158,"column":4},"end":{"line":160,"column":5}},"68":{"start":{"line":159,"column":6},"end":{"line":159,"column":19}},"69":{"start":{"line":161,"column":4},"end":{"line":165,"column":6}},"70":{"start":{"line":168,"column":2},"end":{"line":186,"column":4}},"71":{"start":{"line":179,"column":10},"end":{"line":179,"column":27}},"72":{"start":{"line":189,"column":0},"end":{"line":189,"column":24}}},"fnMap":{"0":{"name":"(anonymous_0)","decl":{"start":{"line":39,"column":2},"end":{"line":39,"column":3}},"loc":{"start":{"line":40,"column":4},"end":{"line":45,"column":null}}},"1":{"name":"(anonymous_1)","decl":{"start":{"line":50,"column":42},"end":{"line":50,"column":43}},"loc":{"start":{"line":50,"column":90},"end":{"line":187,"column":1}}},"2":{"name":"(anonymous_2)","decl":{"start":{"line":55,"column":12},"end":{"line":55,"column":15}},"loc":{"start":{"line":55,"column":17},"end":{"line":61,"column":3}}},"3":{"name":"(anonymous_3)","decl":{"start":{"line":63,"column":26},"end":{"line":63,"column":29}},"loc":{"start":{"line":63,"column":31},"end":{"line":70,"column":3}}},"4":{"name":"(anonymous_4)","decl":{"start":{"line":72,"column":26},"end":{"line":72,"column":29}},"loc":{"start":{"line":72,"column":31},"end":{"line":79,"column":3}}},"5":{"name":"(anonymous_5)","decl":{"start":{"line":81,"column":26},"end":{"line":81,"column":27}},"loc":{"start":{"line":81,"column":42},"end":{"line":87,"column":3}}},"6":{"name":"(anonymous_6)","decl":{"start":{"line":92,"column":21},"end":{"line":92,"column":24}},"loc":{"start":{"line":92,"column":26},"end":{"line":155,"column":3}}},"7":{"name":"(anonymous_7)","decl":{"start":{"line":130,"column":19},"end":{"line":130,"column":22}},"loc":{"start":{"line":130,"column":25},"end":{"line":130,"column":52}}},"8":{"name":"(anonymous_8)","decl":{"start":{"line":146,"column":21},"end":{"line":146,"column":24}},"loc":{"start":{"line":146,"column":27},"end":{"line":146,"column":54}}},"9":{"name":"isSameDay","decl":{"start":{"line":157,"column":11},"end":{"line":157,"column":20}},"loc":{"start":{"line":157,"column":45},"end":{"line":166,"column":3}}},"10":{"name":"(anonymous_10)","decl":{"start":{"line":178,"column":63},"end":{"line":178,"column":64}},"loc":{"start":{"line":179,"column":10},"end":{"line":179,"column":27}}}},"branchMap":{"0":{"loc":{"start":{"line":53,"column":62},"end":{"line":53,"column":82}},"type":"binary-expr","locations":[{"start":{"line":53,"column":62},"end":{"line":53,"column":74}},{"start":{"line":53,"column":78},"end":{"line":53,"column":82}}]},"1":{"loc":{"start":{"line":58,"column":4},"end":{"line":60,"column":5}},"type":"if","locations":[{"start":{"line":58,"column":4},"end":{"line":60,"column":5}}]},"2":{"loc":{"start":{"line":64,"column":4},"end":{"line":69,"column":5}},"type":"if","locations":[{"start":{"line":64,"column":4},"end":{"line":69,"column":5}},{"start":{"line":67,"column":11},"end":{"line":69,"column":5}}]},"3":{"loc":{"start":{"line":73,"column":4},"end":{"line":78,"column":5}},"type":"if","locations":[{"start":{"line":73,"column":4},"end":{"line":78,"column":5}},{"start":{"line":76,"column":11},"end":{"line":78,"column":5}}]},"4":{"loc":{"start":{"line":84,"column":4},"end":{"line":86,"column":5}},"type":"if","locations":[{"start":{"line":84,"column":4},"end":{"line":86,"column":5}}]},"5":{"loc":{"start":{"line":105,"column":6},"end":{"line":116,"column":7}},"type":"if","locations":[{"start":{"line":105,"column":6},"end":{"line":116,"column":7}},{"start":{"line":109,"column":13},"end":{"line":116,"column":7}}]},"6":{"loc":{"start":{"line":109,"column":13},"end":{"line":116,"column":7}},"type":"if","locations":[{"start":{"line":109,"column":13},"end":{"line":116,"column":7}},{"start":{"line":113,"column":13},"end":{"line":116,"column":7}}]},"7":{"loc":{"start":{"line":119,"column":25},"end":{"line":119,"column":74}},"type":"binary-expr","locations":[{"start":{"line":119,"column":25},"end":{"line":119,"column":36}},{"start":{"line":119,"column":40},"end":{"line":119,"column":74}}]},"8":{"loc":{"start":{"line":137,"column":4},"end":{"line":152,"column":5}},"type":"if","locations":[{"start":{"line":137,"column":4},"end":{"line":152,"column":5}}]},"9":{"loc":{"start":{"line":158,"column":4},"end":{"line":160,"column":5}},"type":"if","locations":[{"start":{"line":158,"column":4},"end":{"line":160,"column":5}}]},"10":{"loc":{"start":{"line":158,"column":8},"end":{"line":158,"column":60}},"type":"binary-expr","locations":[{"start":{"line":158,"column":8},"end":{"line":158,"column":32}},{"start":{"line":158,"column":36},"end":{"line":158,"column":60}}]},"11":{"loc":{"start":{"line":162,"column":6},"end":{"line":164,"column":49}},"type":"binary-expr","locations":[{"start":{"line":162,"column":6},"end":{"line":162,"column":41}},{"start":{"line":163,"column":6},"end":{"line":163,"column":43}},{"start":{"line":164,"column":6},"end":{"line":164,"column":49}}]}},"s":{"0":5,"1":5,"2":5,"3":5,"4":5,"5":5,"6":5,"7":5,"8":0,"9":5,"10":0,"11":0,"12":0,"13":0,"14":0,"15":0,"16":0,"17":0,"18":0,"19":0,"20":0,"21":0,"22":0,"23":0,"24":0,"25":0,"26":0,"27":0,"28":0,"29":0,"30":0,"31":0,"32":0,"33":0,"34":0,"35":0,"36":0,"37":0,"38":0,"39":0,"40":0,"41":0,"42":0,"43":0,"44":0,"45":0,"46":0,"47":0,"48":0,"49":0,"50":0,"51":0,"52":0,"53":0,"54":0,"55":0,"56":0,"57":0,"58":0,"59":0,"60":0,"61":0,"62":0,"63":0,"64":0,"65":0,"66":0,"67":0,"68":0,"69":0,"70":0,"71":0,"72":5},"f":{"0":0,"1":0,"2":0,"3":0,"4":0,"5":0,"6":0,"7":0,"8":0,"9":0,"10":0},"b":{"0":[0,0],"1":[0],"2":[0,0],"3":[0,0],"4":[0],"5":[0,0],"6":[0,0],"7":[0,0],"8":[0],"9":[0],"10":[0,0],"11":[0,0,0]}}
,"E:\\COURSE PRACTICES\\DeepOrion\\deep_resources\\src\\components\\Cards\\Banners\\index.tsx": {"path":"E:\\COURSE PRACTICES\\DeepOrion\\deep_resources\\src\\components\\Cards\\Banners\\index.tsx","statementMap":{"0":{"start":{"line":1,"column":0},"end":{"line":1,"column":49}},"1":{"start":{"line":2,"column":0},"end":{"line":2,"column":29}},"2":{"start":{"line":3,"column":0},"end":{"line":3,"column":61}},"3":{"start":{"line":4,"column":0},"end":{"line":4,"column":51}},"4":{"start":{"line":5,"column":0},"end":{"line":5,"column":62}},"5":{"start":{"line":6,"column":26},"end":{"line":15,"column":2}},"6":{"start":{"line":32,"column":15},"end":{"line":81,"column":null}},"7":{"start":{"line":50,"column":4},"end":{"line":80,"column":6}},"8":{"start":{"line":84,"column":0},"end":{"line":84,"column":22}}},"fnMap":{"0":{"name":"(anonymous_0)","decl":{"start":{"line":33,"column":2},"end":{"line":33,"column":null}},"loc":{"start":{"line":49,"column":6},"end":{"line":81,"column":3}}}},"branchMap":{"0":{"loc":{"start":{"line":68,"column":11},"end":{"line":74,"column":null}},"type":"binary-expr","locations":[{"start":{"line":68,"column":11},"end":{"line":68,"column":21}},{"start":{"line":69,"column":12},"end":{"line":74,"column":null}}]}},"s":{"0":5,"1":5,"2":5,"3":5,"4":5,"5":5,"6":5,"7":0,"8":5},"f":{"0":0},"b":{"0":[0,0]}}
,"E:\\COURSE PRACTICES\\DeepOrion\\deep_resources\\src\\components\\Cards\\ProductCards\\index.tsx": {"path":"E:\\COURSE PRACTICES\\DeepOrion\\deep_resources\\src\\components\\Cards\\ProductCards\\index.tsx","statementMap":{"0":{"start":{"line":1,"column":0},"end":{"line":1,"column":35}},"1":{"start":{"line":2,"column":0},"end":{"line":2,"column":29}},"2":{"start":{"line":3,"column":0},"end":{"line":3,"column":61}},"3":{"start":{"line":4,"column":0},"end":{"line":4,"column":61}},"4":{"start":{"line":6,"column":26},"end":{"line":31,"column":null}},"5":{"start":{"line":48,"column":20},"end":{"line":143,"column":null}},"6":{"start":{"line":68,"column":44},"end":{"line":68,"column":62}},"7":{"start":{"line":69,"column":28},"end":{"line":69,"column":43}},"8":{"start":{"line":71,"column":4},"end":{"line":142,"column":6}},"9":{"start":{"line":93,"column":16},"end":{"line":93,"column":31}},"10":{"start":{"line":115,"column":20},"end":{"line":116,"column":null}},"11":{"start":{"line":130,"column":16},"end":{"line":131,"column":null}},"12":{"start":{"line":135,"column":33},"end":{"line":135,"column":53}},"13":{"start":{"line":146,"column":0},"end":{"line":146,"column":27}}},"fnMap":{"0":{"name":"(anonymous_0)","decl":{"start":{"line":49,"column":2},"end":{"line":49,"column":null}},"loc":{"start":{"line":67,"column":6},"end":{"line":143,"column":3}}},"1":{"name":"(anonymous_1)","decl":{"start":{"line":92,"column":23},"end":{"line":92,"column":26}},"loc":{"start":{"line":92,"column":28},"end":{"line":94,"column":15}}},"2":{"name":"(anonymous_2)","decl":{"start":{"line":114,"column":30},"end":{"line":114,"column":31}},"loc":{"start":{"line":115,"column":20},"end":{"line":116,"column":null}}},"3":{"name":"(anonymous_3)","decl":{"start":{"line":129,"column":36},"end":{"line":129,"column":37}},"loc":{"start":{"line":130,"column":16},"end":{"line":131,"column":null}}},"4":{"name":"(anonymous_4)","decl":{"start":{"line":135,"column":27},"end":{"line":135,"column":30}},"loc":{"start":{"line":135,"column":33},"end":{"line":135,"column":53}}}},"branchMap":{"0":{"loc":{"start":{"line":55,"column":6},"end":{"line":55,"column":27}},"type":"default-arg","locations":[{"start":{"line":55,"column":25},"end":{"line":55,"column":27}}]},"1":{"loc":{"start":{"line":79,"column":11},"end":{"line":82,"column":null}},"type":"binary-expr","locations":[{"start":{"line":79,"column":11},"end":{"line":79,"column":23}},{"start":{"line":80,"column":12},"end":{"line":81,"column":null}}]},"2":{"loc":{"start":{"line":84,"column":11},"end":{"line":87,"column":null}},"type":"binary-expr","locations":[{"start":{"line":84,"column":11},"end":{"line":84,"column":23}},{"start":{"line":85,"column":12},"end":{"line":86,"column":null}}]},"3":{"loc":{"start":{"line":89,"column":11},"end":{"line":103,"column":null}},"type":"binary-expr","locations":[{"start":{"line":89,"column":11},"end":{"line":89,"column":19}},{"start":{"line":90,"column":12},"end":{"line":102,"column":null}}]},"4":{"loc":{"start":{"line":91,"column":54},"end":{"line":91,"column":94}},"type":"cond-expr","locations":[{"start":{"line":91,"column":61},"end":{"line":91,"column":76}},{"start":{"line":91,"column":79},"end":{"line":91,"column":94}}]},"5":{"loc":{"start":{"line":107,"column":9},"end":{"line":139,"column":null}},"type":"binary-expr","locations":[{"start":{"line":107,"column":9},"end":{"line":107,"column":16}},{"start":{"line":108,"column":10},"end":{"line":138,"column":null}}]}},"s":{"0":5,"1":5,"2":5,"3":5,"4":5,"5":5,"6":0,"7":0,"8":0,"9":0,"10":0,"11":0,"12":0,"13":5},"f":{"0":0,"1":0,"2":0,"3":0,"4":0},"b":{"0":[0],"1":[0,0],"2":[0,0],"3":[0,0],"4":[0,0],"5":[0,0]}}
,"E:\\COURSE PRACTICES\\DeepOrion\\deep_resources\\src\\components\\Cards\\ReviewCard\\index.tsx": {"path":"E:\\COURSE PRACTICES\\DeepOrion\\deep_resources\\src\\components\\Cards\\ReviewCard\\index.tsx","statementMap":{"0":{"start":{"line":1,"column":0},"end":{"line":1,"column":41}},"1":{"start":{"line":2,"column":0},"end":{"line":2,"column":54}},"2":{"start":{"line":3,"column":0},"end":{"line":3,"column":29}},"3":{"start":{"line":4,"column":0},"end":{"line":4,"column":61}},"4":{"start":{"line":5,"column":0},"end":{"line":5,"column":51}},"5":{"start":{"line":6,"column":25},"end":{"line":19,"column":null}},"6":{"start":{"line":22,"column":19},"end":{"line":22,"column":85}},"7":{"start":{"line":23,"column":19},"end":{"line":24,"column":null}},"8":{"start":{"line":42,"column":21},"end":{"line":113,"column":null}},"9":{"start":{"line":62,"column":4},"end":{"line":112,"column":6}},"10":{"start":{"line":86,"column":18},"end":{"line":87,"column":null}},"11":{"start":{"line":118,"column":0},"end":{"line":118,"column":26}}},"fnMap":{"0":{"name":"(anonymous_1)","decl":{"start":{"line":43,"column":2},"end":{"line":43,"column":null}},"loc":{"start":{"line":61,"column":6},"end":{"line":113,"column":3}}},"1":{"name":"(anonymous_2)","decl":{"start":{"line":85,"column":47},"end":{"line":85,"column":48}},"loc":{"start":{"line":86,"column":18},"end":{"line":87,"column":null}}}},"branchMap":{"0":{"loc":{"start":{"line":68,"column":9},"end":{"line":75,"column":null}},"type":"binary-expr","locations":[{"start":{"line":68,"column":9},"end":{"line":68,"column":14}},{"start":{"line":69,"column":10},"end":{"line":74,"column":null}}]},"1":{"loc":{"start":{"line":83,"column":13},"end":{"line":106,"column":null}},"type":"binary-expr","locations":[{"start":{"line":83,"column":13},"end":{"line":83,"column":23}},{"start":{"line":84,"column":14},"end":{"line":105,"column":null}}]},"2":{"loc":{"start":{"line":84,"column":30},"end":{"line":84,"column":65}},"type":"cond-expr","locations":[{"start":{"line":84,"column":41},"end":{"line":84,"column":50}},{"start":{"line":84,"column":53},"end":{"line":84,"column":65}}]},"3":{"loc":{"start":{"line":89,"column":26},"end":{"line":89,"column":62}},"type":"cond-expr","locations":[{"start":{"line":89,"column":39},"end":{"line":89,"column":53}},{"start":{"line":89,"column":56},"end":{"line":89,"column":62}}]},"4":{"loc":{"start":{"line":93,"column":22},"end":{"line":95,"column":49}},"type":"cond-expr","locations":[{"start":{"line":94,"column":26},"end":{"line":94,"column":51}},{"start":{"line":95,"column":26},"end":{"line":95,"column":49}}]},"5":{"loc":{"start":{"line":108,"column":28},"end":{"line":108,"column":64}},"type":"cond-expr","locations":[{"start":{"line":108,"column":40},"end":{"line":108,"column":49}},{"start":{"line":108,"column":52},"end":{"line":108,"column":64}}]}},"s":{"0":5,"1":5,"2":5,"3":5,"4":5,"5":5,"6":5,"7":5,"8":5,"9":0,"10":0,"11":5},"f":{"0":0,"1":0},"b":{"0":[0,0],"1":[0,0],"2":[0,0],"3":[0,0],"4":[0,0],"5":[0,0]}}
,"E:\\COURSE PRACTICES\\DeepOrion\\deep_resources\\src\\components\\Checkbox\\index.tsx": {"path":"E:\\COURSE PRACTICES\\DeepOrion\\deep_resources\\src\\components\\Checkbox\\index.tsx","statementMap":{"0":{"start":{"line":1,"column":0},"end":{"line":1,"column":79}},"1":{"start":{"line":2,"column":0},"end":{"line":2,"column":29}},"2":{"start":{"line":3,"column":0},"end":{"line":3,"column":61}},"3":{"start":{"line":4,"column":0},"end":{"line":4,"column":44}},"4":{"start":{"line":6,"column":20},"end":{"line":24,"column":null}},"5":{"start":{"line":42,"column":13},"end":{"line":137,"column":2}},"6":{"start":{"line":62,"column":38},"end":{"line":62,"column":64}},"7":{"start":{"line":64,"column":4},"end":{"line":68,"column":18}},"8":{"start":{"line":65,"column":6},"end":{"line":67,"column":7}},"9":{"start":{"line":66,"column":8},"end":{"line":66,"column":30}},"10":{"start":{"line":70,"column":25},"end":{"line":77,"column":5}},"11":{"start":{"line":71,"column":6},"end":{"line":76,"column":7}},"12":{"start":{"line":72,"column":8},"end":{"line":72,"column":43}},"13":{"start":{"line":73,"column":8},"end":{"line":75,"column":9}},"14":{"start":{"line":74,"column":10},"end":{"line":74,"column":26}},"15":{"start":{"line":80,"column":6},"end":{"line":119,"column":null}},"16":{"start":{"line":123,"column":25},"end":{"line":126,"column":null}},"17":{"start":{"line":129,"column":4},"end":{"line":135,"column":6}}},"fnMap":{"0":{"name":"(anonymous_0)","decl":{"start":{"line":43,"column":2},"end":{"line":43,"column":3}},"loc":{"start":{"line":60,"column":12},"end":{"line":136,"column":3}}},"1":{"name":"(anonymous_1)","decl":{"start":{"line":64,"column":14},"end":{"line":64,"column":17}},"loc":{"start":{"line":64,"column":19},"end":{"line":68,"column":5}}},"2":{"name":"(anonymous_2)","decl":{"start":{"line":70,"column":25},"end":{"line":70,"column":26}},"loc":{"start":{"line":70,"column":72},"end":{"line":77,"column":5}}}},"branchMap":{"0":{"loc":{"start":{"line":52,"column":4},"end":{"line":52,"column":21}},"type":"default-arg","locations":[{"start":{"line":52,"column":11},"end":{"line":52,"column":21}}]},"1":{"loc":{"start":{"line":57,"column":4},"end":{"line":57,"column":27}},"type":"default-arg","locations":[{"start":{"line":57,"column":20},"end":{"line":57,"column":27}}]},"2":{"loc":{"start":{"line":62,"column":47},"end":{"line":62,"column":63}},"type":"binary-expr","locations":[{"start":{"line":62,"column":47},"end":{"line":62,"column":54}},{"start":{"line":62,"column":58},"end":{"line":62,"column":63}}]},"3":{"loc":{"start":{"line":65,"column":6},"end":{"line":67,"column":7}},"type":"if","locations":[{"start":{"line":65,"column":6},"end":{"line":67,"column":7}}]},"4":{"loc":{"start":{"line":71,"column":6},"end":{"line":76,"column":7}},"type":"if","locations":[{"start":{"line":71,"column":6},"end":{"line":76,"column":7}}]},"5":{"loc":{"start":{"line":73,"column":8},"end":{"line":75,"column":9}},"type":"if","locations":[{"start":{"line":73,"column":8},"end":{"line":75,"column":9}}]},"6":{"loc":{"start":{"line":83,"column":58},"end":{"line":83,"column":104}},"type":"binary-expr","locations":[{"start":{"line":83,"column":58},"end":{"line":83,"column":77}},{"start":{"line":83,"column":81},"end":{"line":83,"column":91}},{"start":{"line":83,"column":95},"end":{"line":83,"column":104}}]},"7":{"loc":{"start":{"line":84,"column":71},"end":{"line":84,"column":116}},"type":"binary-expr","locations":[{"start":{"line":84,"column":71},"end":{"line":84,"column":90}},{"start":{"line":84,"column":94},"end":{"line":84,"column":103}},{"start":{"line":84,"column":107},"end":{"line":84,"column":116}}]},"8":{"loc":{"start":{"line":85,"column":60},"end":{"line":85,"column":103}},"type":"binary-expr","locations":[{"start":{"line":85,"column":60},"end":{"line":85,"column":76}},{"start":{"line":85,"column":80},"end":{"line":85,"column":90}},{"start":{"line":85,"column":94},"end":{"line":85,"column":103}}]},"9":{"loc":{"start":{"line":86,"column":73},"end":{"line":86,"column":115}},"type":"binary-expr","locations":[{"start":{"line":86,"column":73},"end":{"line":86,"column":89}},{"start":{"line":86,"column":93},"end":{"line":86,"column":102}},{"start":{"line":86,"column":106},"end":{"line":86,"column":115}}]},"10":{"loc":{"start":{"line":87,"column":71},"end":{"line":87,"column":115}},"type":"binary-expr","locations":[{"start":{"line":87,"column":71},"end":{"line":87,"column":88}},{"start":{"line":87,"column":92},"end":{"line":87,"column":102}},{"start":{"line":87,"column":106},"end":{"line":87,"column":115}}]},"11":{"loc":{"start":{"line":88,"column":74},"end":{"line":88,"column":117}},"type":"binary-expr","locations":[{"start":{"line":88,"column":74},"end":{"line":88,"column":91}},{"start":{"line":88,"column":95},"end":{"line":88,"column":104}},{"start":{"line":88,"column":108},"end":{"line":88,"column":117}}]},"12":{"loc":{"start":{"line":89,"column":99},"end":{"line":89,"column":130}},"type":"binary-expr","locations":[{"start":{"line":89,"column":99},"end":{"line":89,"column":118}},{"start":{"line":89,"column":122},"end":{"line":89,"column":130}}]},"13":{"loc":{"start":{"line":90,"column":101},"end":{"line":90,"column":129}},"type":"binary-expr","locations":[{"start":{"line":90,"column":101},"end":{"line":90,"column":117}},{"start":{"line":90,"column":121},"end":{"line":90,"column":129}}]},"14":{"loc":{"start":{"line":91,"column":102},"end":{"line":91,"column":131}},"type":"binary-expr","locations":[{"start":{"line":91,"column":102},"end":{"line":91,"column":119}},{"start":{"line":91,"column":123},"end":{"line":91,"column":131}}]},"15":{"loc":{"start":{"line":98,"column":16},"end":{"line":98,"column":53}},"type":"cond-expr","locations":[{"start":{"line":98,"column":36},"end":{"line":98,"column":46}},{"start":{"line":98,"column":49},"end":{"line":98,"column":53}}]},"16":{"loc":{"start":{"line":106,"column":9},"end":{"line":109,"column":null}},"type":"binary-expr","locations":[{"start":{"line":106,"column":9},"end":{"line":106,"column":28}},{"start":{"line":106,"column":32},"end":{"line":106,"column":41}},{"start":{"line":106,"column":45},"end":{"line":109,"column":null}}]},"17":{"loc":{"start":{"line":108,"column":443},"end":{"line":108,"column":463}},"type":"binary-expr","locations":[{"start":{"line":108,"column":443},"end":{"line":108,"column":452}},{"start":{"line":108,"column":456},"end":{"line":108,"column":463}}]},"18":{"loc":{"start":{"line":111,"column":9},"end":{"line":111,"column":121}},"type":"binary-expr","locations":[{"start":{"line":111,"column":9},"end":{"line":111,"column":25}},{"start":{"line":111,"column":29},"end":{"line":111,"column":38}},{"start":{"line":111,"column":42},"end":{"line":111,"column":121}}]},"19":{"loc":{"start":{"line":112,"column":9},"end":{"line":118,"column":null}},"type":"binary-expr","locations":[{"start":{"line":112,"column":9},"end":{"line":112,"column":26}},{"start":{"line":113,"column":10},"end":{"line":118,"column":38}}]},"20":{"loc":{"start":{"line":123,"column":25},"end":{"line":126,"column":null}},"type":"binary-expr","locations":[{"start":{"line":123,"column":25},"end":{"line":123,"column":30}},{"start":{"line":124,"column":6},"end":{"line":125,"column":null}}]},"21":{"loc":{"start":{"line":124,"column":79},"end":{"line":124,"column":126}},"type":"cond-expr","locations":[{"start":{"line":124,"column":90},"end":{"line":124,"column":121}},{"start":{"line":124,"column":124},"end":{"line":124,"column":126}}]},"22":{"loc":{"start":{"line":131,"column":9},"end":{"line":131,"column":51}},"type":"binary-expr","locations":[{"start":{"line":131,"column":9},"end":{"line":131,"column":35}},{"start":{"line":131,"column":39},"end":{"line":131,"column":51}}]},"23":{"loc":{"start":{"line":133,"column":9},"end":{"line":133,"column":50}},"type":"binary-expr","locations":[{"start":{"line":133,"column":9},"end":{"line":133,"column":34}},{"start":{"line":133,"column":38},"end":{"line":133,"column":50}}]}},"s":{"0":5,"1":5,"2":5,"3":5,"4":5,"5":5,"6":0,"7":0,"8":0,"9":0,"10":0,"11":0,"12":0,"13":0,"14":0,"15":0,"16":0,"17":0},"f":{"0":0,"1":0,"2":0},"b":{"0":[0],"1":[0],"2":[0,0],"3":[0],"4":[0],"5":[0],"6":[0,0,0],"7":[0,0,0],"8":[0,0,0],"9":[0,0,0],"10":[0,0,0],"11":[0,0,0],"12":[0,0],"13":[0,0],"14":[0,0],"15":[0,0],"16":[0,0,0],"17":[0,0],"18":[0,0,0],"19":[0,0],"20":[0,0],"21":[0,0],"22":[0,0],"23":[0,0]}}
,"E:\\COURSE PRACTICES\\DeepOrion\\deep_resources\\src\\components\\Elevation\\index.tsx": {"path":"E:\\COURSE PRACTICES\\DeepOrion\\deep_resources\\src\\components\\Elevation\\index.tsx","statementMap":{"0":{"start":{"line":1,"column":0},"end":{"line":1,"column":29}},"1":{"start":{"line":2,"column":0},"end":{"line":2,"column":61}},"2":{"start":{"line":3,"column":0},"end":{"line":3,"column":51}},"3":{"start":{"line":4,"column":0},"end":{"line":4,"column":41}},"4":{"start":{"line":5,"column":0},"end":{"line":5,"column":33}},"5":{"start":{"line":6,"column":24},"end":{"line":27,"column":null}},"6":{"start":{"line":36,"column":13},"end":{"line":52,"column":2}},"7":{"start":{"line":39,"column":24},"end":{"line":39,"column":81}},"8":{"start":{"line":41,"column":4},"end":{"line":50,"column":6}}},"fnMap":{"0":{"name":"(anonymous_0)","decl":{"start":{"line":37,"column":2},"end":{"line":37,"column":3}},"loc":{"start":{"line":37,"column":83},"end":{"line":51,"column":3}}}},"branchMap":{"0":{"loc":{"start":{"line":37,"column":5},"end":{"line":37,"column":36}},"type":"default-arg","locations":[{"start":{"line":37,"column":14},"end":{"line":37,"column":36}}]},"1":{"loc":{"start":{"line":39,"column":24},"end":{"line":39,"column":81}},"type":"cond-expr","locations":[{"start":{"line":39,"column":58},"end":{"line":39,"column":76}},{"start":{"line":39,"column":79},"end":{"line":39,"column":81}}]}},"s":{"0":5,"1":5,"2":5,"3":5,"4":5,"5":5,"6":5,"7":0,"8":0},"f":{"0":0},"b":{"0":[0],"1":[0,0]}}
,"E:\\COURSE PRACTICES\\DeepOrion\\deep_resources\\src\\components\\Elevation\\type.tsx": {"path":"E:\\COURSE PRACTICES\\DeepOrion\\deep_resources\\src\\components\\Elevation\\type.tsx","statementMap":{"0":{"start":{"line":1,"column":0},"end":{"line":1,"column":null}},"1":{"start":{"line":2,"column":2},"end":{"line":2,"column":null}},"2":{"start":{"line":3,"column":2},"end":{"line":3,"column":null}},"3":{"start":{"line":4,"column":2},"end":{"line":4,"column":null}},"4":{"start":{"line":5,"column":2},"end":{"line":5,"column":null}}},"fnMap":{"0":{"name":"(anonymous_0)","decl":{"start":{"line":1,"column":0},"end":{"line":1,"column":12}},"loc":{"start":{"line":1,"column":27},"end":{"line":6,"column":1}}}},"branchMap":{"0":{"loc":{"start":{"line":1,"column":12},"end":{"line":1,"column":null}},"type":"binary-expr","locations":[{"start":{"line":1,"column":12},"end":{"line":1,"column":27}},{"start":{"line":1,"column":27},"end":{"line":1,"column":null}}]}},"s":{"0":5,"1":5,"2":5,"3":5,"4":5},"f":{"0":5},"b":{"0":[5,5]}}
,"E:\\COURSE PRACTICES\\DeepOrion\\deep_resources\\src\\components\\Footer\\index.tsx": {"path":"E:\\COURSE PRACTICES\\DeepOrion\\deep_resources\\src\\components\\Footer\\index.tsx","statementMap":{"0":{"start":{"line":1,"column":0},"end":{"line":1,"column":29}},"1":{"start":{"line":2,"column":0},"end":{"line":2,"column":61}},"2":{"start":{"line":3,"column":0},"end":{"line":3,"column":51}},"3":{"start":{"line":4,"column":0},"end":{"line":4,"column":61}},"4":{"start":{"line":8,"column":21},"end":{"line":10,"column":2}},"5":{"start":{"line":17,"column":13},"end":{"line":127,"column":2}},"6":{"start":{"line":41,"column":4},"end":{"line":125,"column":6}},"7":{"start":{"line":57,"column":16},"end":{"line":63,"column":null}},"8":{"start":{"line":70,"column":14},"end":{"line":79,"column":null}},"9":{"start":{"line":113,"column":16},"end":{"line":118,"column":null}}},"fnMap":{"0":{"name":"(anonymous_0)","decl":{"start":{"line":18,"column":2},"end":{"line":18,"column":null}},"loc":{"start":{"line":40,"column":6},"end":{"line":126,"column":3}}},"1":{"name":"(anonymous_1)","decl":{"start":{"line":56,"column":25},"end":{"line":56,"column":26}},"loc":{"start":{"line":57,"column":16},"end":{"line":63,"column":null}}},"2":{"name":"(anonymous_2)","decl":{"start":{"line":69,"column":26},"end":{"line":69,"column":27}},"loc":{"start":{"line":70,"column":14},"end":{"line":79,"column":null}}},"3":{"name":"(anonymous_3)","decl":{"start":{"line":112,"column":25},"end":{"line":112,"column":26}},"loc":{"start":{"line":113,"column":16},"end":{"line":118,"column":null}}}},"branchMap":{"0":{"loc":{"start":{"line":21,"column":6},"end":{"line":21,"column":18}},"type":"default-arg","locations":[{"start":{"line":21,"column":16},"end":{"line":21,"column":18}}]},"1":{"loc":{"start":{"line":24,"column":6},"end":{"line":24,"column":15}},"type":"default-arg","locations":[{"start":{"line":24,"column":13},"end":{"line":24,"column":15}}]},"2":{"loc":{"start":{"line":25,"column":6},"end":{"line":25,"column":22}},"type":"default-arg","locations":[{"start":{"line":25,"column":20},"end":{"line":25,"column":22}}]},"3":{"loc":{"start":{"line":26,"column":6},"end":{"line":26,"column":24}},"type":"default-arg","locations":[{"start":{"line":26,"column":19},"end":{"line":26,"column":24}}]},"4":{"loc":{"start":{"line":28,"column":6},"end":{"line":28,"column":26}},"type":"default-arg","locations":[{"start":{"line":28,"column":24},"end":{"line":28,"column":26}}]},"5":{"loc":{"start":{"line":29,"column":6},"end":{"line":29,"column":30}},"type":"default-arg","locations":[{"start":{"line":29,"column":28},"end":{"line":29,"column":30}}]},"6":{"loc":{"start":{"line":30,"column":6},"end":{"line":30,"column":21}},"type":"default-arg","locations":[{"start":{"line":30,"column":19},"end":{"line":30,"column":21}}]},"7":{"loc":{"start":{"line":31,"column":6},"end":{"line":31,"column":23}},"type":"default-arg","locations":[{"start":{"line":31,"column":21},"end":{"line":31,"column":23}}]},"8":{"loc":{"start":{"line":32,"column":6},"end":{"line":32,"column":23}},"type":"default-arg","locations":[{"start":{"line":32,"column":21},"end":{"line":32,"column":23}}]},"9":{"loc":{"start":{"line":33,"column":6},"end":{"line":33,"column":27}},"type":"default-arg","locations":[{"start":{"line":33,"column":25},"end":{"line":33,"column":27}}]},"10":{"loc":{"start":{"line":46,"column":9},"end":{"line":51,"column":null}},"type":"binary-expr","locations":[{"start":{"line":46,"column":9},"end":{"line":46,"column":40}},{"start":{"line":47,"column":10},"end":{"line":50,"column":null}}]},"11":{"loc":{"start":{"
[...]
nd":{"line":43,"column":4}},"5":{"start":{"line":27,"column":13},"end":{"line":27,"column":45}},"6":{"start":{"line":45,"column":46},"end":{"line":62,"column":1}},"7":{"start":{"line":46,"column":2},"end":{"line":61,"column":4}},"8":{"start":{"line":45,"column":13},"end":{"line":45,"column":46}},"9":{"start":{"line":63,"column":49},"end":{"line":82,"column":1}},"10":{"start":{"line":64,"column":2},"end":{"line":81,"column":4}},"11":{"start":{"line":63,"column":13},"end":{"line":63,"column":49}},"12":{"start":{"line":83,"column":41},"end":{"line":100,"column":1}},"13":{"start":{"line":84,"column":2},"end":{"line":99,"column":4}},"14":{"start":{"line":83,"column":13},"end":{"line":83,"column":41}},"15":{"start":{"line":101,"column":44},"end":{"line":118,"column":1}},"16":{"start":{"line":102,"column":2},"end":{"line":117,"column":4}},"17":{"start":{"line":101,"column":13},"end":{"line":101,"column":44}},"18":{"start":{"line":120,"column":44},"end":{"line":137,"column":1}},"19":{"start":{"line":121,"column":2},"end":{"line":136,"column":4}},"20":{"start":{"line":120,"column":13},"end":{"line":120,"column":44}},"21":{"start":{"line":139,"column":46},"end":{"line":156,"column":1}},"22":{"start":{"line":140,"column":2},"end":{"line":155,"column":4}},"23":{"start":{"line":139,"column":13},"end":{"line":139,"column":46}}},"fnMap":{"0":{"name":"(anonymous_0)","decl":{"start":{"line":8,"column":46},"end":{"line":8,"column":47}},"loc":{"start":{"line":8,"column":71},"end":{"line":25,"column":1}}},"1":{"name":"(anonymous_1)","decl":{"start":{"line":27,"column":45},"end":{"line":27,"column":46}},"loc":{"start":{"line":27,"column":70},"end":{"line":44,"column":1}}},"2":{"name":"(anonymous_2)","decl":{"start":{"line":45,"column":46},"end":{"line":45,"column":47}},"loc":{"start":{"line":45,"column":71},"end":{"line":62,"column":1}}},"3":{"name":"(anonymous_3)","decl":{"start":{"line":63,"column":49},"end":{"line":63,"column":50}},"loc":{"start":{"line":63,"column":74},"end":{"line":82,"column":1}}},"4":{"name":"(anonymous_4)","decl":{"start":{"line":83,"column":41},"end":{"line":83,"column":42}},"loc":{"start":{"line":83,"column":66},"end":{"line":100,"column":1}}},"5":{"name":"(anonymous_5)","decl":{"start":{"line":101,"column":44},"end":{"line":101,"column":45}},"loc":{"start":{"line":101,"column":69},"end":{"line":118,"column":1}}},"6":{"name":"(anonymous_6)","decl":{"start":{"line":120,"column":44},"end":{"line":120,"column":45}},"loc":{"start":{"line":120,"column":69},"end":{"line":137,"column":1}}},"7":{"name":"(anonymous_7)","decl":{"start":{"line":139,"column":46},"end":{"line":139,"column":47}},"loc":{"start":{"line":139,"column":71},"end":{"line":156,"column":1}}}},"branchMap":{},"s":{"0":5,"1":0,"2":5,"3":5,"4":0,"5":5,"6":5,"7":0,"8":5,"9":5,"10":0,"11":5,"12":5,"13":0,"14":5,"15":5,"16":0,"17":5,"18":5,"19":0,"20":5,"21":5,"22":0,"23":5},"f":{"0":0,"1":0,"2":0,"3":0,"4":0,"5":0,"6":0,"7":0},"b":{}}
,"E:\\COURSE PRACTICES\\DeepOrion\\deep_resources\\src\\components\\PopupModal\\index.tsx": {"path":"E:\\COURSE PRACTICES\\DeepOrion\\deep_resources\\src\\components\\PopupModal\\index.tsx","statementMap":{"0":{"start":{"line":1,"column":0},"end":{"line":1,"column":61}},"1":{"start":{"line":2,"column":0},"end":{"line":2,"column":null}},"2":{"start":{"line":10,"column":0},"end":{"line":10,"column":69}},"3":{"start":{"line":11,"column":0},"end":{"line":11,"column":33}},"4":{"start":{"line":12,"column":0},"end":{"line":12,"column":42}},"5":{"start":{"line":14,"column":20},"end":{"line":37,"column":null}},"6":{"start":{"line":53,"column":13},"end":{"line":140,"column":2}},"7":{"start":{"line":64,"column":32},"end":{"line":64,"column":47}},"8":{"start":{"line":65,"column":23},"end":{"line":67,"column":5}},"9":{"start":{"line":66,"column":6},"end":{"line":66,"column":25}},"10":{"start":{"line":68,"column":4},"end":{"line":70,"column":20}},"11":{"start":{"line":69,"column":6},"end":{"line":69,"column":27}},"12":{"start":{"line":71,"column":4},"end":{"line":138,"column":6}},"13":{"start":{"line":92,"column":30},"end":{"line":92,"column":49}},"14":{"start":{"line":99,"column":22},"end":{"line":99,"column":35}},"15":{"start":{"line":100,"column":22},"end":{"line":100,"column":57}}},"fnMap":{"0":{"name":"(anonymous_1)","decl":{"start":{"line":54,"column":2},"end":{"line":54,"column":3}},"loc":{"start":{"line":63,"column":7},"end":{"line":139,"column":3}}},"1":{"name":"(anonymous_2)","decl":{"start":{"line":65,"column":23},"end":{"line":65,"column":26}},"loc":{"start":{"line":65,"column":28},"end":{"line":67,"column":5}}},"2":{"name":"(anonymous_3)","decl":{"start":{"line":68,"column":14},"end":{"line":68,"column":17}},"loc":{"start":{"line":68,"column":19},"end":{"line":70,"column":5}}},"3":{"name":"(anonymous_4)","decl":{"start":{"line":92,"column":23},"end":{"line":92,"column":24}},"loc":{"start":{"line":92,"column":30},"end":{"line":92,"column":49}}},"4":{"name":"(anonymous_5)","decl":{"start":{"line":98,"column":29},"end":{"line":98,"column":32}},"loc":{"start":{"line":98,"column":34},"end":{"line":101,"column":21}}}},"branchMap":{"0":{"loc":{"start":{"line":73,"column":9},"end":{"line":82,"column":null}},"type":"binary-expr","locations":[{"start":{"line":73,"column":9},"end":{"line":73,"column":20}},{"start":{"line":74,"column":10},"end":{"line":79,"column":null}}]},"1":{"loc":{"start":{"line":85,"column":9},"end":{"line":135,"column":null}},"type":"binary-expr","locations":[{"start":{"line":85,"column":9},"end":{"line":85,"column":15}},{"start":{"line":86,"column":10},"end":{"line":134,"column":null}}]},"2":{"loc":{"start":{"line":96,"column":17},"end":{"line":105,"column":null}},"type":"binary-expr","locations":[{"start":{"line":96,"column":17},"end":{"line":96,"column":26}},{"start":{"line":97,"column":18},"end":{"line":104,"column":null}}]},"3":{"loc":{"start":{"line":100,"column":22},"end":{"line":100,"column":56}},"type":"cond-expr","locations":[{"start":{"line":100,"column":36},"end":{"line":100,"column":49}},{"start":{"line":100,"column":52},"end":{"line":100,"column":56}}]},"4":{"loc":{"start":{"line":111,"column":17},"end":{"line":120,"column":null}},"type":"binary-expr","locations":[{"start":{"line":111,"column":17},"end":{"line":111,"column":25}},{"start":{"line":112,"column":18},"end":{"line":117,"column":null}}]},"5":{"loc":{"start":{"line":122,"column":17},"end":{"line":131,"column":null}},"type":"binary-expr","locations":[{"start":{"line":122,"column":17},"end":{"line":122,"column":25}},{"start":{"line":123,"column":18},"end":{"line":128,"column":null}}]}},"s":{"0":5,"1":5,"2":5,"3":5,"4":5,"5":5,"6":5,"7":0,"8":0,"9":0,"10":0,"11":0,"12":0,"13":0,"14":0,"15":0},"f":{"0":0,"1":0,"2":0,"3":0,"4":0},"b":{"0":[0,0],"1":[0,0],"2":[0,0],"3":[0,0],"4":[0,0],"5":[0,0]}}
,"E:\\COURSE PRACTICES\\DeepOrion\\deep_resources\\src\\components\\PopupModal\\Icons\\CloseIcon.tsx": {"path":"E:\\COURSE PRACTICES\\DeepOrion\\deep_resources\\src\\components\\PopupModal\\Icons\\CloseIcon.tsx","statementMap":{"0":{"start":{"line":2,"column":4},"end":{"line":6,"column":6}},"1":{"start":{"line":1,"column":0},"end":{"line":1,"column":24}}},"fnMap":{"0":{"name":"CloseIcon","decl":{"start":{"line":1,"column":24},"end":{"line":1,"column":33}},"loc":{"start":{"line":1,"column":33},"end":{"line":7,"column":3}}}},"branchMap":{},"s":{"0":0,"1":5},"f":{"0":0},"b":{}}
,"E:\\COURSE PRACTICES\\DeepOrion\\deep_resources\\src\\components\\Skeleton\\index.tsx": {"path":"E:\\COURSE PRACTICES\\DeepOrion\\deep_resources\\src\\components\\Skeleton\\index.tsx","statementMap":{"0":{"start":{"line":2,"column":0},"end":{"line":2,"column":29}},"1":{"start":{"line":3,"column":0},"end":{"line":3,"column":61}},"2":{"start":{"line":4,"column":0},"end":{"line":4,"column":31}},"3":{"start":{"line":5,"column":0},"end":{"line":5,"column":61}},"4":{"start":{"line":9,"column":23},"end":{"line":43,"column":null}},"5":{"start":{"line":48,"column":49},"end":{"line":55,"column":1}},"6":{"start":{"line":49,"column":2},"end":{"line":54,"column":4}},"7":{"start":{"line":48,"column":13},"end":{"line":48,"column":49}},"8":{"start":{"line":57,"column":40},"end":{"line":68,"column":1}},"9":{"start":{"line":58,"column":2},"end":{"line":67,"column":4}},"10":{"start":{"line":57,"column":13},"end":{"line":57,"column":40}},"11":{"start":{"line":70,"column":46},"end":{"line":81,"column":1}},"12":{"start":{"line":71,"column":2},"end":{"line":80,"column":4}},"13":{"start":{"line":70,"column":13},"end":{"line":70,"column":46}},"14":{"start":{"line":83,"column":43},"end":{"line":98,"column":1}},"15":{"start":{"line":84,"column":2},"end":{"line":97,"column":4}},"16":{"start":{"line":83,"column":13},"end":{"line":83,"column":43}},"17":{"start":{"line":100,"column":39},"end":{"line":108,"column":1}},"18":{"start":{"line":101,"column":2},"end":{"line":107,"column":4}},"19":{"start":{"line":100,"column":13},"end":{"line":100,"column":39}}},"fnMap":{"0":{"name":"(anonymous_0)","decl":{"start":{"line":48,"column":49},"end":{"line":48,"column":50}},"loc":{"start":{"line":48,"column":92},"end":{"line":55,"column":1}}},"1":{"name":"(anonymous_1)","decl":{"start":{"line":57,"column":40},"end":{"line":57,"column":43}},"loc":{"start":{"line":57,"column":45},"end":{"line":68,"column":1}}},"2":{"name":"(anonymous_2)","decl":{"start":{"line":70,"column":46},"end":{"line":70,"column":49}},"loc":{"start":{"line":70,"column":51},"end":{"line":81,"column":1}}},"3":{"name":"(anonymous_3)","decl":{"start":{"line":83,"column":43},"end":{"line":83,"column":46}},"loc":{"start":{"line":83,"column":48},"end":{"line":98,"column":1}}},"4":{"name":"(anonymous_4)","decl":{"start":{"line":100,"column":39},"end":{"line":100,"column":42}},"loc":{"start":{"line":100,"column":44},"end":{"line":108,"column":1}}}},"branchMap":{},"s":{"0":5,"1":5,"2":5,"3":5,"4":5,"5":5,"6":0,"7":5,"8":5,"9":0,"10":5,"11":5,"12":0,"13":5,"14":5,"15":0,"16":5,"17":5,"18":0,"19":5},"f":{"0":0,"1":0,"2":0,"3":0,"4":0},"b":{}}
,"E:\\COURSE PRACTICES\\DeepOrion\\deep_resources\\src\\components\\Text\\index.tsx": {"path":"E:\\COURSE PRACTICES\\DeepOrion\\deep_resources\\src\\components\\Text\\index.tsx","statementMap":{"0":{"start":{"line":1,"column":0},"end":{"line":1,"column":29}},"1":{"start":{"line":6,"column":0},"end":{"line":6,"column":61}},"2":{"start":{"line":7,"column":0},"end":{"line":7,"column":35}},"3":{"start":{"line":9,"column":19},"end":{"line":46,"column":2}},"4":{"start":{"line":58,"column":13},"end":{"line":93,"column":2}},"5":{"start":{"line":73,"column":22},"end":{"line":73,"column":34}},"6":{"start":{"line":75,"column":4},"end":{"line":91,"column":6}}},"fnMap":{"0":{"name":"(anonymous_0)","decl":{"start":{"line":59,"column":2},"end":{"line":59,"column":null}},"loc":{"start":{"line":72,"column":6},"end":{"line":92,"column":3}}}},"branchMap":{"0":{"loc":{"start":{"line":73,"column":22},"end":{"line":73,"column":34}},"type":"binary-expr","locations":[{"start":{"line":73,"column":22},"end":{"line":73,"column":24}},{"start":{"line":73,"column":28},"end":{"line":73,"column":34}}]}},"s":{"0":5,"1":5,"2":5,"3":5,"4":5,"5":21,"6":21},"f":{"0":21},"b":{"0":[21,18]}}
,"E:\\COURSE PRACTICES\\DeepOrion\\deep_resources\\src\\components\\Tooltip\\index.tsx": {"path":"E:\\COURSE PRACTICES\\DeepOrion\\deep_resources\\src\\components\\Tooltip\\index.tsx","statementMap":{"0":{"start":{"line":1,"column":0},"end":{"line":1,"column":60}},"1":{"start":{"line":2,"column":0},"end":{"line":2,"column":61}},"2":{"start":{"line":3,"column":0},"end":{"line":3,"column":29}},"3":{"start":{"line":5,"column":22},"end":{"line":18,"column":null}},"4":{"start":{"line":30,"column":16},"end":{"line":86,"column":null}},"5":{"start":{"line":32,"column":38},"end":{"line":32,"column":53}},"6":{"start":{"line":33,"column":27},"end":{"line":33,"column":54}},"7":{"start":{"line":35,"column":28},"end":{"line":43,"column":9}},"8":{"start":{"line":36,"column":12},"end":{"line":42,"column":13}},"9":{"start":{"line":37,"column":16},"end":{"line":39,"column":24}},"10":{"start":{"line":38,"column":20},"end":{"line":38,"column":37}},"11":{"start":{"line":40,"column":19},"end":{"line":42,"column":13}},"12":{"start":{"line":41,"column":16},"end":{"line":41,"column":33}},"13":{"start":{"line":45,"column":28},"end":{"line":55,"column":9}},"14":{"start":{"line":46,"column":12},"end":{"line":54,"column":13}},"15":{"start":{"line":47,"column":16},"end":{"line":50,"column":17}},"16":{"start":{"line":48,"column":20},"end":{"line":48,"column":53}},"17":{"start":{"line":49,"column":20},"end":{"line":49,"column":46}},"18":{"start":{"line":51,"column":16},"end":{"line":51,"column":34}},"19":{"start":{"line":52,"column":19},"end":{"line":54,"column":13}},"20":{"start":{"line":53,"column":16},"end":{"line":53,"column":34}},"21":{"start":{"line":57,"column":30},"end":{"line":59,"column":9}},"22":{"start":{"line":58,"column":12},"end":{"line":58,"column":33}},"23":{"start":{"line":61,"column":8},"end":{"line":85,"column":10}},"24":{"start":{"line":89,"column":25},"end":{"line":103,"column":1}},"25":{"start":{"line":90,"column":24},"end":{"line":90,"column":61}},"26":{"start":{"line":91,"column":4},"end":{"line":102,"column":5}},"27":{"start":{"line":93,"column":12},"end":{"line":93,"column":67}},"28":{"start":{"line":95,"column":12},"end":{"line":95,"column":64}},"29":{"start":{"line":97,"column":12},"end":{"line":97,"column":86}},"30":{"start":{"line":99,"column":12},"end":{"line":99,"column":85}},"31":{"start":{"line":101,"column":12},"end":{"line":101,"column":64}},"32":{"start":{"line":105,"column":21},"end":{"line":119,"column":1}},"33":{"start":{"line":106,"column":29},"end":{"line":106,"column":56}},"34":{"start":{"line":107,"column":4},"end":{"line":118,"column":5}},"35":{"start":{"line":109,"column":12},"end":{"line":109,"column":140}},"36":{"start":{"line":111,"column":12},"end":{"line":111,"column":137}},"37":{"start":{"line":113,"column":12},"end":{"line":113,"column":138}},"38":{"start":{"line":115,"column":12},"end":{"line":115,"column":137}},"39":{"start":{"line":117,"column":12},"end":{"line":117,"column":137}},"40":{"start":{"line":121,"column":0},"end":{"line":121,"column":23}}},"fnMap":{"0":{"name":"(anonymous_0)","decl":{"start":{"line":31,"column":4},"end":{"line":31,"column":5}},"loc":{"start":{"line":31,"column":103},"end":{"line":86,"column":5}}},"1":{"name":"(anonymous_1)","decl":{"start":{"line":35,"column":28},"end":{"line":35,"column":31}},"loc":{"start":{"line":35,"column":33},"end":{"line":43,"column":9}}},"2":{"name":"(anonymous_2)","decl":{"start":{"line":37,"column":55},"end":{"line":37,"column":58}},"loc":{"start":{"line":37,"column":60},"end":{"line":39,"column":17}}},"3":{"name":"(anonymous_3)","decl":{"start":{"line":45,"column":28},"end":{"line":45,"column":31}},"loc":{"start":{"line":45,"column":33},"end":{"line":55,"column":9}}},"4":{"name":"(anonymous_4)","decl":{"start":{"line":57,"column":30},"end":{"line":57,"column":33}},"loc":{"start":{"line":57,"column":35},"end":{"line":59,"column":9}}},"5":{"name":"(anonymous_5)","decl":{"start":{"line":89,"column":25},"end":{"line":89,"column":26}},"loc":{"start":{"line":89,"column":67},"end":{"line":103,"column":1}}},"6":{"name":"(anonymous_6)","decl":{"start":{"line":105,"column":21},"end":{"line":105,"column":22}},"loc":{"start":{"line":105,"column":63},"end":{"line":119,"column":1}}}},"branchMap":{"0":{"loc":{"start":{"line":31,"column":17},"end":{"line":31,"column":36}},"type":"default-arg","locations":[{"start":{"line":31,"column":27},"end":{"line":31,"column":36}}]},"1":{"loc":{"start":{"line":31,"column":49},"end":{"line":31,"column":62}},"type":"default-arg","locations":[{"start":{"line":31,"column":57},"end":{"line":31,"column":62}}]},"2":{"loc":{"start":{"line":36,"column":12},"end":{"line":42,"column":13}},"type":"if","locations":[{"start":{"line":36,"column":12},"end":{"line":42,"column":13}},{"start":{"line":40,"column":19},"end":{"line":42,"column":13}}]},"3":{"loc":{"start":{"line":40,"column":19},"end":{"line":42,"column":13}},"type":"if","locations":[{"start":{"line":40,"column":19},"end":{"line":42,"column":13}}]},"4":{"loc":{"start":{"line":46,"column":12},"end":{"line":54,"column":13}},"type":"if","locations":[{"start":{"line":46,"column":12},"end":{"line":54,"column":13}},{"start":{"line":52,"column":19},"end":{"line":54,"column":13}}]},"5":{"loc":{"start":{"line":47,"column":16},"end":{"line":50,"column":17}},"type":"if","locations":[{"start":{"line":47,"column":16},"end":{"line":50,"column":17}}]},"6":{"loc":{"start":{"line":52,"column":19},"end":{"line":54,"column":13}},"type":"if","locations":[{"start":{"line":52,"column":19},"end":{"line":54,"column":13}}]},"7":{"loc":{"start":{"line":62,"column":53},"end":{"line":62,"column":98}},"type":"cond-expr","locations":[{"start":{"line":62,"column":75},"end":{"line":62,"column":86}},{"start":{"line":62,"column":89},"end":{"line":62,"column":98}}]},"8":{"loc":{"start":{"line":64,"column":34},"end":{"line":64,"column":79}},"type":"cond-expr","locations":[{"start":{"line":64,"column":56},"end":{"line":64,"column":67}},{"start":{"line":64,"column":70},"end":{"line":64,"column":79}}]},"9":{"loc":{"start":{"line":65,"column":29},"end":{"line":65,"column":76}},"type":"cond-expr","locations":[{"start":{"line":65,"column":51},"end":{"line":65,"column":64}},{"start":{"line":65,"column":67},"end":{"line":65,"column":76}}]},"10":{"loc":{"start":{"line":71,"column":17},"end":{"line":81,"column":null}},"type":"binary-expr","locations":[{"start":{"line":71,"column":17},"end":{"line":71,"column":24}},{"start":{"line":72,"column":20},"end":{"line":80,"column":null}}]},"11":{"loc":{"start":{"line":79,"column":29},"end":{"line":79,"column":81}},"type":"binary-expr","locations":[{"start":{"line":79,"column":29},"end":{"line":79,"column":34}},{"start":{"line":79,"column":38},"end":{"line":79,"column":81}}]},"12":{"loc":{"start":{"line":91,"column":4},"end":{"line":102,"column":5}},"type":"switch","locations":[{"start":{"line":92,"column":8},"end":{"line":93,"column":67}},{"start":{"line":94,"column":8},"end":{"line":95,"column":64}},{"start":{"line":96,"column":8},"end":{"line":97,"column":86}},{"start":{"line":98,"column":8},"end":{"line":99,"column":85}},{"start":{"line":100,"column":8},"end":{"line":101,"column":64}}]},"13":{"loc":{"start":{"line":107,"column":4},"end":{"line":118,"column":5}},"type":"switch","locations":[{"start":{"line":108,"column":8},"end":{"line":109,"column":140}},{"start":{"line":110,"column":8},"end":{"line":111,"column":137}},{"start":{"line":112,"column":8},"end":{"line":113,"column":138}},{"start":{"line":114,"column":8},"end":{"line":115,"column":137}},{"start":{"line":116,"column":8},"end":{"line":117,"column":137}}]}},"s":{"0":5,"1":5,"2":5,"3":5,"4":5,"5":0,"6":0,"7":0,"8":0,"9":0,"10":0,"11":0,"12":0,"13":0,"14":0,"15":0,"16":0,"17":0,"18":0,"19":0,"20":0,"21":0,"22":0,"23":0,"24":5,"25":0,"26":0,"27":0,"28":0,"29":0,"30":0,"31":0,"32":5,"33":0,"34":0,"35":0,"36":0,"37":0,"38":0,"39":0,"40":5},"f":{"0":0,"1":0,"2":0,"3":0,"4":0,"5":0,"6":0},"b":{"0":[0],"1":[0],"2":[0,0],"3":[0],"4":[0,0],"5":[0],"6":[0],"7":[0,0],"8":[0,0],"9":[0,0],"10":[0,0],"11":[0,0],"12":[0,0,0,0,0],"13":[0,0,0,0,0]}}
,"E:\\COURSE PRACTICES\\DeepOrion\\deep_resources\\src\\utils\\index.tsx": {"path":"E:\\COURSE PRACTICES\\DeepOrion\\deep_resources\\src\\utils\\index.tsx","statementMap":{"0":{"start":{"line":1,"column":0},"end":{"line":1,"column":40}},"1":{"start":{"line":2,"column":0},"end":{"line":2,"column":41}},"2":{"start":{"line":4,"column":18},"end":{"line":4,"column":70}},"3":{"start":{"line":4,"column":48},"end":{"line":4,"column":70}},"4":{"start":{"line":4,"column":13},"end":{"line":4,"column":18}}},"fnMap":{"0":{"name":"(anonymous_1)","decl":{"start":{"line":4,"column":18},"end":{"line":4,"column":19}},"loc":{"start":{"line":4,"column":48},"end":{"line":4,"column":70}}}},"branchMap":{},"s":{"0":13,"1":13,"2":13,"3":219,"4":13},"f":{"0":219},"b":{}}
}
