{"E:\\COURSE PRACTICES\\DeepOrion\\deep_resources\\src\\components\\Button\\type.tsx": {"path":"E:\\COURSE PRACTICES\\DeepOrion\\deep_resources\\src\\components\\Button\\type.tsx","statementMap":{"0":{"start":{"line":1,"column":0},"end":{"line":1,"column":null}},"1":{"start":{"line":2,"column":2},"end":{"line":2,"column":null}},"2":{"start":{"line":3,"column":2},"end":{"line":3,"column":null}},"3":{"start":{"line":4,"column":2},"end":{"line":4,"column":null}},"4":{"start":{"line":7,"column":0},"end":{"line":7,"column":null}},"5":{"start":{"line":8,"column":2},"end":{"line":8,"column":null}},"6":{"start":{"line":9,"column":2},"end":{"line":9,"column":null}},"7":{"start":{"line":12,"column":0},"end":{"line":12,"column":null}},"8":{"start":{"line":13,"column":2},"end":{"line":13,"column":null}},"9":{"start":{"line":14,"column":2},"end":{"line":14,"column":null}},"10":{"start":{"line":15,"column":2},"end":{"line":15,"column":null}},"11":{"start":{"line":18,"column":0},"end":{"line":18,"column":null}},"12":{"start":{"line":19,"column":2},"end":{"line":19,"column":null}},"13":{"start":{"line":20,"column":2},"end":{"line":20,"column":null}},"14":{"start":{"line":23,"column":0},"end":{"line":23,"column":null}},"15":{"start":{"line":24,"column":2},"end":{"line":24,"column":null}},"16":{"start":{"line":25,"column":2},"end":{"line":25,"column":null}},"17":{"start":{"line":26,"column":2},"end":{"line":26,"column":null}},"18":{"start":{"line":29,"column":0},"end":{"line":29,"column":null}},"19":{"start":{"line":30,"column":2},"end":{"line":30,"column":null}},"20":{"start":{"line":31,"column":2},"end":{"line":31,"column":null}},"21":{"start":{"line":34,"column":0},"end":{"line":34,"column":null}},"22":{"start":{"line":35,"column":2},"end":{"line":35,"column":null}},"23":{"start":{"line":36,"column":2},"end":{"line":36,"column":null}},"24":{"start":{"line":39,"column":0},"end":{"line":39,"column":null}},"25":{"start":{"line":40,"column":2},"end":{"line":40,"column":null}}},"fnMap":{"0":{"name":"(anonymous_0)","decl":{"start":{"line":1,"column":0},"end":{"line":1,"column":12}},"loc":{"start":{"line":1,"column":25},"end":{"line":5,"column":1}}},"1":{"name":"(anonymous_1)","decl":{"start":{"line":7,"column":0},"end":{"line":7,"column":12}},"loc":{"start":{"line":7,"column":27},"end":{"line":10,"column":1}}},"2":{"name":"(anonymous_2)","decl":{"start":{"line":12,"column":0},"end":{"line":12,"column":12}},"loc":{"start":{"line":12,"column":22},"end":{"line":16,"column":1}}},"3":{"name":"(anonymous_3)","decl":{"start":{"line":18,"column":0},"end":{"line":18,"column":12}},"loc":{"start":{"line":18,"column":30},"end":{"line":21,"column":1}}},"4":{"name":"(anonymous_4)","decl":{"start":{"line":23,"column":0},"end":{"line":23,"column":12}},"loc":{"start":{"line":23,"column":27},"end":{"line":27,"column":1}}},"5":{"name":"(anonymous_5)","decl":{"start":{"line":29,"column":0},"end":{"line":29,"column":12}},"loc":{"start":{"line":29,"column":25},"end":{"line":32,"column":1}}},"6":{"name":"(anonymous_6)","decl":{"start":{"line":34,"column":0},"end":{"line":34,"column":12}},"loc":{"start":{"line":34,"column":25},"end":{"line":37,"column":1}}},"7":{"name":"(anonymous_7)","decl":{"start":{"line":39,"column":0},"end":{"line":39,"column":12}},"loc":{"start":{"line":39,"column":24},"end":{"line":41,"column":1}}}},"branchMap":{"0":{"loc":{"start":{"line":1,"column":12},"end":{"line":1,"column":null}},"type":"binary-expr","locations":[{"start":{"line":1,"column":12},"end":{"line":1,"column":25}},{"start":{"line":1,"column":25},"end":{"line":1,"column":null}}]},"1":{"loc":{"start":{"line":7,"column":12},"end":{"line":7,"column":null}},"type":"binary-expr","locations":[{"start":{"line":7,"column":12},"end":{"line":7,"column":27}},{"start":{"line":7,"column":27},"end":{"line":7,"column":null}}]},"2":{"loc":{"start":{"line":12,"column":12},"end":{"line":12,"column":null}},"type":"binary-expr","locations":[{"start":{"line":12,"column":12},"end":{"line":12,"column":22}},{"start":{"line":12,"column":22},"end":{"line":12,"column":null}}]},"3":{"loc":{"start":{"line":18,"column":12},"end":{"line":18,"column":null}},"type":"binary-expr","locations":[{"start":{"line":18,"column":12},"end":{"line":18,"column":30}},{"start":{"line":18,"column":30},"end":{"line":18,"column":null}}]},"4":{"loc":{"start":{"line":23,"column":12},"end":{"line":23,"column":null}},"type":"binary-expr","locations":[{"start":{"line":23,"column":12},"end":{"line":23,"column":27}},{"start":{"line":23,"column":27},"end":{"line":23,"column":null}}]},"5":{"loc":{"start":{"line":29,"column":12},"end":{"line":29,"column":null}},"type":"binary-expr","locations":[{"start":{"line":29,"column":12},"end":{"line":29,"column":25}},{"start":{"line":29,"column":25},"end":{"line":29,"column":null}}]},"6":{"loc":{"start":{"line":34,"column":12},"end":{"line":34,"column":null}},"type":"binary-expr","locations":[{"start":{"line":34,"column":12},"end":{"line":34,"column":25}},{"start":{"line":34,"column":25},"end":{"line":34,"column":null}}]},"7":{"loc":{"start":{"line":39,"column":12},"end":{"line":39,"column":null}},"type":"binary-expr","locations":[{"start":{"line":39,"column":12},"end":{"line":39,"column":24}},{"start":{"line":39,"column":24},"end":{"line":39,"column":null}}]}},"s":{"0":3,"1":3,"2":3,"3":3,"4":3,"5":3,"6":3,"7":3,"8":3,"9":3,"10":3,"11":3,"12":3,"13":3,"14":3,"15":3,"16":3,"17":3,"18":3,"19":3,"20":3,"21":3,"22":3,"23":3,"24":3,"25":3},"f":{"0":3,"1":3,"2":3,"3":3,"4":3,"5":3,"6":3,"7":3},"b":{"0":[3,3],"1":[3,3],"2":[3,3],"3":[3,3],"4":[3,3],"5":[3,3],"6":[3,3],"7":[3,3]}}
,"E:\\COURSE PRACTICES\\DeepOrion\\deep_resources\\src\\components\\Button\\DefaultButton\\index.tsx": {"path":"E:\\COURSE PRACTICES\\DeepOrion\\deep_resources\\src\\components\\Button\\DefaultButton\\index.tsx","statementMap":{"0":{"start":{"line":1,"column":0},"end":{"line":1,"column":29}},"1":{"start":{"line":2,"column":0},"end":{"line":2,"column":61}},"2":{"start":{"line":3,"column":0},"end":{"line":3,"column":51}},"3":{"start":{"line":4,"column":0},"end":{"line":4,"column":72}},"4":{"start":{"line":6,"column":21},"end":{"line":54,"column":null}},"5":{"start":{"line":65,"column":25},"end":{"line":98,"column":1}},"6":{"start":{"line":79,"column":23},"end":{"line":83,"column":17}},"7":{"start":{"line":85,"column":35},"end":{"line":85,"column":61}},"8":{"start":{"line":87,"column":33},"end":{"line":93,"column":56}},"9":{"start":{"line":95,"column":26},"end":{"line":95,"column":80}},"10":{"start":{"line":97,"column":2},"end":{"line":97,"column":87}},"11":{"start":{"line":100,"column":13},"end":{"line":135,"column":2}},"12":{"start":{"line":115,"column":26},"end":{"line":115,"column":103}},"13":{"start":{"line":116,"column":20},"end":{"line":116,"column":82}},"14":{"start":{"line":118,"column":4},"end":{"line":133,"column":6}}},"fnMap":{"0":{"name":"(anonymous_0)","decl":{"start":{"line":65,"column":25},"end":{"line":65,"column":26}},"loc":{"start":{"line":78,"column":5},"end":{"line":98,"column":1}}},"1":{"name":"(anonymous_1)","decl":{"start":{"line":101,"column":2},"end":{"line":101,"column":null}},"loc":{"start":{"line":114,"column":6},"end":{"line":134,"column":3}}}},"branchMap":{"0":{"loc":{"start":{"line":79,"column":23},"end":{"line":83,"column":17}},"type":"cond-expr","locations":[{"start":{"line":79,"column":44},"end":{"line":83,"column":12}},{"start":{"line":83,"column":15},"end":{"line":83,"column":17}}]},"1":{"loc":{"start":{"line":79,"column":23},"end":{"line":79,"column":41}},"type":"binary-expr","locations":[{"start":{"line":79,"column":23},"end":{"line":79,"column":32}},{"start":{"line":79,"column":36},"end":{"line":79,"column":41}}]},"2":{"loc":{"start":{"line":87,"column":33},"end":{"line":93,"column":56}},"type":"cond-expr","locations":[{"start":{"line":88,"column":6},"end":{"line":88,"column":35}},{"start":{"line":89,"column":6},"end":{"line":93,"column":56}}]},"3":{"loc":{"start":{"line":89,"column":6},"end":{"line":93,"column":56}},"type":"cond-expr","locations":[{"start":{"line":90,"column":8},"end":{"line":90,"column":37}},{"start":{"line":91,"column":8},"end":{"line":93,"column":56}}]},"4":{"loc":{"start":{"line":91,"column":8},"end":{"line":93,"column":56}},"type":"cond-expr","locations":[{"start":{"line":92,"column":10},"end":{"line":92,"column":39}},{"start":{"line":93,"column":10},"end":{"line":93,"column":56}}]},"5":{"loc":{"start":{"line":95,"column":26},"end":{"line":95,"column":80}},"type":"cond-expr","locations":[{"start":{"line":95,"column":53},"end":{"line":95,"column":55}},{"start":{"line":95,"column":58},"end":{"line":95,"column":80}}]},"6":{"loc":{"start":{"line":103,"column":6},"end":{"line":103,"column":44}},"type":"default-arg","locations":[{"start":{"line":103,"column":16},"end":{"line":103,"column":44}}]},"7":{"loc":{"start":{"line":104,"column":6},"end":{"line":104,"column":30}},"type":"default-arg","locations":[{"start":{"line":104,"column":13},"end":{"line":104,"column":30}}]},"8":{"loc":{"start":{"line":105,"column":6},"end":{"line":105,"column":19}},"type":"default-arg","locations":[{"start":{"line":105,"column":14},"end":{"line":105,"column":19}}]},"9":{"loc":{"start":{"line":107,"column":6},"end":{"line":107,"column":44}},"type":"default-arg","locations":[{"start":{"line":107,"column":21},"end":{"line":107,"column":44}}]},"10":{"loc":{"start":{"line":108,"column":6},"end":{"line":108,"column":22}},"type":"default-arg","locations":[{"start":{"line":108,"column":17},"end":{"line":108,"column":22}}]},"11":{"loc":{"start":{"line":116,"column":20},"end":{"line":116,"column":82}},"type":"binary-expr","locations":[{"start":{"line":116,"column":20},"end":{"line":116,"column":42}},{"start":{"line":116,"column":46},"end":{"line":116,"column":63}},{"start":{"line":116,"column":67},"end":{"line":116,"column":82}}]},"12":{"loc":{"start":{"line":125,"column":9},"end":{"line":126,"column":null}},"type":"binary-expr","locations":[{"start":{"line":125,"column":9},"end":{"line":125,"column":16}},{"start":{"line":125,"column":20},"end":{"line":125,"column":60}},{"start":{"line":126,"column":10},"end":{"line":126,"column":80}}]},"13":{"loc":{"start":{"line":126,"column":54},"end":{"line":126,"column":75}},"type":"cond-expr","locations":[{"start":{"line":126,"column":64},"end":{"line":126,"column":70}},{"start":{"line":126,"column":73},"end":{"line":126,"column":75}}]},"14":{"loc":{"start":{"line":128,"column":28},"end":{"line":128,"column":52}},"type":"cond-expr","locations":[{"start":{"line":128,"column":38},"end":{"line":128,"column":40}},{"start":{"line":128,"column":43},"end":{"line":128,"column":52}}]},"15":{"loc":{"start":{"line":129,"column":9},"end":{"line":130,"column":null}},"type":"binary-expr","locations":[{"start":{"line":129,"column":9},"end":{"line":129,"column":16}},{"start":{"line":129,"column":20},"end":{"line":129,"column":61}},{"start":{"line":130,"column":10},"end":{"line":130,"column":80}}]},"16":{"loc":{"start":{"line":130,"column":54},"end":{"line":130,"column":75}},"type":"cond-expr","locations":[{"start":{"line":130,"column":64},"end":{"line":130,"column":70}},{"start":{"line":130,"column":73},"end":{"line":130,"column":75}}]}},"s":{"0":1,"1":1,"2":1,"3":1,"4":1,"5":1,"6":5,"7":5,"8":5,"9":5,"10":5,"11":1,"12":5,"13":5,"14":5},"f":{"0":5,"1":5},"b":{"0":[0,5],"1":[5,4],"2":[1,4],"3":[1,3],"4":[0,3],"5":[0,5],"6":[4],"7":[5],"8":[5],"9":[5],"10":[4],"11":[5,2,2],"12":[5,0,0],"13":[0,0],"14":[2,3],"15":[5,0,0],"16":[0,0]}}
,"E:\\COURSE PRACTICES\\DeepOrion\\deep_resources\\src\\components\\Button\\GroupIconButton\\index.tsx": {"path":"E:\\COURSE PRACTICES\\DeepOrion\\deep_resources\\src\\components\\Button\\GroupIconButton\\index.tsx","statementMap":{"0":{"start":{"line":1,"column":0},"end":{"line":1,"column":51}},"1":{"start":{"line":2,"column":0},"end":{"line":2,"column":61}},"2":{"start":{"line":3,"column":0},"end":{"line":3,"column":42}},"3":{"start":{"line":4,"column":0},"end":{"line":4,"column":29}},"4":{"start":{"line":6,"column":26},"end":{"line":18,"column":null}},"5":{"start":{"line":29,"column":13},"end":{"line":44,"column":2}},"6":{"start":{"line":34,"column":4},"end":{"line":42,"column":6}}},"fnMap":{"0":{"name":"(anonymous_0)","decl":{"start":{"line":30,"column":2},"end":{"line":30,"column":null}},"loc":{"start":{"line":33,"column":6},"end":{"line":43,"column":3}}}},"branchMap":{"0":{"loc":{"start":{"line":31,"column":36},"end":{"line":31,"column":67}},"type":"default-arg","locations":[{"start":{"line":31,"column":48},"end":{"line":31,"column":67}}]}},"s":{"0":1,"1":1,"2":1,"3":1,"4":1,"5":1,"6":6},"f":{"0":6},"b":{"0":[4]}}
,"E:\\COURSE PRACTICES\\DeepOrion\\deep_resources\\src\\components\\Button\\SingleIconButton\\index.tsx": {"path":"E:\\COURSE PRACTICES\\DeepOrion\\deep_resources\\src\\components\\Button\\SingleIconButton\\index.tsx","statementMap":{"0":{"start":{"line":1,"column":0},"end":{"line":1,"column":51}},"1":{"start":{"line":2,"column":0},"end":{"line":2,"column":61}},"2":{"start":{"line":3,"column":0},"end":{"line":3,"column":42}},"3":{"start":{"line":4,"column":0},"end":{"line":4,"column":29}},"4":{"start":{"line":6,"column":25},"end":{"line":18,"column":null}},"5":{"start":{"line":31,"column":13},"end":{"line":65,"column":2}},"6":{"start":{"line":44,"column":4},"end":{"line":63,"column":6}}},"fnMap":{"0":{"name":"(anonymous_0)","decl":{"start":{"line":32,"column":2},"end":{"line":32,"column":null}},"loc":{"start":{"line":43,"column":6},"end":{"line":64,"column":3}}}},"branchMap":{"0":{"loc":{"start":{"line":39,"column":6},"end":{"line":39,"column":37}},"type":"default-arg","locations":[{"start":{"line":39,"column":18},"end":{"line":39,"column":37}}]},"1":{"loc":{"start":{"line":54,"column":9},"end":{"line":58,"column":null}},"type":"binary-expr","locations":[{"start":{"line":54,"column":9},"end":{"line":54,"column":16}},{"start":{"line":55,"column":10},"end":{"line":57,"column":null}}]}},"s":{"0":1,"1":1,"2":1,"3":1,"4":1,"5":1,"6":3},"f":{"0":3},"b":{"0":[3],"1":[3,1]}}
,"E:\\COURSE PRACTICES\\DeepOrion\\deep_resources\\src\\utils\\index.tsx": {"path":"E:\\COURSE PRACTICES\\DeepOrion\\deep_resources\\src\\utils\\index.tsx","statementMap":{"0":{"start":{"line":1,"column":0},"end":{"line":1,"column":40}},"1":{"start":{"line":2,"column":0},"end":{"line":2,"column":41}},"2":{"start":{"line":4,"column":18},"end":{"line":4,"column":70}},"3":{"start":{"line":4,"column":48},"end":{"line":4,"column":70}},"4":{"start":{"line":4,"column":13},"end":{"line":4,"column":18}}},"fnMap":{"0":{"name":"(anonymous_1)","decl":{"start":{"line":4,"column":18},"end":{"line":4,"column":19}},"loc":{"start":{"line":4,"column":48},"end":{"line":4,"column":70}}}},"branchMap":{},"s":{"0":3,"1":3,"2":3,"3":19,"4":3},"f":{"0":19},"b":{}}
}
