TN:
SF:src\components\Button\type.tsx
FN:1,(anonymous_0)
FN:7,(anonymous_1)
FN:12,(anonymous_2)
FN:18,(anonymous_3)
FN:23,(anonymous_4)
FN:29,(anonymous_5)
FN:34,(anonymous_6)
FN:39,(anonymous_7)
FNF:8
FNH:8
FNDA:3,(anonymous_0)
FNDA:3,(anonymous_1)
FNDA:3,(anonymous_2)
FNDA:3,(anonymous_3)
FNDA:3,(anonymous_4)
FNDA:3,(anonymous_5)
FNDA:3,(anonymous_6)
FNDA:3,(anonymous_7)
DA:1,3
DA:2,3
DA:3,3
DA:4,3
DA:7,3
DA:8,3
DA:9,3
DA:12,3
DA:13,3
DA:14,3
DA:15,3
DA:18,3
DA:19,3
DA:20,3
DA:23,3
DA:24,3
DA:25,3
DA:26,3
DA:29,3
DA:30,3
DA:31,3
DA:34,3
DA:35,3
DA:36,3
DA:39,3
DA:40,3
LF:26
LH:26
BRDA:1,0,0,3
BRDA:1,0,1,3
BRDA:7,1,0,3
BRDA:7,1,1,3
BRDA:12,2,0,3
BRDA:12,2,1,3
BRDA:18,3,0,3
BRDA:18,3,1,3
BRDA:23,4,0,3
BRDA:23,4,1,3
BRDA:29,5,0,3
BRDA:29,5,1,3
BRDA:34,6,0,3
BRDA:34,6,1,3
BRDA:39,7,0,3
BRDA:39,7,1,3
BRF:16
BRH:16
end_of_record
TN:
SF:src\components\Button\DefaultButton\index.tsx
FN:65,(anonymous_0)
FN:101,(anonymous_1)
FNF:2
FNH:2
FNDA:5,(anonymous_0)
FNDA:5,(anonymous_1)
DA:1,1
DA:2,1
DA:3,1
DA:4,1
DA:6,1
DA:65,1
DA:79,5
DA:85,5
DA:87,5
DA:95,5
DA:97,5
DA:100,1
DA:115,5
DA:116,5
DA:118,5
LF:15
LH:15
BRDA:79,0,0,0
BRDA:79,0,1,5
BRDA:79,1,0,5
BRDA:79,1,1,4
BRDA:87,2,0,1
BRDA:87,2,1,4
BRDA:89,3,0,1
BRDA:89,3,1,3
BRDA:91,4,0,0
BRDA:91,4,1,3
BRDA:95,5,0,0
BRDA:95,5,1,5
BRDA:103,6,0,4
BRDA:104,7,0,5
BRDA:105,8,0,5
BRDA:107,9,0,5
BRDA:108,10,0,4
BRDA:116,11,0,5
BRDA:116,11,1,2
BRDA:116,11,2,2
BRDA:125,12,0,5
BRDA:125,12,1,0
BRDA:125,12,2,0
BRDA:126,13,0,0
BRDA:126,13,1,0
BRDA:128,14,0,2
BRDA:128,14,1,3
BRDA:129,15,0,5
BRDA:129,15,1,0
BRDA:129,15,2,0
BRDA:130,16,0,0
BRDA:130,16,1,0
BRF:32
BRH:21
end_of_record
TN:
SF:src\components\Button\GroupIconButton\index.tsx
FN:30,(anonymous_0)
FNF:1
FNH:1
FNDA:6,(anonymous_0)
DA:1,1
DA:2,1
DA:3,1
DA:4,1
DA:6,1
DA:29,1
DA:34,6
LF:7
LH:7
BRDA:31,0,0,4
BRF:1
BRH:1
end_of_record
TN:
SF:src\components\Button\SingleIconButton\index.tsx
FN:32,(anonymous_0)
FNF:1
FNH:1
FNDA:3,(anonymous_0)
DA:1,1
DA:2,1
DA:3,1
DA:4,1
DA:6,1
DA:31,1
DA:44,3
LF:7
LH:7
BRDA:39,0,0,3
BRDA:54,1,0,3
BRDA:54,1,1,1
BRF:3
BRH:3
end_of_record
TN:
SF:src\utils\index.tsx
FN:4,(anonymous_1)
FNF:1
FNH:1
FNDA:19,(anonymous_1)
DA:1,3
DA:2,3
DA:4,19
LF:3
LH:3
BRF:0
BRH:0
end_of_record
