TN:
SF:src\components\index.tsx
FNF:0
FNH:0
DA:2,5
DA:3,5
DA:4,5
DA:5,5
DA:6,5
DA:7,5
DA:8,5
DA:9,5
DA:10,5
DA:11,5
DA:12,5
DA:13,5
DA:14,5
DA:15,5
DA:16,5
DA:17,5
DA:18,5
DA:21,5
DA:22,5
DA:23,5
DA:24,5
DA:25,5
DA:26,5
DA:27,5
DA:28,5
DA:29,5
DA:30,5
DA:31,5
LF:28
LH:28
BRF:0
BRH:0
end_of_record
TN:
SF:src\components\translations.tsx
FN:1,(anonymous_0)
FNF:1
FNH:1
FNDA:12,(anonymous_0)
DA:1,12
DA:2,12
DA:3,12
DA:4,12
DA:5,12
DA:6,12
DA:7,12
DA:8,12
LF:8
LH:8
BRDA:1,0,0,12
BRDA:1,0,1,12
BRF:2
BRH:2
end_of_record
TN:
SF:src\components\Accordion\AccordionBody.tsx
FN:5,(anonymous_1)
FNF:1
FNH:1
FNDA:1,(anonymous_1)
DA:1,1
DA:2,1
DA:3,1
DA:5,1
DA:6,1
LF:5
LH:5
BRF:0
BRH:0
end_of_record
TN:
SF:src\components\Accordion\AccordionTypes.tsx
FN:2,(anonymous_0)
FN:9,(anonymous_1)
FN:16,(anonymous_2)
FNF:3
FNH:3
FNDA:3,(anonymous_0)
FNDA:3,(anonymous_1)
FNDA:3,(anonymous_2)
DA:2,3
DA:3,3
DA:4,3
DA:5,3
DA:9,3
DA:10,3
DA:11,3
DA:12,3
DA:16,3
DA:17,3
DA:20,3
LF:11
LH:11
BRDA:2,0,0,3
BRDA:2,0,1,3
BRDA:9,1,0,3
BRDA:9,1,1,3
BRDA:16,2,0,3
BRDA:16,2,1,3
BRF:6
BRH:6
end_of_record
TN:
SF:src\components\Accordion\index.tsx
FN:38,(anonymous_0)
FN:54,(anonymous_1)
FNF:2
FNH:2
FNDA:4,(anonymous_0)
FNDA:1,(anonymous_1)
DA:1,2
DA:2,2
DA:3,2
DA:4,2
DA:6,2
DA:37,2
DA:52,4
DA:54,4
DA:56,4
DA:98,2
LF:10
LH:10
BRDA:40,0,0,4
BRDA:77,1,0,4
BRDA:77,1,1,1
BRDA:84,2,0,4
BRDA:84,2,1,1
BRDA:87,3,0,1
BRDA:87,3,1,0
BRF:7
BRH:6
end_of_record
TN:
SF:src\components\Accordion\CoustmaizeAccordion\index.tsx
FN:49,(anonymous_0)
FN:55,(anonymous_1)
FN:78,(anonymous_2)
FNF:3
FNH:3
FNDA:4,(anonymous_0)
FNDA:1,(anonymous_1)
FNDA:2,(anonymous_2)
DA:1,1
DA:2,1
DA:3,1
DA:4,1
DA:6,1
DA:45,1
DA:53,4
DA:55,4
DA:57,4
DA:79,2
DA:89,1
LF:11
LH:11
BRDA:67,0,0,4
BRDA:67,0,1,1
BRDA:75,1,0,4
BRDA:75,1,1,1
BRF:4
BRH:4
end_of_record
TN:
SF:src\components\Accordion\Icon\Icon.tsx
FN:3,(anonymous_0)
FN:21,(anonymous_1)
FN:40,(anonymous_2)
FN:58,(anonymous_3)
FNF:4
FNH:4
FNDA:2,(anonymous_0)
FNDA:2,(anonymous_1)
FNDA:1,(anonymous_2)
FNDA:1,(anonymous_3)
DA:3,2
DA:4,2
DA:21,2
DA:22,2
DA:40,2
DA:41,1
DA:58,2
DA:59,1
LF:8
LH:8
BRF:0
BRH:0
end_of_record
TN:
SF:src\components\Avatar\Basic\index.tsx
FN:24,(anonymous_0)
FN:28,(anonymous_1)
FN:36,(anonymous_2)
FN:40,(anonymous_3)
FN:60,(anonymous_4)
FNF:5
FNH:5
FNDA:4,(anonymous_0)
FNDA:8,(anonymous_1)
FNDA:4,(anonymous_2)
FNDA:28,(anonymous_3)
FNDA:5,(anonymous_4)
DA:1,5
DA:2,5
DA:3,5
DA:5,5
DA:6,5
DA:8,5
DA:24,5
DA:25,4
DA:28,8
DA:33,4
DA:36,5
DA:37,4
DA:40,28
DA:41,4
DA:46,4
DA:59,5
DA:72,5
DA:99,5
LF:18
LH:18
BRDA:25,0,0,4
BRDA:25,0,1,0
BRDA:64,1,0,5
BRDA:65,2,0,5
BRDA:66,3,0,5
BRDA:67,4,0,2
BRDA:74,5,0,1
BRDA:74,5,1,4
BRDA:86,6,0,4
BRDA:86,6,1,4
BRF:10
BRH:9
end_of_record
TN:
SF:src\components\BreadCrumb\index.tsx
FN:24,(anonymous_0)
FN:28,(anonymous_1)
FN:32,(anonymous_2)
FN:36,(anonymous_3)
FN:40,(anonymous_4)
FN:74,(anonymous_5)
FNF:6
FNH:0
FNDA:0,(anonymous_0)
FNDA:0,(anonymous_1)
FNDA:0,(anonymous_2)
FNDA:0,(anonymous_3)
FNDA:0,(anonymous_4)
FNDA:0,(anonymous_5)
DA:1,5
DA:2,5
DA:3,5
DA:4,5
DA:6,5
DA:23,5
DA:25,0
DA:26,0
DA:28,0
DA:29,0
DA:32,0
DA:33,0
DA:36,0
DA:37,0
DA:40,0
DA:58,0
DA:74,0
LF:17
LH:6
BRDA:24,0,0,0
BRDA:42,1,0,0
BRDA:42,1,1,0
BRDA:48,2,0,0
BRDA:48,2,1,0
BRDA:52,3,0,0
BRDA:52,3,1,0
BRDA:53,4,0,0
BRDA:53,4,1,0
BRDA:64,5,0,0
BRDA:64,5,1,0
BRDA:64,6,0,0
BRDA:64,6,1,0
BRF:13
BRH:0
end_of_record
TN:
SF:src\components\Button\type.tsx
FN:1,(anonymous_0)
FN:7,(anonymous_1)
FN:12,(anonymous_2)
FN:18,(anonymous_3)
FN:23,(anonymous_4)
FN:29,(anonymous_5)
FN:34,(anonymous_6)
FN:39,(anonymous_7)
FNF:8
FNH:8
FNDA:8,(anonymous_0)
FNDA:8,(anonymous_1)
FNDA:8,(anonymous_2)
FNDA:8,(anonymous_3)
FNDA:8,(anonymous_4)
FNDA:8,(anonymous_5)
FNDA:8,(anonymous_6)
FNDA:8,(anonymous_7)
DA:1,8
DA:2,8
DA:3,8
DA:4,8
DA:7,8
DA:8,8
DA:9,8
DA:12,8
DA:13,8
DA:14,8
DA:15,8
DA:18,8
DA:19,8
DA:20,8
DA:23,8
DA:24,8
DA:25,8
DA:26,8
DA:29,8
DA:30,8
DA:31,8
DA:34,8
DA:35,8
DA:36,8
DA:39,8
DA:40,8
LF:26
LH:26
BRDA:1,0,0,8
BRDA:1,0,1,8
BRDA:7,1,0,8
BRDA:7,1,1,8
BRDA:12,2,0,8
BRDA:12,2,1,8
BRDA:18,3,0,8
BRDA:18,3,1,8
BRDA:23,4,0,8
BRDA:23,4,1,8
BRDA:29,5,0,8
BRDA:29,5,1,8
BRDA:34,6,0,8
BRDA:34,6,1,8
BRDA:39,7,0,8
BRDA:39,7,1,8
BRF:16
BRH:16
end_of_record
TN:
SF:src\components\Button\ButtonImage\icon.tsx
FN:2,(anonymous_0)
FN:12,(anonymous_1)
FNF:2
FNH:0
FNDA:0,(anonymous_0)
FNDA:0,(anonymous_1)
DA:2,5
DA:3,0
DA:12,5
DA:13,0
LF:4
LH:2
BRF:0
BRH:0
end_of_record
TN:
SF:src\components\Button\DefaultButton\index.tsx
FN:65,(anonymous_0)
FN:101,(anonymous_1)
FNF:2
FNH:2
FNDA:5,(anonymous_0)
FNDA:5,(anonymous_1)
DA:1,6
DA:2,6
DA:3,6
DA:4,6
DA:6,6
DA:65,6
DA:79,5
DA:85,5
DA:87,5
DA:95,5
DA:97,5
DA:100,6
DA:115,5
DA:116,5
DA:118,5
LF:15
LH:15
BRDA:79,0,0,0
BRDA:79,0,1,5
BRDA:79,1,0,5
BRDA:79,1,1,4
BRDA:87,2,0,1
BRDA:87,2,1,4
BRDA:89,3,0,1
BRDA:89,3,1,3
BRDA:91,4,0,0
BRDA:91,4,1,3
BRDA:95,5,0,0
BRDA:95,5,1,5
BRDA:103,6,0,4
BRDA:104,7,0,5
BRDA:105,8,0,5
BRDA:107,9,0,5
BRDA:108,10,0,4
BRDA:116,11,0,5
BRDA:116,11,1,2
BRDA:116,11,2,2
BRDA:125,12,0,5
BRDA:125,12,1,0
BRDA:125,12,2,0
BRDA:126,13,0,0
BRDA:126,13,1,0
BRDA:128,14,0,2
BRDA:128,14,1,3
BRDA:129,15,0,5
BRDA:129,15,1,0
BRDA:129,15,2,0
BRDA:130,16,0,0
BRDA:130,16,1,0
BRF:32
BRH:21
end_of_record
TN:
SF:src\components\Button\GroupIconButton\index.tsx
FN:30,(anonymous_0)
FNF:1
FNH:1
FNDA:22,(anonymous_0)
DA:1,6
DA:2,6
DA:3,6
DA:4,6
DA:6,6
DA:29,6
DA:34,22
LF:7
LH:7
BRDA:31,0,0,4
BRF:1
BRH:1
end_of_record
TN:
SF:src\components\Button\SingleIconButton\index.tsx
FN:32,(anonymous_0)
FNF:1
FNH:1
FNDA:43,(anonymous_0)
DA:1,6
DA:2,6
DA:3,6
DA:4,6
DA:6,6
DA:31,6
DA:44,43
LF:7
LH:7
BRDA:39,0,0,18
BRDA:54,1,0,43
BRDA:54,1,1,1
BRF:3
BRH:3
end_of_record
TN:
SF:src\components\Calendar\type.tsx
FN:1,(anonymous_0)
FNF:1
FNH:1
FNDA:5,(anonymous_0)
DA:1,5
DA:2,5
DA:3,5
DA:4,5
DA:5,5
DA:6,5
DA:7,5
DA:8,5
DA:9,5
DA:10,5
DA:11,5
DA:12,5
DA:13,5
LF:13
LH:13
BRDA:1,0,0,5
BRDA:1,0,1,5
BRF:2
BRH:2
end_of_record
TN:
SF:src\components\Calendar\RangeCalendar\index.tsx
FN:39,(anonymous_0)
FN:50,(anonymous_1)
FN:56,(anonymous_2)
FN:65,(anonymous_3)
FN:74,(anonymous_4)
FN:91,(anonymous_5)
FN:94,(anonymous_6)
FN:117,(anonymous_7)
FN:127,(anonymous_8)
FN:143,(anonymous_9)
FNF:10
FNH:0
FNDA:0,(anonymous_0)
FNDA:0,(anonymous_1)
FNDA:0,(anonymous_2)
FNDA:0,(anonymous_3)
FNDA:0,(anonymous_4)
FNDA:0,(anonymous_5)
FNDA:0,(anonymous_6)
FNDA:0,(anonymous_7)
FNDA:0,(anonymous_8)
FNDA:0,(anonymous_9)
DA:1,5
DA:2,5
DA:3,5
DA:4,5
DA:5,5
DA:6,5
DA:8,5
DA:38,5
DA:40,0
DA:50,5
DA:51,0
DA:52,0
DA:53,0
DA:54,0
DA:56,0
DA:57,0
DA:58,0
DA:59,0
DA:61,0
DA:65,0
DA:66,0
DA:67,0
DA:68,0
DA:70,0
DA:74,0
DA:75,0
DA:77,0
DA:78,0
DA:79,0
DA:80,0
DA:81,0
DA:82,0
DA:83,0
DA:86,0
DA:87,0
DA:91,0
DA:94,0
DA:95,0
DA:96,0
DA:97,0
DA:99,0
DA:100,0
DA:105,0
DA:106,0
DA:107,0
DA:109,0
DA:117,0
DA:124,0
DA:127,0
DA:128,0
DA:129,0
DA:130,0
DA:133,0
DA:144,0
DA:154,5
LF:55
LH:10
BRDA:57,0,0,0
BRDA:57,0,1,0
BRDA:66,1,0,0
BRDA:66,1,1,0
BRDA:77,2,0,0
BRDA:77,2,1,0
BRDA:77,3,0,0
BRDA:77,3,1,0
BRDA:77,3,2,0
BRDA:80,4,0,0
BRDA:80,4,1,0
BRDA:82,5,0,0
BRDA:107,6,0,0
BRDA:107,6,1,0
BRDA:107,6,2,0
BRDA:107,6,3,0
BRDA:107,6,4,0
BRDA:107,6,5,0
BRDA:128,7,0,0
BRDA:128,8,0,0
BRDA:128,8,1,0
BRDA:130,9,0,0
BRDA:130,9,1,0
BRF:23
BRH:0
end_of_record
TN:
SF:src\components\Calendar\SelectedDateCalendar\index.tsx
FN:39,(anonymous_0)
FN:50,(anonymous_1)
FN:55,(anonymous_2)
FN:63,(anonymous_3)
FN:72,(anonymous_4)
FN:81,(anonymous_5)
FN:92,(anonymous_6)
FN:130,(anonymous_7)
FN:146,(anonymous_8)
FN:157,isSameDay
FN:178,(anonymous_10)
FNF:11
FNH:0
FNDA:0,(anonymous_0)
FNDA:0,(anonymous_1)
FNDA:0,(anonymous_2)
FNDA:0,(anonymous_3)
FNDA:0,(anonymous_4)
FNDA:0,(anonymous_5)
FNDA:0,(anonymous_6)
FNDA:0,(anonymous_7)
FNDA:0,(anonymous_8)
FNDA:0,isSameDay
FNDA:0,(anonymous_10)
DA:1,5
DA:2,5
DA:3,5
DA:4,5
DA:5,5
DA:6,5
DA:8,5
DA:38,5
DA:40,0
DA:50,5
DA:51,0
DA:52,0
DA:53,0
DA:55,0
DA:56,0
DA:57,0
DA:58,0
DA:59,0
DA:63,0
DA:64,0
DA:65,0
DA:66,0
DA:68,0
DA:72,0
DA:73,0
DA:74,0
DA:75,0
DA:77,0
DA:81,0
DA:82,0
DA:83,0
DA:84,0
DA:85,0
DA:89,0
DA:90,0
DA:92,0
DA:93,0
DA:94,0
DA:95,0
DA:96,0
DA:97,0
DA:99,0
DA:100,0
DA:103,0
DA:105,0
DA:106,0
DA:107,0
DA:108,0
DA:109,0
DA:110,0
DA:111,0
DA:112,0
DA:114,0
DA:115,0
DA:118,0
DA:119,0
DA:121,0
DA:130,0
DA:137,0
DA:138,0
DA:139,0
DA:140,0
DA:141,0
DA:146,0
DA:154,0
DA:158,0
DA:159,0
DA:161,0
DA:168,0
DA:179,0
DA:189,5
LF:71
LH:10
BRDA:53,0,0,0
BRDA:53,0,1,0
BRDA:58,1,0,0
BRDA:64,2,0,0
BRDA:64,2,1,0
BRDA:73,3,0,0
BRDA:73,3,1,0
BRDA:84,4,0,0
BRDA:105,5,0,0
BRDA:105,5,1,0
BRDA:109,6,0,0
BRDA:109,6,1,0
BRDA:119,7,0,0
BRDA:119,7,1,0
BRDA:137,8,0,0
BRDA:158,9,0,0
BRDA:158,10,0,0
BRDA:158,10,1,0
BRDA:162,11,0,0
BRDA:162,11,1,0
BRDA:162,11,2,0
BRF:21
BRH:0
end_of_record
TN:
SF:src\components\Cards\Banners\index.tsx
FN:33,(anonymous_0)
FNF:1
FNH:0
FNDA:0,(anonymous_0)
DA:1,5
DA:2,5
DA:3,5
DA:4,5
DA:5,5
DA:6,5
DA:32,5
DA:50,0
DA:84,5
LF:9
LH:8
BRDA:68,0,0,0
BRDA:68,0,1,0
BRF:2
BRH:0
end_of_record
TN:
SF:src\components\Cards\ProductCards\index.tsx
FN:49,(anonymous_0)
FN:92,(anonymous_1)
FN:114,(anonymous_2)
FN:129,(anonymous_3)
FN:135,(anonymous_4)
FNF:5
FNH:0
FNDA:0,(anonymous_0)
FNDA:0,(anonymous_1)
FNDA:0,(anonymous_2)
FNDA:0,(anonymous_3)
FNDA:0,(anonymous_4)
DA:1,5
DA:2,5
DA:3,5
DA:4,5
DA:6,5
DA:48,5
DA:68,0
DA:69,0
DA:71,0
DA:93,0
DA:115,0
DA:130,0
DA:135,0
DA:146,5
LF:14
LH:7
BRDA:55,0,0,0
BRDA:79,1,0,0
BRDA:79,1,1,0
BRDA:84,2,0,0
BRDA:84,2,1,0
BRDA:89,3,0,0
BRDA:89,3,1,0
BRDA:91,4,0,0
BRDA:91,4,1,0
BRDA:107,5,0,0
BRDA:107,5,1,0
BRF:11
BRH:0
end_of_record
TN:
SF:src\components\Cards\ReviewCard\index.tsx
FN:43,(anonymous_1)
FN:85,(anonymous_2)
FNF:2
FNH:0
FNDA:0,(anonymous_1)
FNDA:0,(anonymous_2)
DA:1,5
DA:2,5
DA:3,5
DA:4,5
DA:5,5
DA:6,5
DA:22,5
DA:23,5
DA:42,5
DA:62,0
DA:86,0
DA:118,5
LF:12
LH:10
BRDA:68,0,0,0
BRDA:68,0,1,0
BRDA:83,1,0,0
BRDA:83,1,1,0
BRDA:84,2,0,0
BRDA:84,2,1,0
BRDA:89,3,0,0
BRDA:89,3,1,0
BRDA:93,4,0,0
BRDA:93,4,1,0
BRDA:108,5,0,0
BRDA:108,5,1,0
BRF:12
BRH:0
end_of_record
TN:
SF:src\components\Checkbox\index.tsx
FN:43,(anonymous_0)
FN:64,(anonymous_1)
FN:70,(anonymous_2)
FNF:3
FNH:0
FNDA:0,(anonymous_0)
FNDA:0,(anonymous_1)
FNDA:0,(anonymous_2)
DA:1,5
DA:2,5
DA:3,5
DA:4,5
DA:6,5
DA:42,5
DA:62,0
DA:64,0
DA:65,0
DA:66,0
DA:70,0
DA:71,0
DA:72,0
DA:73,0
DA:74,0
DA:80,0
DA:123,0
DA:129,0
LF:18
LH:6
BRDA:52,0,0,0
BRDA:57,1,0,0
BRDA:62,2,0,0
BRDA:62,2,1,0
BRDA:65,3,0,0
BRDA:71,4,0,0
BRDA:73,5,0,0
BRDA:83,6,0,0
BRDA:83,6,1,0
BRDA:83,6,2,0
BRDA:84,7,0,0
BRDA:84,7,1,0
BRDA:84,7,2,0
BRDA:85,8,0,0
BRDA:85,8,1,0
BRDA:85,8,2,0
BRDA:86,9,0,0
BRDA:86,9,1,0
BRDA:86,9,2,0
BRDA:87,10,0,0
BRDA:87,10,1,0
BRDA:87,10,2,0
BRDA:88,11,0,0
BRDA:88,11,1,0
BRDA:88,11,2,0
BRDA:89,12,0,0
BRDA:89,12,1,0
BRDA:90,13,0,0
BRDA:90,13,1,0
BRDA:91,14,0,0
BRDA:91,14,1,0
BRDA:98,15,0,0
BRDA:98,15,1,0
BRDA:106,16,0,0
BRDA:106,16,1,0
BRDA:106,16,2,0
BRDA:108,17,0,0
BRDA:108,17,1,0
BRDA:111,18,0,0
BRDA:111,18,1,0
BRDA:111,18,2,0
BRDA:112,19,0,0
BRDA:112,19,1,0
BRDA:123,20,0,0
BRDA:123,20,1,0
BRDA:124,21,0,0
BRDA:124,21,1,0
BRDA:131,22,0,0
BRDA:131,22,1,0
BRDA:133,23,0,0
BRDA:133,23,1,0
BRF:51
BRH:0
end_of_record
TN:
SF:src\components\Elevation\index.tsx
FN:37,(anonymous_0)
FNF:1
FNH:0
FNDA:0,(anonymous_0)
DA:1,5
DA:2,5
DA:3,5
DA:4,5
DA:5,5
DA:6,5
DA:36,5
DA:39,0
DA:41,0
LF:9
LH:7
BRDA:37,0,0,0
BRDA:39,1,0,0
BRDA:39,1,1,0
BRF:3
BRH:0
end_of_record
TN:
SF:src\components\Elevation\type.tsx
FN:1,(anonymous_0)
FNF:1
FNH:1
FNDA:5,(anonymous_0)
DA:1,5
DA:2,5
DA:3,5
DA:4,5
DA:5,5
LF:5
LH:5
BRDA:1,0,0,5
BRDA:1,0,1,5
BRF:2
BRH:2
end_of_record
TN:
SF:src\components\Footer\index.tsx
FN:18,(anonymous_0)
FN:56,(anonymous_1)
FN:69,(anonymous_2)
FN:112,(anonymous_3)
FNF:4
FNH:1
FNDA:2,(anonymous_0)
FNDA:0,(anonymous_1)
FNDA:0,(anonymous_2)
FNDA:0,(anonymous_3)
DA:1,1
DA:2,1
DA:3,1
DA:4,1
DA:8,1
DA:17,1
DA:41,2
DA:57,0
DA:70,0
DA:113,0
LF:10
LH:7
BRDA:21,0,0,0
BRDA:24,1,0,2
BRDA:25,2,0,2
BRDA:26,3,0,2
BRDA:28,4,0,2
BRDA:29,5,0,2
BRDA:30,6,0,2
BRDA:31,7,0,2
BRDA:32,8,0,2
BRDA:33,9,0,2
BRDA:46,10,0,2
BRDA:46,10,1,2
BRDA:49,11,0,0
BRDA:49,11,1,2
BRDA:49,12,0,2
BRDA:49,12,1,0
BRDA:49,13,0,0
BRDA:49,13,1,2
BRDA:54,14,0,2
BRDA:54,14,1,0
BRDA:58,15,0,0
BRDA:58,15,1,0
BRDA:68,16,0,2
BRDA:68,16,1,0
BRDA:72,17,0,0
BRDA:72,17,1,0
BRDA:82,18,0,2
BRDA:82,18,1,0
BRDA:103,19,0,2
BRDA:103,19,1,0
BRDA:106,20,0,0
BRDA:106,20,1,0
BRDA:110,21,0,2
BRDA:110,21,1,0
BRF:34
BRH:19
end_of_record
TN:
SF:src\components\Header\type.tsx
FN:1,(anonymous_0)
FNF:1
FNH:1
FNDA:2,(anonymous_0)
DA:1,2
DA:2,2
DA:3,2
LF:3
LH:3
BRDA:1,0,0,2
BRDA:1,0,1,2
BRF:2
BRH:2
end_of_record
TN:
SF:src\components\Header\Anchor\index.tsx
FN:10,(anonymous_0)
FNF:1
FNH:1
FNDA:23,(anonymous_0)
DA:1,6
DA:2,6
DA:3,6
DA:5,6
DA:9,6
DA:11,23
LF:6
LH:6
BRF:0
BRH:0
end_of_record
TN:
SF:src\components\Header\AnchorItemList\index.tsx
FN:32,(anonymous_0)
FNF:1
FNH:1
FNDA:14,(anonymous_0)
DA:1,6
DA:2,6
DA:3,6
DA:5,6
DA:31,6
DA:33,14
LF:6
LH:6
BRF:0
BRH:0
end_of_record
TN:
SF:src\components\Header\ExpandedNavbar\index.tsx
FN:23,(anonymous_0)
FN:50,(anonymous_1)
FNF:2
FNH:2
FNDA:1,(anonymous_0)
FNDA:2,(anonymous_1)
DA:1,1
DA:2,1
DA:3,1
DA:4,1
DA:5,1
DA:8,1
DA:19,1
DA:34,1
DA:51,2
LF:9
LH:9
BRDA:26,0,0,1
BRDA:27,1,0,1
BRDA:28,2,0,1
BRDA:39,3,0,1
BRDA:39,3,1,0
BRF:5
BRH:4
end_of_record
TN:
SF:src\components\Header\Logo\index.tsx
FN:11,(anonymous_0)
FNF:1
FNH:1
FNDA:27,(anonymous_0)
DA:1,5
DA:2,5
DA:3,5
DA:4,5
DA:6,5
DA:10,5
DA:12,27
LF:7
LH:7
BRF:0
BRH:0
end_of_record
TN:
SF:src\components\Header\SideNavbar\index.tsx
FN:76,(anonymous_0)
FN:97,(anonymous_1)
FN:101,(anonymous_2)
FN:115,(anonymous_3)
FN:116,(anonymous_4)
FN:119,(anonymous_5)
FN:161,(anonymous_6)
FN:165,(anonymous_7)
FN:174,(anonymous_8)
FN:214,(anonymous_9)
FN:230,(anonymous_10)
FN:239,(anonymous_11)
FNF:12
FNH:7
FNDA:8,(anonymous_0)
FNDA:4,(anonymous_1)
FNDA:0,(anonymous_2)
FNDA:22,(anonymous_3)
FNDA:0,(anonymous_4)
FNDA:8,(anonymous_5)
FNDA:0,(anonymous_6)
FNDA:0,(anonymous_7)
FNDA:0,(anonymous_8)
FNDA:18,(anonymous_9)
FNDA:18,(anonymous_10)
FNDA:4,(anonymous_11)
DA:1,1
DA:2,1
DA:3,1
DA:5,1
DA:13,1
DA:14,1
DA:15,1
DA:16,1
DA:18,1
DA:41,1
DA:75,1
DA:93,8
DA:97,8
DA:98,4
DA:99,4
DA:100,0
DA:101,0
DA:103,0
DA:104,0
DA:106,4
DA:107,4
DA:108,0
DA:109,0
DA:111,0
DA:115,8
DA:116,22
DA:119,8
DA:120,8
DA:121,7
DA:130,1
DA:161,8
DA:162,0
DA:166,0
DA:174,0
DA:185,8
DA:215,18
DA:231,18
DA:239,4
LF:38
LH:28
BRDA:81,0,0,8
BRDA:82,1,0,8
BRDA:86,2,0,8
BRDA:87,3,0,6
BRDA:99,4,0,0
BRDA:106,5,0,4
BRDA:106,5,1,0
BRDA:108,6,0,0
BRDA:108,6,1,0
BRDA:108,7,0,0
BRDA:108,7,1,0
BRDA:120,8,0,7
BRDA:120,8,1,1
BRDA:133,9,0,0
BRDA:133,9,1,1
BRDA:142,10,0,0
BRDA:142,10,1,1
BRDA:164,11,0,0
BRDA:164,11,1,0
BRDA:176,12,0,0
BRDA:176,12,1,0
BRDA:176,12,2,0
BRDA:192,13,0,8
BRDA:192,13,1,1
BRDA:193,14,0,8
BRDA:193,14,1,0
BRDA:193,14,2,0
BRDA:198,15,0,1
BRDA:198,15,1,7
BRDA:201,16,0,1
BRDA:201,16,1,7
BRDA:202,17,0,0
BRDA:202,17,1,8
BRDA:211,18,0,1
BRDA:211,18,1,7
BRDA:213,19,0,8
BRDA:213,19,1,6
BRDA:218,20,0,0
BRDA:218,20,1,18
BRDA:227,21,0,1
BRDA:227,21,1,7
BRDA:229,22,0,8
BRDA:229,22,1,6
BRDA:241,23,0,18
BRDA:241,23,1,0
BRDA:241,23,2,0
BRF:46
BRH:27
end_of_record
TN:
SF:src\components\Header\TopNavbar\index.tsx
FN:42,(anonymous_1)
FN:63,(anonymous_2)
FN:74,(anonymous_3)
FN:105,(anonymous_4)
FN:109,(anonymous_5)
FN:142,(anonymous_6)
FNF:6
FNH:5
FNDA:15,(anonymous_1)
FNDA:3,(anonymous_2)
FNDA:2,(anonymous_3)
FNDA:21,(anonymous_4)
FNDA:3,(anonymous_5)
FNDA:0,(anonymous_6)
DA:1,1
DA:2,1
DA:3,1
DA:4,1
DA:13,1
DA:14,1
DA:15,1
DA:16,1
DA:21,1
DA:41,1
DA:59,15
DA:60,15
DA:61,15
DA:63,15
DA:68,3
DA:69,3
DA:70,3
DA:71,3
DA:74,15
DA:75,2
DA:77,15
DA:106,21
DA:109,3
DA:143,0
LF:24
LH:23
BRDA:47,0,0,15
BRDA:48,1,0,14
BRDA:50,2,0,15
BRDA:52,3,0,14
BRDA:53,4,0,14
BRDA:89,5,0,1
BRDA:89,5,1,14
BRDA:91,6,0,0
BRDA:91,6,1,15
BRDA:103,7,0,15
BRDA:103,7,1,11
BRDA:103,7,2,11
BRDA:116,8,0,15
BRDA:116,8,1,1
BRDA:126,9,0,15
BRDA:126,9,1,0
BRDA:128,10,0,0
BRDA:128,10,1,0
BRDA:164,11,0,15
BRDA:164,11,1,2
BRDA:164,11,2,2
BRDA:164,11,3,2
BRF:22
BRH:18
end_of_record
TN:
SF:src\components\Headings\index.tsx
FN:54,(anonymous_0)
FNF:1
FNH:0
FNDA:0,(anonymous_0)
DA:3,5
DA:4,5
DA:6,5
DA:54,5
DA:56,0
DA:58,0
LF:6
LH:4
BRDA:56,0,0,0
BRF:1
BRH:0
end_of_record
TN:
SF:src\components\Input\getStyles.ts
FN:46,getConditionalStyles
FNF:1
FNH:1
FNDA:1,getConditionalStyles
DA:1,5
DA:2,5
DA:4,5
DA:19,5
DA:32,5
DA:46,5
DA:52,1
DA:54,1
DA:55,0
DA:56,1
DA:57,0
DA:59,1
DA:61,1
DA:62,1
DA:64,1
DA:65,0
DA:68,1
DA:70,1
DA:71,1
DA:72,1
DA:74,0
DA:75,0
DA:76,0
DA:78,0
DA:79,0
DA:81,0
DA:83,1
LF:27
LH:18
BRDA:52,0,0,1
BRDA:52,0,1,0
BRDA:54,1,0,0
BRDA:54,1,1,1
BRDA:56,2,0,0
BRDA:56,2,1,1
BRDA:61,3,0,1
BRDA:61,4,0,1
BRDA:61,4,1,1
BRDA:64,5,0,0
BRDA:68,6,0,1
BRDA:68,6,1,0
BRDA:68,6,2,0
BRDA:68,6,3,0
BRF:14
BRH:7
end_of_record
TN:
SF:src\components\Input\index.tsx
FN:16,(anonymous_0)
FN:23,(anonymous_1)
FN:24,(anonymous_2)
FN:29,(anonymous_3)
FNF:4
FNH:2
FNDA:1,(anonymous_0)
FNDA:0,(anonymous_1)
FNDA:0,(anonymous_2)
FNDA:1,(anonymous_3)
DA:1,5
DA:2,5
DA:3,5
DA:15,5
DA:20,1
DA:21,1
DA:23,1
DA:24,0
DA:27,1
DA:29,1
DA:30,1
DA:32,1
DA:38,0
DA:47,0
DA:53,0
DA:57,1
DA:73,5
LF:17
LH:13
BRDA:17,0,0,0
BRDA:17,1,0,0
BRDA:21,2,0,0
BRDA:21,2,1,1
BRDA:30,3,0,1
BRDA:30,3,1,0
BRDA:30,3,2,0
BRDA:30,3,3,0
BRDA:43,4,0,0
BRDA:43,4,1,0
BRDA:61,5,0,0
BRDA:61,5,1,1
BRDA:61,6,0,1
BRDA:61,6,1,0
BRF:14
BRH:4
end_of_record
TN:
SF:src\components\Input\type.tsx
FN:1,(anonymous_0)
FN:18,(anonymous_1)
FN:38,(anonymous_2)
FNF:3
FNH:3
FNDA:5,(anonymous_0)
FNDA:5,(anonymous_1)
FNDA:5,(anonymous_2)
DA:1,5
DA:2,5
DA:3,5
DA:4,5
DA:5,5
DA:6,5
DA:7,5
DA:8,5
DA:9,5
DA:10,5
DA:11,5
DA:12,5
DA:13,5
DA:14,5
DA:15,5
DA:18,5
DA:19,5
DA:20,5
DA:21,5
DA:22,5
DA:23,5
DA:24,5
DA:25,5
DA:26,5
DA:27,5
DA:28,5
DA:29,5
DA:30,5
DA:31,5
DA:32,5
DA:33,5
DA:34,5
DA:35,5
DA:38,5
DA:39,5
DA:40,5
DA:41,5
LF:37
LH:37
BRDA:1,0,0,5
BRDA:1,0,1,5
BRDA:18,1,0,5
BRDA:18,1,1,5
BRDA:38,2,0,5
BRDA:38,2,1,5
BRF:6
BRH:6
end_of_record
TN:
SF:src\components\Input\Icons\SearchImage.tsx
FN:1,SearchImage
FNF:1
FNH:1
FNDA:2,SearchImage
DA:1,1
DA:2,2
LF:2
LH:2
BRF:0
BRH:0
end_of_record
TN:
SF:src\components\Layout\index.tsx
FNF:0
FNH:0
DA:1,5
DA:2,5
LF:2
LH:2
BRF:0
BRH:0
end_of_record
TN:
SF:src\components\Layout\Box\index.tsx
FN:5,(anonymous_0)
FNF:1
FNH:1
FNDA:207,(anonymous_0)
DA:1,5
DA:5,5
DA:6,207
LF:3
LH:3
BRF:0
BRH:0
end_of_record
TN:
SF:src\components\Layout\Stack\index.tsx
FN:7,(anonymous_0)
FNF:1
FNH:0
FNDA:0,(anonymous_0)
DA:1,5
DA:3,5
DA:7,5
DA:8,0
LF:4
LH:3
BRF:0
BRH:0
end_of_record
TN:
SF:src\components\Loader\CircularLoader\index.tsx
FN:20,(anonymous_0)
FNF:1
FNH:0
FNDA:0,(anonymous_0)
DA:1,5
DA:2,5
DA:3,5
DA:4,5
DA:5,5
DA:7,5
DA:19,5
DA:34,0
DA:56,5
DA:58,5
LF:10
LH:9
BRDA:23,0,0,0
BRDA:24,1,0,0
BRDA:25,2,0,0
BRDA:26,3,0,0
BRDA:27,4,0,0
BRDA:28,5,0,0
BRF:6
BRH:0
end_of_record
TN:
SF:src\components\Loader\LinearLoader\index.tsx
FN:20,(anonymous_0)
FNF:1
FNH:0
FNDA:0,(anonymous_0)
DA:1,5
DA:2,5
DA:3,5
DA:4,5
DA:5,5
DA:7,5
DA:19,5
DA:32,0
DA:64,5
DA:66,5
LF:10
LH:9
BRDA:23,0,0,0
BRDA:24,1,0,0
BRDA:25,2,0,0
BRDA:26,3,0,0
BRF:4
BRH:0
end_of_record
TN:
SF:src\components\LogImg\index.tsx
FN:14,(anonymous_0)
FNF:1
FNH:0
FNDA:0,(anonymous_0)
DA:1,5
DA:2,5
DA:3,5
DA:5,5
DA:13,5
DA:15,0
LF:6
LH:5
BRF:0
BRH:0
end_of_record
TN:
SF:src\components\Menu\index.tsx
FN:33,(anonymous_0)
FN:37,(anonymous_1)
FNF:2
FNH:0
FNDA:0,(anonymous_0)
FNDA:0,(anonymous_1)
DA:1,5
DA:2,5
DA:3,5
DA:4,5
DA:6,5
DA:32,5
DA:34,0
DA:35,0
DA:37,0
DA:38,0
DA:39,0
DA:42,0
LF:12
LH:6
BRDA:45,0,0,0
BRDA:45,0,1,0
BRDA:51,1,0,0
BRDA:51,1,1,0
BRF:4
BRH:0
end_of_record
TN:
SF:src\components\MenuItem\MenuitemTypes.tsx
FN:2,(anonymous_0)
FN:12,(anonymous_1)
FN:17,(anonymous_2)
FNF:3
FNH:3
FNDA:5,(anonymous_0)
FNDA:5,(anonymous_1)
FNDA:5,(anonymous_2)
DA:2,5
DA:3,5
DA:4,5
DA:5,5
DA:6,5
DA:7,5
DA:12,5
DA:13,5
DA:14,5
DA:17,5
DA:18,5
LF:11
LH:11
BRDA:2,0,0,5
BRDA:2,0,1,5
BRDA:12,1,0,5
BRDA:12,1,1,5
BRDA:17,2,0,5
BRDA:17,2,1,5
BRF:6
BRH:6
end_of_record
TN:
SF:src\components\MenuItem\index.tsx
FN:79,(anonymous_0)
FN:103,(anonymous_1)
FNF:2
FNH:2
FNDA:18,(anonymous_0)
FNDA:4,(anonymous_1)
DA:1,5
DA:2,5
DA:3,5
DA:5,5
DA:6,5
DA:7,5
DA:8,5
DA:10,5
DA:78,5
DA:100,18
DA:101,18
DA:103,18
DA:104,4
DA:105,4
DA:106,4
DA:107,0
DA:108,0
DA:110,0
DA:112,4
DA:113,0
DA:117,18
DA:125,18
LF:22
LH:18
BRDA:83,0,0,18
BRDA:86,1,0,18
BRDA:89,2,0,18
BRDA:90,3,0,18
BRDA:92,4,0,18
BRDA:93,5,0,18
BRDA:94,6,0,18
BRDA:105,7,0,4
BRDA:105,7,1,0
BRDA:107,8,0,0
BRDA:107,8,1,0
BRDA:107,9,0,0
BRDA:107,9,1,0
BRDA:112,10,0,0
BRDA:119,11,0,18
BRDA:119,11,1,0
BRDA:120,12,0,18
BRDA:120,12,1,0
BRDA:121,13,0,18
BRDA:121,13,1,0
BRDA:122,14,0,18
BRDA:122,14,1,0
BRDA:127,15,0,0
BRDA:127,15,1,18
BRDA:127,16,0,18
BRDA:127,16,1,0
BRDA:134,17,0,18
BRDA:134,17,1,0
BRDA:138,18,0,18
BRDA:138,18,1,0
BRDA:139,19,0,0
BRDA:139,19,1,0
BRDA:139,20,0,0
BRDA:139,20,1,0
BRDA:144,21,0,18
BRDA:144,21,1,0
BRDA:144,21,2,0
BRF:37
BRH:17
end_of_record
TN:
SF:src\components\MenuItem\Icon\icon.tsx
FN:8,(anonymous_0)
FN:27,(anonymous_1)
FN:45,(anonymous_2)
FN:63,(anonymous_3)
FN:83,(anonymous_4)
FN:101,(anonymous_5)
FN:120,(anonymous_6)
FN:139,(anonymous_7)
FNF:8
FNH:0
FNDA:0,(anonymous_0)
FNDA:0,(anonymous_1)
FNDA:0,(anonymous_2)
FNDA:0,(anonymous_3)
FNDA:0,(anonymous_4)
FNDA:0,(anonymous_5)
FNDA:0,(anonymous_6)
FNDA:0,(anonymous_7)
DA:8,5
DA:9,0
DA:27,5
DA:28,0
DA:45,5
DA:46,0
DA:63,5
DA:64,0
DA:83,5
DA:84,0
DA:101,5
DA:102,0
DA:120,5
DA:121,0
DA:139,5
DA:140,0
LF:16
LH:8
BRF:0
BRH:0
end_of_record
TN:
SF:src\components\PopupModal\index.tsx
FN:54,(anonymous_1)
FN:65,(anonymous_2)
FN:68,(anonymous_3)
FN:92,(anonymous_4)
FN:98,(anonymous_5)
FNF:5
FNH:0
FNDA:0,(anonymous_1)
FNDA:0,(anonymous_2)
FNDA:0,(anonymous_3)
FNDA:0,(anonymous_4)
FNDA:0,(anonymous_5)
DA:1,5
DA:2,5
DA:10,5
DA:11,5
DA:12,5
DA:14,5
DA:53,5
DA:64,0
DA:65,0
DA:66,0
DA:68,0
DA:69,0
DA:71,0
DA:92,0
DA:99,0
DA:100,0
LF:16
LH:7
BRDA:73,0,0,0
BRDA:73,0,1,0
BRDA:85,1,0,0
BRDA:85,1,1,0
BRDA:96,2,0,0
BRDA:96,2,1,0
BRDA:100,3,0,0
BRDA:100,3,1,0
BRDA:111,4,0,0
BRDA:111,4,1,0
BRDA:122,5,0,0
BRDA:122,5,1,0
BRF:12
BRH:0
end_of_record
TN:
SF:src\components\PopupModal\Icons\CloseIcon.tsx
FN:1,CloseIcon
FNF:1
FNH:0
FNDA:0,CloseIcon
DA:1,5
DA:2,0
LF:2
LH:1
BRF:0
BRH:0
end_of_record
TN:
SF:src\components\Skeleton\index.tsx
FN:48,(anonymous_0)
FN:57,(anonymous_1)
FN:70,(anonymous_2)
FN:83,(anonymous_3)
FN:100,(anonymous_4)
FNF:5
FNH:0
FNDA:0,(anonymous_0)
FNDA:0,(anonymous_1)
FNDA:0,(anonymous_2)
FNDA:0,(anonymous_3)
FNDA:0,(anonymous_4)
DA:2,5
DA:3,5
DA:4,5
DA:5,5
DA:9,5
DA:48,5
DA:49,0
DA:57,5
DA:58,0
DA:70,5
DA:71,0
DA:83,5
DA:84,0
DA:100,5
DA:101,0
LF:15
LH:10
BRF:0
BRH:0
end_of_record
TN:
SF:src\components\Text\index.tsx
FN:59,(anonymous_0)
FNF:1
FNH:1
FNDA:21,(anonymous_0)
DA:1,5
DA:6,5
DA:7,5
DA:9,5
DA:58,5
DA:73,21
DA:75,21
LF:7
LH:7
BRDA:73,0,0,21
BRDA:73,0,1,18
BRF:2
BRH:2
end_of_record
TN:
SF:src\components\Tooltip\index.tsx
FN:31,(anonymous_0)
FN:35,(anonymous_1)
FN:37,(anonymous_2)
FN:45,(anonymous_3)
FN:57,(anonymous_4)
FN:89,(anonymous_5)
FN:105,(anonymous_6)
FNF:7
FNH:0
FNDA:0,(anonymous_0)
FNDA:0,(anonymous_1)
FNDA:0,(anonymous_2)
FNDA:0,(anonymous_3)
FNDA:0,(anonymous_4)
FNDA:0,(anonymous_5)
FNDA:0,(anonymous_6)
DA:1,5
DA:2,5
DA:3,5
DA:5,5
DA:30,5
DA:32,0
DA:33,0
DA:35,0
DA:36,0
DA:37,0
DA:38,0
DA:40,0
DA:41,0
DA:45,0
DA:46,0
DA:47,0
DA:48,0
DA:49,0
DA:51,0
DA:52,0
DA:53,0
DA:57,0
DA:58,0
DA:61,0
DA:89,5
DA:90,0
DA:91,0
DA:93,0
DA:95,0
DA:97,0
DA:99,0
DA:101,0
DA:105,5
DA:106,0
DA:107,0
DA:109,0
DA:111,0
DA:113,0
DA:115,0
DA:117,0
DA:121,5
LF:41
LH:8
BRDA:31,0,0,0
BRDA:31,1,0,0
BRDA:36,2,0,0
BRDA:36,2,1,0
BRDA:40,3,0,0
BRDA:46,4,0,0
BRDA:46,4,1,0
BRDA:47,5,0,0
BRDA:52,6,0,0
BRDA:62,7,0,0
BRDA:62,7,1,0
BRDA:64,8,0,0
BRDA:64,8,1,0
BRDA:65,9,0,0
BRDA:65,9,1,0
BRDA:71,10,0,0
BRDA:71,10,1,0
BRDA:79,11,0,0
BRDA:79,11,1,0
BRDA:91,12,0,0
BRDA:91,12,1,0
BRDA:91,12,2,0
BRDA:91,12,3,0
BRDA:91,12,4,0
BRDA:107,13,0,0
BRDA:107,13,1,0
BRDA:107,13,2,0
BRDA:107,13,3,0
BRDA:107,13,4,0
BRF:29
BRH:0
end_of_record
TN:
SF:src\utils\index.tsx
FN:4,(anonymous_1)
FNF:1
FNH:1
FNDA:219,(anonymous_1)
DA:1,13
DA:2,13
DA:4,219
LF:3
LH:3
BRF:0
BRH:0
end_of_record
